Using pre-set license
Built from '2021.3/staging' branch; Version is '2021.3.9f1 (ad3870b89536) revision 11352176'; Using compiler version '192829333'; Build Type 'Release'
OS: 'Windows 11  (10.0.22621) 64bit Core' Language: 'en' Physical Memory: 8078 MB
BatchMode: 1, IsHumanControllingUs: 0, StartBugReporterOnCrash: 0, Is64bit: 1, IsPro: 1

COMMAND LINE ARGUMENTS:
C:\Program Files\Unity\Hub\Editor\2021.3.9f1\Editor\Unity.exe
-adb2
-batchMode
-noUpm
-name
AssetImportWorker9
-projectPath
C:/Users/wbwar/Documents/GitHub/Project-Dev_Team-2/Remember-to-Forget
-logFile
Logs/AssetImportWorker9.log
-srvPort
50259
Successfully changed project path to: C:/Users/wbwar/Documents/GitHub/Project-Dev_Team-2/Remember-to-Forget
C:/Users/wbwar/Documents/GitHub/Project-Dev_Team-2/Remember-to-Forget
[UnityMemory] Configuration Parameters - Can be set up in boot.config
    "memorysetup-bucket-allocator-granularity=16"
    "memorysetup-bucket-allocator-bucket-count=8"
    "memorysetup-bucket-allocator-block-size=33554432"
    "memorysetup-bucket-allocator-block-count=8"
    "memorysetup-main-allocator-block-size=16777216"
    "memorysetup-thread-allocator-block-size=16777216"
    "memorysetup-gfx-main-allocator-block-size=16777216"
    "memorysetup-gfx-thread-allocator-block-size=16777216"
    "memorysetup-cache-allocator-block-size=4194304"
    "memorysetup-typetree-allocator-block-size=2097152"
    "memorysetup-profiler-bucket-allocator-granularity=16"
    "memorysetup-profiler-bucket-allocator-bucket-count=8"
    "memorysetup-profiler-bucket-allocator-block-size=33554432"
    "memorysetup-profiler-bucket-allocator-block-count=8"
    "memorysetup-profiler-allocator-block-size=16777216"
    "memorysetup-profiler-editor-allocator-block-size=1048576"
    "memorysetup-temp-allocator-size-main=16777216"
    "memorysetup-job-temp-allocator-block-size=2097152"
    "memorysetup-job-temp-allocator-block-size-background=1048576"
    "memorysetup-job-temp-allocator-reduction-small-platforms=262144"
    "memorysetup-temp-allocator-size-background-worker=32768"
    "memorysetup-temp-allocator-size-job-worker=262144"
    "memorysetup-temp-allocator-size-preload-manager=33554432"
    "memorysetup-temp-allocator-size-nav-mesh-worker=65536"
    "memorysetup-temp-allocator-size-audio-worker=65536"
    "memorysetup-temp-allocator-size-cloud-worker=32768"
    "memorysetup-temp-allocator-size-gi-baking-worker=262144"
    "memorysetup-temp-allocator-size-gfx=262144"
Refreshing native plugins compatible for Editor in 85.84 ms, found 3 plugins.
Preloading 0 native plugins for Editor in 0.00 ms.
Initialize engine version: 2021.3.9f1 (ad3870b89536)
[Subsystems] Discovering subsystems at path C:/Program Files/Unity/Hub/Editor/2021.3.9f1/Editor/Data/Resources/UnitySubsystems
[Subsystems] Discovering subsystems at path C:/Users/wbwar/Documents/GitHub/Project-Dev_Team-2/Remember-to-Forget/Assets
GfxDevice: creating device client; threaded=0; jobified=0
Direct3D:
    Version:  Direct3D 11.0 [level 11.1]
    Renderer: NVIDIA GeForce GTX 1050 (ID=0x1c81)
    Vendor:   NVIDIA
    VRAM:     1976 MB
    Driver:   31.0.15.3179
Initialize mono
Mono path[0] = 'C:/Program Files/Unity/Hub/Editor/2021.3.9f1/Editor/Data/Managed'
Mono path[1] = 'C:/Program Files/Unity/Hub/Editor/2021.3.9f1/Editor/Data/MonoBleedingEdge/lib/mono/unityjit-win32'
Mono config path = 'C:/Program Files/Unity/Hub/Editor/2021.3.9f1/Editor/Data/MonoBleedingEdge/etc'
Using monoOptions --debugger-agent=transport=dt_socket,embedding=1,server=y,suspend=n,address=127.0.0.1:56272
Begin MonoManager ReloadAssembly
Registering precompiled unity dll's ...
Register platform support module: C:/Program Files/Unity/Hub/Editor/2021.3.9f1/Editor/Data/PlaybackEngines/WindowsStandaloneSupport/UnityEditor.WindowsStandalone.Extensions.dll
Registered in 0.006324 seconds.
Native extension for WindowsStandalone target not found
Refreshing native plugins compatible for Editor in 89.38 ms, found 3 plugins.
Preloading 0 native plugins for Editor in 0.00 ms.
Mono: successfully reloaded assembly
- Completed reload, in  0.836 seconds
Domain Reload Profiling:
	ReloadAssembly (837ms)
		BeginReloadAssembly (84ms)
			ExecutionOrderSort (0ms)
			DisableScriptedObjects (0ms)
			BackupInstance (0ms)
			ReleaseScriptingObjects (0ms)
			CreateAndSetChildDomain (1ms)
		EndReloadAssembly (626ms)
			LoadAssemblies (82ms)
			RebuildTransferFunctionScriptingTraits (0ms)
			SetupTypeCache (140ms)
			ReleaseScriptCaches (0ms)
			RebuildScriptCaches (35ms)
			SetupLoadedEditorAssemblies (384ms)
				LogAssemblyErrors (0ms)
				InitializePlatformSupportModulesInManaged (9ms)
				SetLoadedEditorAssemblies (1ms)
				RefreshPlugins (89ms)
				BeforeProcessingInitializeOnLoad (2ms)
				ProcessInitializeOnLoadAttributes (208ms)
				ProcessInitializeOnLoadMethodAttributes (74ms)
				AfterProcessingInitializeOnLoad (0ms)
				EditorAssembliesLoaded (0ms)
			ExecutionOrderSort2 (0ms)
			AwakeInstancesAfterBackupRestoration (0ms)
Platform modules already initialized, skipping
Registering precompiled user dll's ...
Registered in 0.009597 seconds.
Begin MonoManager ReloadAssembly
Native extension for WindowsStandalone target not found
Refreshing native plugins compatible for Editor in 177.32 ms, found 3 plugins.
Preloading 0 native plugins for Editor in 0.00 ms.
Mono: successfully reloaded assembly
- Completed reload, in 12.625 seconds
Domain Reload Profiling:
	ReloadAssembly (12631ms)
		BeginReloadAssembly (136ms)
			ExecutionOrderSort (0ms)
			DisableScriptedObjects (7ms)
			BackupInstance (0ms)
			ReleaseScriptingObjects (0ms)
			CreateAndSetChildDomain (23ms)
		EndReloadAssembly (12353ms)
			LoadAssemblies (9009ms)
			RebuildTransferFunctionScriptingTraits (0ms)
			SetupTypeCache (1120ms)
			ReleaseScriptCaches (1ms)
			RebuildScriptCaches (167ms)
			SetupLoadedEditorAssemblies (1833ms)
				LogAssemblyErrors (0ms)
				InitializePlatformSupportModulesInManaged (16ms)
				SetLoadedEditorAssemblies (0ms)
				RefreshPlugins (177ms)
				BeforeProcessingInitializeOnLoad (121ms)
				ProcessInitializeOnLoadAttributes (995ms)
				ProcessInitializeOnLoadMethodAttributes (502ms)
				AfterProcessingInitializeOnLoad (20ms)
				EditorAssembliesLoaded (0ms)
			ExecutionOrderSort2 (0ms)
			AwakeInstancesAfterBackupRestoration (17ms)
Platform modules already initialized, skipping
========================================================================
Worker process is ready to serve import requests
Launched and connected shader compiler UnityShaderCompiler.exe after 2.56 seconds
Refreshing native plugins compatible for Editor in 1.56 ms, found 3 plugins.
Preloading 0 native plugins for Editor in 0.00 ms.
Unloading 4169 Unused Serialized files (Serialized files now loaded: 0)
Unloading 50 unused Assets / (0.8 MB). Loaded Objects now: 4627.
Memory consumption went from 184.8 MB to 184.1 MB.
Total: 5.349700 ms (FindLiveObjects: 0.417100 ms CreateObjectMapping: 0.571400 ms MarkObjects: 4.006600 ms  DeleteObjects: 0.353600 ms)

AssetImportParameters requested are different than current active one (requested -> active):
  custom:video-decoder-ogg-theora: a1e56fd34408186e4bbccfd4996cb3dc -> 
  custom:container-muxer-webm: aa71ff27fc2769a1b78a27578f13a17b -> 
  custom:container-demuxer-webm: 4f35f7cbe854078d1ac9338744f61a02 -> 
  custom:video-encoder-webm-vp8: eb34c28f22e8b96e1ab97ce403110664 -> 
  custom:video-codec-MediaFoundation-h265: 746d11721c4dcdbdad8f713fa42b33f4 -> 
  custom:audio-encoder-webm-vorbis: bf7c407c2cedff20999df2af8eb42d56 -> 
  custom:framework-win-MediaFoundation: 216162199b28c13a410421893ffa2e32 -> 
  custom:container-demuxer-ogg: 62fdf1f143b41e24485cea50d1cbac27 -> 
  custom:video-decoder-webm-vp8: 9c59270c3fd7afecdb556c50c9e8de78 -> 
  custom:audio-decoder-ogg-vorbis: bf7c407c2cedff20999df2af8eb42d56 -> 
========================================================================
Received Import Request.
  Time since last request: 7610.054157 seconds.
  path: Assets/Scenes/WR's
  artifactKey: Guid(6dc185e75ed8bdd4c8e78a9fb0403fa7) Importer(815301076,1909f56bfc062723c751e8b465ee728b)
Start importing Assets/Scenes/WR's using Guid(6dc185e75ed8bdd4c8e78a9fb0403fa7) Importer(815301076,1909f56bfc062723c751e8b465ee728b)  -> (artifact id: 'a18b19196ff468a06048abe5c7fc1fd5') in 0.060674 seconds 
========================================================================
Received Import Request.
  Time since last request: 0.000035 seconds.
  path: Assets/Scenes/Game/NavMesh.asset
  artifactKey: Guid(5518aef6b0f750542b547e6996d63b1d) Importer(815301076,1909f56bfc062723c751e8b465ee728b)
Start importing Assets/Scenes/Game/NavMesh.asset using Guid(5518aef6b0f750542b547e6996d63b1d) Importer(815301076,1909f56bfc062723c751e8b465ee728b)  -> (artifact id: '3091cf7c5b1110902abafd7bf1e7bb2e') in 0.447611 seconds 
========================================================================
Received Import Request.
  Time since last request: 2257.576830 seconds.
  path: Assets/Rooms/HR0_Tutorial_Whitebox.fbx
  artifactKey: Guid(15f337e5e056af64891c1e2f42edc465) Importer(815301076,1909f56bfc062723c751e8b465ee728b)
Start importing Assets/Rooms/HR0_Tutorial_Whitebox.fbx using Guid(15f337e5e056af64891c1e2f42edc465) Importer(815301076,1909f56bfc062723c751e8b465ee728b)  -> (artifact id: '6640c75956e81ea8a86a7e2ad6374b8b') in 2.065296 seconds 
========================================================================
Received Import Request.
  Time since last request: 0.000039 seconds.
  path: Assets/Rooms/Finalized Rooms/Walls + Floor + Doors (Fixed V2).fbx
  artifactKey: Guid(104ec25f7533e9347a3884cb6e871fb4) Importer(815301076,1909f56bfc062723c751e8b465ee728b)
Start importing Assets/Rooms/Finalized Rooms/Walls + Floor + Doors (Fixed V2).fbx using Guid(104ec25f7533e9347a3884cb6e871fb4) Importer(815301076,1909f56bfc062723c751e8b465ee728b)  -> (artifact id: 'b622130a7ebe3efb1a32835d80f99a69') in 0.197910 seconds 
========================================================================
Received Import Request.
  Time since last request: 0.000046 seconds.
  path: Assets/Rooms/WR2_Whitebox.fbx
  artifactKey: Guid(9373f1de34abe14488c697c3de6e4b27) Importer(815301076,1909f56bfc062723c751e8b465ee728b)
Start importing Assets/Rooms/WR2_Whitebox.fbx using Guid(9373f1de34abe14488c697c3de6e4b27) Importer(815301076,1909f56bfc062723c751e8b465ee728b)  -> (artifact id: 'b1eedc655377cd00b15c3c8813063875') in 0.836961 seconds 
========================================================================
Received Import Request.
  Time since last request: 0.000033 seconds.
  path: Assets/Rooms/WR1_Whitebox.fbx
  artifactKey: Guid(e0783fad961de7849bba4c7f8224cc00) Importer(815301076,1909f56bfc062723c751e8b465ee728b)
Start importing Assets/Rooms/WR1_Whitebox.fbx using Guid(e0783fad961de7849bba4c7f8224cc00) Importer(815301076,1909f56bfc062723c751e8b465ee728b)  -> (artifact id: '146eb7cd1288efab58035b11e9f5eb24') in 0.858981 seconds 
========================================================================
Received Import Request.
  Time since last request: 0.000047 seconds.
  path: Assets/Rooms/WhiteBoxing_OperatingRoom_01.fbx
  artifactKey: Guid(1367af8287da05747a32c75470ae513f) Importer(815301076,1909f56bfc062723c751e8b465ee728b)
Start importing Assets/Rooms/WhiteBoxing_OperatingRoom_01.fbx using Guid(1367af8287da05747a32c75470ae513f) Importer(815301076,1909f56bfc062723c751e8b465ee728b)  -> (artifact id: '057808ba96c633c545d48ab0f266257a') in 4.675455 seconds 
========================================================================
Received Import Request.
  Time since last request: 0.000030 seconds.
  path: Assets/Rooms/HR2_Whitebox.fbx
  artifactKey: Guid(c9ec499f763af964bb6f92b18612c66b) Importer(815301076,1909f56bfc062723c751e8b465ee728b)
Start importing Assets/Rooms/HR2_Whitebox.fbx using Guid(c9ec499f763af964bb6f92b18612c66b) Importer(815301076,1909f56bfc062723c751e8b465ee728b)  -> (artifact id: 'fcf4488e2704a6e8a8448744d95e7f9e') in 0.817084 seconds 
========================================================================
Received Import Request.
  Time since last request: 0.000065 seconds.
  path: Assets/Rooms/WR3_Whitebox.fbx
  artifactKey: Guid(8eaba3b57b8db03448a103b147d45610) Importer(815301076,1909f56bfc062723c751e8b465ee728b)
Start importing Assets/Rooms/WR3_Whitebox.fbx using Guid(8eaba3b57b8db03448a103b147d45610) Importer(815301076,1909f56bfc062723c751e8b465ee728b)  -> (artifact id: '4651ddd05516b8d53bdc4fa825d599c2') in 3.960120 seconds 
========================================================================
Received Import Request.
  Time since last request: 0.000035 seconds.
  path: Assets/Rooms/Finalized Rooms/WR Walls Windows Floor Double Doors.fbx
  artifactKey: Guid(e38d5e5c0a40cbf4686917a20afc4f99) Importer(815301076,1909f56bfc062723c751e8b465ee728b)
Start importing Assets/Rooms/Finalized Rooms/WR Walls Windows Floor Double Doors.fbx using Guid(e38d5e5c0a40cbf4686917a20afc4f99) Importer(815301076,1909f56bfc062723c751e8b465ee728b)  -> (artifact id: 'b7ce3c0e01bb7e020b0b1d2d3a77f5cf') in 0.803137 seconds 
========================================================================
Received Import Request.
  Time since last request: 0.000085 seconds.
  path: Assets/Rooms/Finalized Rooms/WR Front Desk.fbx
  artifactKey: Guid(e0101c3af2b5b75439ad727c79b0e271) Importer(815301076,1909f56bfc062723c751e8b465ee728b)
Start importing Assets/Rooms/Finalized Rooms/WR Front Desk.fbx using Guid(e0101c3af2b5b75439ad727c79b0e271) Importer(815301076,1909f56bfc062723c751e8b465ee728b)  -> (artifact id: 'b62bff38b6c3bd08c66c0a42d0b95e81') in 0.779575 seconds 
========================================================================
Received Import Request.
  Time since last request: 0.000032 seconds.
  path: Assets/Rooms/HR1_Whitebox.fbx
  artifactKey: Guid(8ffd7cf3fcdc0bb489ece7fce5fd8497) Importer(815301076,1909f56bfc062723c751e8b465ee728b)
Start importing Assets/Rooms/HR1_Whitebox.fbx using Guid(8ffd7cf3fcdc0bb489ece7fce5fd8497) Importer(815301076,1909f56bfc062723c751e8b465ee728b)  -> (artifact id: '112b9b3cc4543428ea6ffeacf712df34') in 1.271567 seconds 
========================================================================
Received Import Request.
  Time since last request: 0.000036 seconds.
  path: Assets/Rooms/Finalized Rooms
  artifactKey: Guid(e543beb0e5c2609479a341d56d9c47e9) Importer(815301076,1909f56bfc062723c751e8b465ee728b)
Start importing Assets/Rooms/Finalized Rooms using Guid(e543beb0e5c2609479a341d56d9c47e9) Importer(815301076,1909f56bfc062723c751e8b465ee728b)  -> (artifact id: 'd35af33c186134991558f5eb6aa1505c') in 0.010665 seconds 
========================================================================
Received Import Request.
  Time since last request: 0.000027 seconds.
  path: Assets/Rooms/HR3_Whitebox.fbx
  artifactKey: Guid(a9c4ab7783bee454db4dddf2e7f82823) Importer(815301076,1909f56bfc062723c751e8b465ee728b)
Start importing Assets/Rooms/HR3_Whitebox.fbx using Guid(a9c4ab7783bee454db4dddf2e7f82823) Importer(815301076,1909f56bfc062723c751e8b465ee728b)  -> (artifact id: '41e0554b865638bdcd1f33844a20fb0c') in 2.040591 seconds 
========================================================================
Received Import Request.
  Time since last request: 0.000032 seconds.
  path: Assets/Rooms/WhiteBoxing_OperatingRoom_02.fbx
  artifactKey: Guid(b51db0233b7e09c439575c4ad8689854) Importer(815301076,1909f56bfc062723c751e8b465ee728b)
Start importing Assets/Rooms/WhiteBoxing_OperatingRoom_02.fbx using Guid(b51db0233b7e09c439575c4ad8689854) Importer(815301076,1909f56bfc062723c751e8b465ee728b)  -> (artifact id: '501f1dfbc854ef431bcb4e517d9d9e5d') in 3.461113 seconds 
========================================================================
Received Import Request.
  Time since last request: 0.000041 seconds.
  path: Assets/Rooms/ProjDev_Morgue.fbx
  artifactKey: Guid(5cfb860f2a0b43d43840884ea4ac3203) Importer(815301076,1909f56bfc062723c751e8b465ee728b)
Start importing Assets/Rooms/ProjDev_Morgue.fbx using Guid(5cfb860f2a0b43d43840884ea4ac3203) Importer(815301076,1909f56bfc062723c751e8b465ee728b)  -> (artifact id: '44b8750cefc27639af613ca6db9098d2') in 0.952082 seconds 
========================================================================
Received Import Request.
  Time since last request: 1279.617089 seconds.
  path: Assets/Rooms/Finalized Rooms/Materials/HR Walls.mat
  artifactKey: Guid(fb84a985d31fc3844bcd6377389f92c2) Importer(815301076,1909f56bfc062723c751e8b465ee728b)
Start importing Assets/Rooms/Finalized Rooms/Materials/HR Walls.mat using Guid(fb84a985d31fc3844bcd6377389f92c2) Importer(815301076,1909f56bfc062723c751e8b465ee728b)  -> (artifact id: 'f5f47ff20ecfb26883a281e30f8527f8') in 0.315894 seconds 
========================================================================
Received Import Request.
  Time since last request: 109.114908 seconds.
  path: Assets/Rooms/Finalized Rooms/Textures/New Material 1.mat
  artifactKey: Guid(8e56cfdacbfa33d44b2540cbd8b3ea5c) Importer(815301076,1909f56bfc062723c751e8b465ee728b)
Start importing Assets/Rooms/Finalized Rooms/Textures/New Material 1.mat using Guid(8e56cfdacbfa33d44b2540cbd8b3ea5c) Importer(815301076,1909f56bfc062723c751e8b465ee728b)  -> (artifact id: 'b8801686d4064cd9279df244a07da4fd') in 0.034414 seconds 
