Using pre-set license
Built from '2021.3/staging' branch; Version is '2021.3.9f1 (ad3870b89536) revision 11352176'; Using compiler version '192829333'; Build Type 'Release'
OS: 'Windows 11  (10.0.22621) 64bit Core' Language: 'en' Physical Memory: 8078 MB
BatchMode: 1, IsHumanControllingUs: 0, StartBugReporterOnCrash: 0, Is64bit: 1, IsPro: 1

COMMAND LINE ARGUMENTS:
C:\Program Files\Unity\Hub\Editor\2021.3.9f1\Editor\Unity.exe
-adb2
-batchMode
-noUpm
-name
AssetImportWorker4
-projectPath
C:/Users/wbwar/Documents/GitHub/Project-Dev_Team-2/Remember-to-Forget
-logFile
Logs/AssetImportWorker4.log
-srvPort
58265
Successfully changed project path to: C:/Users/wbwar/Documents/GitHub/Project-Dev_Team-2/Remember-to-Forget
C:/Users/wbwar/Documents/GitHub/Project-Dev_Team-2/Remember-to-Forget
[UnityMemory] Configuration Parameters - Can be set up in boot.config
    "memorysetup-bucket-allocator-granularity=16"
    "memorysetup-bucket-allocator-bucket-count=8"
    "memorysetup-bucket-allocator-block-size=33554432"
    "memorysetup-bucket-allocator-block-count=8"
    "memorysetup-main-allocator-block-size=16777216"
    "memorysetup-thread-allocator-block-size=16777216"
    "memorysetup-gfx-main-allocator-block-size=16777216"
    "memorysetup-gfx-thread-allocator-block-size=16777216"
    "memorysetup-cache-allocator-block-size=4194304"
    "memorysetup-typetree-allocator-block-size=2097152"
    "memorysetup-profiler-bucket-allocator-granularity=16"
    "memorysetup-profiler-bucket-allocator-bucket-count=8"
    "memorysetup-profiler-bucket-allocator-block-size=33554432"
    "memorysetup-profiler-bucket-allocator-block-count=8"
    "memorysetup-profiler-allocator-block-size=16777216"
    "memorysetup-profiler-editor-allocator-block-size=1048576"
    "memorysetup-temp-allocator-size-main=16777216"
    "memorysetup-job-temp-allocator-block-size=2097152"
    "memorysetup-job-temp-allocator-block-size-background=1048576"
    "memorysetup-job-temp-allocator-reduction-small-platforms=262144"
    "memorysetup-temp-allocator-size-background-worker=32768"
    "memorysetup-temp-allocator-size-job-worker=262144"
    "memorysetup-temp-allocator-size-preload-manager=33554432"
    "memorysetup-temp-allocator-size-nav-mesh-worker=65536"
    "memorysetup-temp-allocator-size-audio-worker=65536"
    "memorysetup-temp-allocator-size-cloud-worker=32768"
    "memorysetup-temp-allocator-size-gi-baking-worker=262144"
    "memorysetup-temp-allocator-size-gfx=262144"
Refreshing native plugins compatible for Editor in 88.29 ms, found 3 plugins.
Preloading 0 native plugins for Editor in 0.00 ms.
Initialize engine version: 2021.3.9f1 (ad3870b89536)
[Subsystems] Discovering subsystems at path C:/Program Files/Unity/Hub/Editor/2021.3.9f1/Editor/Data/Resources/UnitySubsystems
[Subsystems] Discovering subsystems at path C:/Users/wbwar/Documents/GitHub/Project-Dev_Team-2/Remember-to-Forget/Assets
GfxDevice: creating device client; threaded=0; jobified=0
Direct3D:
    Version:  Direct3D 11.0 [level 11.1]
    Renderer: NVIDIA GeForce GTX 1050 (ID=0x1c81)
    Vendor:   NVIDIA
    VRAM:     1976 MB
    Driver:   31.0.15.3168
Initialize mono
Mono path[0] = 'C:/Program Files/Unity/Hub/Editor/2021.3.9f1/Editor/Data/Managed'
Mono path[1] = 'C:/Program Files/Unity/Hub/Editor/2021.3.9f1/Editor/Data/MonoBleedingEdge/lib/mono/unityjit-win32'
Mono config path = 'C:/Program Files/Unity/Hub/Editor/2021.3.9f1/Editor/Data/MonoBleedingEdge/etc'
Using monoOptions --debugger-agent=transport=dt_socket,embedding=1,server=y,suspend=n,address=127.0.0.1:56848
Begin MonoManager ReloadAssembly
Registering precompiled unity dll's ...
Register platform support module: C:/Program Files/Unity/Hub/Editor/2021.3.9f1/Editor/Data/PlaybackEngines/WindowsStandaloneSupport/UnityEditor.WindowsStandalone.Extensions.dll
Registered in 0.006424 seconds.
Native extension for WindowsStandalone target not found
Refreshing native plugins compatible for Editor in 71.20 ms, found 3 plugins.
Preloading 0 native plugins for Editor in 0.00 ms.
Mono: successfully reloaded assembly
- Completed reload, in  0.772 seconds
Domain Reload Profiling:
	ReloadAssembly (773ms)
		BeginReloadAssembly (89ms)
			ExecutionOrderSort (0ms)
			DisableScriptedObjects (0ms)
			BackupInstance (0ms)
			ReleaseScriptingObjects (0ms)
			CreateAndSetChildDomain (1ms)
		EndReloadAssembly (559ms)
			LoadAssemblies (86ms)
			RebuildTransferFunctionScriptingTraits (0ms)
			SetupTypeCache (133ms)
			ReleaseScriptCaches (0ms)
			RebuildScriptCaches (35ms)
			SetupLoadedEditorAssemblies (330ms)
				LogAssemblyErrors (0ms)
				InitializePlatformSupportModulesInManaged (9ms)
				SetLoadedEditorAssemblies (0ms)
				RefreshPlugins (71ms)
				BeforeProcessingInitializeOnLoad (1ms)
				ProcessInitializeOnLoadAttributes (186ms)
				ProcessInitializeOnLoadMethodAttributes (62ms)
				AfterProcessingInitializeOnLoad (0ms)
				EditorAssembliesLoaded (0ms)
			ExecutionOrderSort2 (0ms)
			AwakeInstancesAfterBackupRestoration (0ms)
Platform modules already initialized, skipping
Registering precompiled user dll's ...
Registered in 0.009125 seconds.
Begin MonoManager ReloadAssembly
Native extension for WindowsStandalone target not found
Refreshing native plugins compatible for Editor in 120.83 ms, found 3 plugins.
Preloading 0 native plugins for Editor in 0.00 ms.
Mono: successfully reloaded assembly
- Completed reload, in  1.629 seconds
Domain Reload Profiling:
	ReloadAssembly (1631ms)
		BeginReloadAssembly (159ms)
			ExecutionOrderSort (0ms)
			DisableScriptedObjects (10ms)
			BackupInstance (0ms)
			ReleaseScriptingObjects (0ms)
			CreateAndSetChildDomain (23ms)
		EndReloadAssembly (1313ms)
			LoadAssemblies (130ms)
			RebuildTransferFunctionScriptingTraits (0ms)
			SetupTypeCache (320ms)
			ReleaseScriptCaches (1ms)
			RebuildScriptCaches (78ms)
			SetupLoadedEditorAssemblies (738ms)
				LogAssemblyErrors (0ms)
				InitializePlatformSupportModulesInManaged (5ms)
				SetLoadedEditorAssemblies (0ms)
				RefreshPlugins (121ms)
				BeforeProcessingInitializeOnLoad (116ms)
				ProcessInitializeOnLoadAttributes (385ms)
				ProcessInitializeOnLoadMethodAttributes (101ms)
				AfterProcessingInitializeOnLoad (8ms)
				EditorAssembliesLoaded (0ms)
			ExecutionOrderSort2 (0ms)
			AwakeInstancesAfterBackupRestoration (10ms)
Platform modules already initialized, skipping
========================================================================
Worker process is ready to serve import requests
Launched and connected shader compiler UnityShaderCompiler.exe after 0.38 seconds
Refreshing native plugins compatible for Editor in 2.09 ms, found 3 plugins.
Preloading 0 native plugins for Editor in 0.00 ms.
Unloading 4168 Unused Serialized files (Serialized files now loaded: 0)
Unloading 50 unused Assets / (0.8 MB). Loaded Objects now: 4626.
Memory consumption went from 184.3 MB to 183.5 MB.
Total: 6.693500 ms (FindLiveObjects: 0.487300 ms CreateObjectMapping: 0.436700 ms MarkObjects: 5.300800 ms  DeleteObjects: 0.466500 ms)

AssetImportParameters requested are different than current active one (requested -> active):
  custom:video-decoder-ogg-theora: a1e56fd34408186e4bbccfd4996cb3dc -> 
  custom:container-muxer-webm: aa71ff27fc2769a1b78a27578f13a17b -> 
  custom:container-demuxer-webm: 4f35f7cbe854078d1ac9338744f61a02 -> 
  custom:video-encoder-webm-vp8: eb34c28f22e8b96e1ab97ce403110664 -> 
  custom:video-codec-MediaFoundation-h265: 746d11721c4dcdbdad8f713fa42b33f4 -> 
  custom:audio-encoder-webm-vorbis: bf7c407c2cedff20999df2af8eb42d56 -> 
  custom:framework-win-MediaFoundation: 216162199b28c13a410421893ffa2e32 -> 
  custom:container-demuxer-ogg: 62fdf1f143b41e24485cea50d1cbac27 -> 
  custom:video-decoder-webm-vp8: 9c59270c3fd7afecdb556c50c9e8de78 -> 
  custom:audio-decoder-ogg-vorbis: bf7c407c2cedff20999df2af8eb42d56 -> 
========================================================================
Received Import Request.
  Time since last request: 8906.417714 seconds.
  path: Assets/Rooms/WR2_Whitebox.fbx
  artifactKey: Guid(9373f1de34abe14488c697c3de6e4b27) Importer(815301076,1909f56bfc062723c751e8b465ee728b)
Start importing Assets/Rooms/WR2_Whitebox.fbx using Guid(9373f1de34abe14488c697c3de6e4b27) Importer(815301076,1909f56bfc062723c751e8b465ee728b)  -> (artifact id: 'b1eedc655377cd00b15c3c8813063875') in 1.155916 seconds 
========================================================================
Received Import Request.
  Time since last request: 0.000033 seconds.
  path: Assets/Rooms/HR0_Tutorial_Whitebox.fbx
  artifactKey: Guid(15f337e5e056af64891c1e2f42edc465) Importer(815301076,1909f56bfc062723c751e8b465ee728b)
Start importing Assets/Rooms/HR0_Tutorial_Whitebox.fbx using Guid(15f337e5e056af64891c1e2f42edc465) Importer(815301076,1909f56bfc062723c751e8b465ee728b)  -> (artifact id: '6640c75956e81ea8a86a7e2ad6374b8b') in 1.171651 seconds 
========================================================================
Received Import Request.
  Time since last request: 0.000044 seconds.
  path: Assets/Rooms/WR3_Whitebox.fbx
  artifactKey: Guid(8eaba3b57b8db03448a103b147d45610) Importer(815301076,1909f56bfc062723c751e8b465ee728b)
Start importing Assets/Rooms/WR3_Whitebox.fbx using Guid(8eaba3b57b8db03448a103b147d45610) Importer(815301076,1909f56bfc062723c751e8b465ee728b)  -> (artifact id: '4651ddd05516b8d53bdc4fa825d599c2') in 1.667421 seconds 
========================================================================
Received Import Request.
  Time since last request: 0.000079 seconds.
  path: Assets/Rooms/HR3_Whitebox.fbx
  artifactKey: Guid(a9c4ab7783bee454db4dddf2e7f82823) Importer(815301076,1909f56bfc062723c751e8b465ee728b)
Start importing Assets/Rooms/HR3_Whitebox.fbx using Guid(a9c4ab7783bee454db4dddf2e7f82823) Importer(815301076,1909f56bfc062723c751e8b465ee728b)  -> (artifact id: '41e0554b865638bdcd1f33844a20fb0c') in 0.531593 seconds 
========================================================================
Received Import Request.
  Time since last request: 0.000046 seconds.
  path: Assets/Rooms/WhiteBoxing_OperatingRoom_02.fbx
  artifactKey: Guid(b51db0233b7e09c439575c4ad8689854) Importer(815301076,1909f56bfc062723c751e8b465ee728b)
Start importing Assets/Rooms/WhiteBoxing_OperatingRoom_02.fbx using Guid(b51db0233b7e09c439575c4ad8689854) Importer(815301076,1909f56bfc062723c751e8b465ee728b)  -> (artifact id: '501f1dfbc854ef431bcb4e517d9d9e5d') in 1.826192 seconds 
========================================================================
Received Import Request.
  Time since last request: 0.000035 seconds.
  path: Assets/Rooms/WhiteBoxing
  artifactKey: Guid(f816b988651938544a11d7797437afbe) Importer(815301076,1909f56bfc062723c751e8b465ee728b)
Start importing Assets/Rooms/WhiteBoxing using Guid(f816b988651938544a11d7797437afbe) Importer(815301076,1909f56bfc062723c751e8b465ee728b)  -> (artifact id: '007fe1769cb5dae7c9e33fc40c6c4571') in 0.010379 seconds 
========================================================================
Received Import Request.
  Time since last request: 0.000335 seconds.
  path: Assets/Rooms/ProjDev_ILR.fbx
  artifactKey: Guid(10bbebfc787ad4a4f8267f43c2e001a1) Importer(815301076,1909f56bfc062723c751e8b465ee728b)
Start importing Assets/Rooms/ProjDev_ILR.fbx using Guid(10bbebfc787ad4a4f8267f43c2e001a1) Importer(815301076,1909f56bfc062723c751e8b465ee728b)  -> (artifact id: 'caa085bf67bff4977ba3847f6fb177b1') in 0.740961 seconds 
========================================================================
Received Import Request.
  Time since last request: 0.000031 seconds.
  path: Assets/Rooms/WhiteBoxing/HR2_Whitebox.fbx
  artifactKey: Guid(cad147a73f9db184ebd534206f910404) Importer(815301076,1909f56bfc062723c751e8b465ee728b)
Start importing Assets/Rooms/WhiteBoxing/HR2_Whitebox.fbx using Guid(cad147a73f9db184ebd534206f910404) Importer(815301076,1909f56bfc062723c751e8b465ee728b)  -> (artifact id: 'bcfeb267ba79f0bc3b5aec3ce76c64f8') in 0.452882 seconds 
========================================================================
Received Import Request.
  Time since last request: 0.000045 seconds.
  path: Assets/Rooms/WhiteBoxing/ProjDev_Basement.fbx
  artifactKey: Guid(ca4d80bdcc5530846bcf27576ea48996) Importer(815301076,1909f56bfc062723c751e8b465ee728b)
Start importing Assets/Rooms/WhiteBoxing/ProjDev_Basement.fbx using Guid(ca4d80bdcc5530846bcf27576ea48996) Importer(815301076,1909f56bfc062723c751e8b465ee728b)  -> (artifact id: 'dbcbd2eb20eb6c968dbcf96d03522383') in 3.102091 seconds 
========================================================================
Received Import Request.
  Time since last request: 0.000035 seconds.
  path: Assets/Rooms/WhiteBoxing/HR3_Whitebox.fbx
  artifactKey: Guid(d6bd694977ffee24abf6352c55934265) Importer(815301076,1909f56bfc062723c751e8b465ee728b)
Start importing Assets/Rooms/WhiteBoxing/HR3_Whitebox.fbx using Guid(d6bd694977ffee24abf6352c55934265) Importer(815301076,1909f56bfc062723c751e8b465ee728b)  -> (artifact id: 'b7d210fd166757ded80daea65c847f0a') in 0.523621 seconds 
========================================================================
Received Import Request.
  Time since last request: 0.000053 seconds.
  path: Assets/Rooms/WhiteBoxing/WhiteBoxing_OperatingRoom_01.fbx
  artifactKey: Guid(34920ff85a21dc14c8a66f2d94fc3335) Importer(815301076,1909f56bfc062723c751e8b465ee728b)
Start importing Assets/Rooms/WhiteBoxing/WhiteBoxing_OperatingRoom_01.fbx using Guid(34920ff85a21dc14c8a66f2d94fc3335) Importer(815301076,1909f56bfc062723c751e8b465ee728b)  -> (artifact id: '5f09d8bd79dd16d67a1f984555223ae3') in 2.331396 seconds 
========================================================================
Received Import Request.
  Time since last request: 0.000048 seconds.
  path: Assets/Rooms/WhiteBoxing/WR1_Whitebox.fbx
  artifactKey: Guid(3d1812fe4342eed4e8bd91278e0527a4) Importer(815301076,1909f56bfc062723c751e8b465ee728b)
Start importing Assets/Rooms/WhiteBoxing/WR1_Whitebox.fbx using Guid(3d1812fe4342eed4e8bd91278e0527a4) Importer(815301076,1909f56bfc062723c751e8b465ee728b)  -> (artifact id: 'c82dd19d95cf76d95a043a88ce9d5dc6') in 0.979990 seconds 
========================================================================
Received Import Request.
  Time since last request: 0.000044 seconds.
  path: Assets/Rooms/WhiteBoxing/HR0_Tutorial_Whitebox.fbx
  artifactKey: Guid(c64fd2e10734b3e4996a7cfa6466cb16) Importer(815301076,1909f56bfc062723c751e8b465ee728b)
Start importing Assets/Rooms/WhiteBoxing/HR0_Tutorial_Whitebox.fbx using Guid(c64fd2e10734b3e4996a7cfa6466cb16) Importer(815301076,1909f56bfc062723c751e8b465ee728b)  -> (artifact id: 'fca109d0b4e6bc9626de8d8d299ba0e1') in 0.685677 seconds 
========================================================================
Received Import Request.
  Time since last request: 0.000036 seconds.
  path: Assets/Rooms/WhiteBoxing/WhiteBoxing_OperatingRoom_02.fbx
  artifactKey: Guid(978bb7db6c1c7a2499e22647b0ceff52) Importer(815301076,1909f56bfc062723c751e8b465ee728b)
Start importing Assets/Rooms/WhiteBoxing/WhiteBoxing_OperatingRoom_02.fbx using Guid(978bb7db6c1c7a2499e22647b0ceff52) Importer(815301076,1909f56bfc062723c751e8b465ee728b)  -> (artifact id: '21e5d8c2219e56a75d0f6559497fe143') in 0.727957 seconds 
========================================================================
Received Import Request.
  Time since last request: 2.724356 seconds.
  path: Assets/Rooms/Finalized Rooms
  artifactKey: Guid(e543beb0e5c2609479a341d56d9c47e9) Importer(815301076,1909f56bfc062723c751e8b465ee728b)
Start importing Assets/Rooms/Finalized Rooms using Guid(e543beb0e5c2609479a341d56d9c47e9) Importer(815301076,1909f56bfc062723c751e8b465ee728b)  -> (artifact id: 'd35af33c186134991558f5eb6aa1505c') in 0.008084 seconds 
========================================================================
Received Import Request.
  Time since last request: 0.038548 seconds.
  path: Assets/Rooms/Finalized Rooms/Walls + Floor + Doors (Fixed V2).fbx
  artifactKey: Guid(4c38f167d5195d6438ff0ede39f3f11b) Importer(815301076,1909f56bfc062723c751e8b465ee728b)
Start importing Assets/Rooms/Finalized Rooms/Walls + Floor + Doors (Fixed V2).fbx using Guid(4c38f167d5195d6438ff0ede39f3f11b) Importer(815301076,1909f56bfc062723c751e8b465ee728b)  -> (artifact id: '9f9f5239ed382edd8764448448e0e1e6') in 0.179274 seconds 
========================================================================
Received Import Request.
  Time since last request: 5.571534 seconds.
  path: Assets/Rooms/Finalized Rooms/Textures
  artifactKey: Guid(eb40ab0c581259c4a860958bc48c9a9a) Importer(815301076,1909f56bfc062723c751e8b465ee728b)
Start importing Assets/Rooms/Finalized Rooms/Textures using Guid(eb40ab0c581259c4a860958bc48c9a9a) Importer(815301076,1909f56bfc062723c751e8b465ee728b)  -> (artifact id: 'a5db6016a7068b1a372af3a830869d91') in 0.008115 seconds 
========================================================================
Received Import Request.
  Time since last request: 0.066717 seconds.
  path: Assets/Rooms/Finalized Rooms/Textures/HRWalls_Combined_Maps.png
  artifactKey: Guid(89bc879a63f632d41af37cb55f5b7bc2) Importer(815301076,1909f56bfc062723c751e8b465ee728b)
Start importing Assets/Rooms/Finalized Rooms/Textures/HRWalls_Combined_Maps.png using Guid(89bc879a63f632d41af37cb55f5b7bc2) Importer(815301076,1909f56bfc062723c751e8b465ee728b)  -> (artifact id: '9f66b5adc547efdef1a5967e58d8216e') in 0.398123 seconds 
========================================================================
Received Import Request.
  Time since last request: 74.235229 seconds.
  path: Assets/Rooms/Finalized Rooms/Bed Full (Fixed V2).fbx
  artifactKey: Guid(52f54c3fa1c349448be51dfda63ba441) Importer(815301076,1909f56bfc062723c751e8b465ee728b)
Start importing Assets/Rooms/Finalized Rooms/Bed Full (Fixed V2).fbx using Guid(52f54c3fa1c349448be51dfda63ba441) Importer(815301076,1909f56bfc062723c751e8b465ee728b)  -> (artifact id: '466aa7b0183f95876745fd1c24a28580') in 0.075141 seconds 
========================================================================
Received Import Request.
  Time since last request: 0.039057 seconds.
  path: Assets/Rooms/Finalized Rooms/Nightstand (Fixed V2).fbx
  artifactKey: Guid(0bf5819172b283b448cc4db5b267e748) Importer(815301076,1909f56bfc062723c751e8b465ee728b)
Start importing Assets/Rooms/Finalized Rooms/Nightstand (Fixed V2).fbx using Guid(0bf5819172b283b448cc4db5b267e748) Importer(815301076,1909f56bfc062723c751e8b465ee728b)  -> (artifact id: 'b63143b7c250b5f72c45d5dc7a417ad7') in 0.077244 seconds 
========================================================================
Received Import Request.
  Time since last request: 0.000036 seconds.
  path: Assets/Rooms/Finalized Rooms/Trolly (Fixed V2).fbx
  artifactKey: Guid(53f08edf308229646bf4597ef12cb417) Importer(815301076,1909f56bfc062723c751e8b465ee728b)
Start importing Assets/Rooms/Finalized Rooms/Trolly (Fixed V2).fbx using Guid(53f08edf308229646bf4597ef12cb417) Importer(815301076,1909f56bfc062723c751e8b465ee728b)  -> (artifact id: '2b61a6a9b6ee243df33be3df3ef6cba6') in 0.082775 seconds 
========================================================================
Received Import Request.
  Time since last request: 14.506180 seconds.
  path: Assets/Scenes/HR's/HR0.unity
  artifactKey: Guid(1654e57df071a6f48bcf41dc30979c3c) Importer(815301076,1909f56bfc062723c751e8b465ee728b)
Start importing Assets/Scenes/HR's/HR0.unity using Guid(1654e57df071a6f48bcf41dc30979c3c) Importer(815301076,1909f56bfc062723c751e8b465ee728b)  -> (artifact id: 'cdf5af3c385037e8770e72cd4db2bcf4') in 0.063277 seconds 
========================================================================
Received Import Request.
  Time since last request: 40.487668 seconds.
  path: Assets/Rooms/Finalized Rooms/Materials
  artifactKey: Guid(c064756ff88674a46a62631f207707d1) Importer(815301076,1909f56bfc062723c751e8b465ee728b)
Start importing Assets/Rooms/Finalized Rooms/Materials using Guid(c064756ff88674a46a62631f207707d1) Importer(815301076,1909f56bfc062723c751e8b465ee728b)  -> (artifact id: '920be17aa02c74a88edb50f29643424a') in 0.011179 seconds 
========================================================================
Received Import Request.
  Time since last request: 1.562622 seconds.
  path: Assets/Rooms/Finalized Rooms/Materials/HR Walls.mat
  artifactKey: Guid(faeba9afddc58574489ead30575d44b5) Importer(815301076,1909f56bfc062723c751e8b465ee728b)
Start importing Assets/Rooms/Finalized Rooms/Materials/HR Walls.mat using Guid(faeba9afddc58574489ead30575d44b5) Importer(815301076,1909f56bfc062723c751e8b465ee728b)  -> (artifact id: 'ecd5ff0ff1b2b92051996354a81ae3d5') in 0.309206 seconds 
========================================================================
Received Import Request.
  Time since last request: 39.129404 seconds.
  path: Assets/Rooms/Finalized Rooms/Textures/HRDoorknobs_w_Locks_Combined_Maps.png
  artifactKey: Guid(020dbbfa223b5964d9339839381d3cc4) Importer(815301076,1909f56bfc062723c751e8b465ee728b)
Start importing Assets/Rooms/Finalized Rooms/Textures/HRDoorknobs_w_Locks_Combined_Maps.png using Guid(020dbbfa223b5964d9339839381d3cc4) Importer(815301076,1909f56bfc062723c751e8b465ee728b)  -> (artifact id: '11da8a3d28219879ad36d0fa3eafc41f') in 0.022974 seconds 
========================================================================
Received Import Request.
  Time since last request: 0.000023 seconds.
  path: Assets/Rooms/Finalized Rooms/Textures/HRDoorways_Combined_Maps.png
  artifactKey: Guid(f102c901e913e554a9b324204a334aef) Importer(815301076,1909f56bfc062723c751e8b465ee728b)
Start importing Assets/Rooms/Finalized Rooms/Textures/HRDoorways_Combined_Maps.png using Guid(f102c901e913e554a9b324204a334aef) Importer(815301076,1909f56bfc062723c751e8b465ee728b)  -> (artifact id: '418ffb787ce407f061e02edd74eb6e9f') in 0.016282 seconds 
========================================================================
Received Import Request.
  Time since last request: 0.000025 seconds.
  path: Assets/Rooms/Finalized Rooms/Textures/HRFloor_Combined_Maps.png
  artifactKey: Guid(333b7e072267cc9479f6c9d70bbd9b39) Importer(815301076,1909f56bfc062723c751e8b465ee728b)
Start importing Assets/Rooms/Finalized Rooms/Textures/HRFloor_Combined_Maps.png using Guid(333b7e072267cc9479f6c9d70bbd9b39) Importer(815301076,1909f56bfc062723c751e8b465ee728b)  -> (artifact id: '6bdb8966a8c9654cfcd11167cb3acaeb') in 0.026854 seconds 
========================================================================
Received Import Request.
  Time since last request: 15.979653 seconds.
  path: Assets/Rooms/Finalized Rooms/Textures/New Material.mat
  artifactKey: Guid(e62cff4811f71364bbde73738e88ac2d) Importer(815301076,1909f56bfc062723c751e8b465ee728b)
Start importing Assets/Rooms/Finalized Rooms/Textures/New Material.mat using Guid(e62cff4811f71364bbde73738e88ac2d) Importer(815301076,1909f56bfc062723c751e8b465ee728b)  -> (artifact id: '713114d05e3b8963a83628c683274d4d') in 0.035824 seconds 
========================================================================
Received Import Request.
  Time since last request: 57.617753 seconds.
  path: Assets/Rooms/Finalized Rooms/Textures/New Material 1.mat
  artifactKey: Guid(0c07d993ea10d3e4bb6e67f591c62849) Importer(815301076,1909f56bfc062723c751e8b465ee728b)
Start importing Assets/Rooms/Finalized Rooms/Textures/New Material 1.mat using Guid(0c07d993ea10d3e4bb6e67f591c62849) Importer(815301076,1909f56bfc062723c751e8b465ee728b)  -> (artifact id: '4143169654ee26178d41f931ac312738') in 0.020797 seconds 
========================================================================
Received Import Request.
  Time since last request: 16.594387 seconds.
  path: Assets/Rooms/Finalized Rooms/Textures/HR_Floor_Mat.mat
  artifactKey: Guid(0c07d993ea10d3e4bb6e67f591c62849) Importer(815301076,1909f56bfc062723c751e8b465ee728b)
Start importing Assets/Rooms/Finalized Rooms/Textures/HR_Floor_Mat.mat using Guid(0c07d993ea10d3e4bb6e67f591c62849) Importer(815301076,1909f56bfc062723c751e8b465ee728b)  -> (artifact id: 'd05fac67fc7f2bdb0bbfef10b3e44028') in 0.028234 seconds 
========================================================================
Received Import Request.
  Time since last request: 16.921556 seconds.
  path: Assets/Rooms/Finalized Rooms/Textures/HR_Door_Mat.mat
  artifactKey: Guid(e62cff4811f71364bbde73738e88ac2d) Importer(815301076,1909f56bfc062723c751e8b465ee728b)
Start importing Assets/Rooms/Finalized Rooms/Textures/HR_Door_Mat.mat using Guid(e62cff4811f71364bbde73738e88ac2d) Importer(815301076,1909f56bfc062723c751e8b465ee728b)  -> (artifact id: 'bce66ce88f352365ee228960cc90add0') in 0.027390 seconds 
========================================================================
Received Import Request.
  Time since last request: 19.223949 seconds.
  path: Assets/Rooms/Finalized Rooms/Textures/HR_Knobs_and_Locks_Mat.mat
  artifactKey: Guid(d5a5eb5b4d871954eabbcb79a49de96e) Importer(815301076,1909f56bfc062723c751e8b465ee728b)
Start importing Assets/Rooms/Finalized Rooms/Textures/HR_Knobs_and_Locks_Mat.mat using Guid(d5a5eb5b4d871954eabbcb79a49de96e) Importer(815301076,1909f56bfc062723c751e8b465ee728b)  -> (artifact id: '183462f44d5c491886021c92a5aea5e7') in 0.021345 seconds 
========================================================================
Received Import Request.
  Time since last request: 12.048469 seconds.
  path: Assets/Rooms/Finalized Rooms/Textures/HR_Doorway_Mat.mat
  artifactKey: Guid(8e17b064ded4ab54ba59ced01a084567) Importer(815301076,1909f56bfc062723c751e8b465ee728b)
Start importing Assets/Rooms/Finalized Rooms/Textures/HR_Doorway_Mat.mat using Guid(8e17b064ded4ab54ba59ced01a084567) Importer(815301076,1909f56bfc062723c751e8b465ee728b)  -> (artifact id: '390737e64c19add80d7d7a4f4da0517f') in 0.020955 seconds 
========================================================================
Received Import Request.
  Time since last request: 261.417572 seconds.
  path: Assets/Rooms/Finalized Rooms/Textures/HR_Trolly_Main_Combined_Maps.png
  artifactKey: Guid(18a91c3ad96a3284ba8a330a585cdeb5) Importer(815301076,1909f56bfc062723c751e8b465ee728b)
Start importing Assets/Rooms/Finalized Rooms/Textures/HR_Trolly_Main_Combined_Maps.png using Guid(18a91c3ad96a3284ba8a330a585cdeb5) Importer(815301076,1909f56bfc062723c751e8b465ee728b)  -> (artifact id: 'cbd032b10d235f2610b82b02ee49dfc7') in 0.063104 seconds 
========================================================================
Received Import Request.
  Time since last request: 0.000075 seconds.
  path: Assets/Rooms/Finalized Rooms/Textures/HR_Trolly_Shelf_Top2_Combined_Maps.png
  artifactKey: Guid(408bfff37ee9a99409fcc50551dfb6c9) Importer(815301076,1909f56bfc062723c751e8b465ee728b)
Start importing Assets/Rooms/Finalized Rooms/Textures/HR_Trolly_Shelf_Top2_Combined_Maps.png using Guid(408bfff37ee9a99409fcc50551dfb6c9) Importer(815301076,1909f56bfc062723c751e8b465ee728b)  -> (artifact id: '5a02b3d054ef17eb8afc1435c1db1cc2') in 0.022506 seconds 
========================================================================
Received Import Request.
  Time since last request: 14.495082 seconds.
  path: Assets/Rooms/Finalized Rooms/Textures/New Material.mat
  artifactKey: Guid(0001104d70cb77e4d86d01557ee8b291) Importer(815301076,1909f56bfc062723c751e8b465ee728b)
Start importing Assets/Rooms/Finalized Rooms/Textures/New Material.mat using Guid(0001104d70cb77e4d86d01557ee8b291) Importer(815301076,1909f56bfc062723c751e8b465ee728b)  -> (artifact id: 'c5826fcb191a4516774907989ef2638f') in 0.023182 seconds 
========================================================================
Received Import Request.
  Time since last request: 60.310795 seconds.
  path: Assets/Rooms/Finalized Rooms/Textures/New Material 1.mat
  artifactKey: Guid(1418a763703b65649b64c8a551f34300) Importer(815301076,1909f56bfc062723c751e8b465ee728b)
Start importing Assets/Rooms/Finalized Rooms/Textures/New Material 1.mat using Guid(1418a763703b65649b64c8a551f34300) Importer(815301076,1909f56bfc062723c751e8b465ee728b)  -> (artifact id: '3eed6293839f936bb6217f0e80b0f719') in 0.020670 seconds 
========================================================================
Received Import Request.
  Time since last request: 3.835602 seconds.
  path: Assets/Rooms/Finalized Rooms/Textures/New Material 2.mat
  artifactKey: Guid(d939f8936fe730f4ab1fdee2e9850b4d) Importer(815301076,1909f56bfc062723c751e8b465ee728b)
Start importing Assets/Rooms/Finalized Rooms/Textures/New Material 2.mat using Guid(d939f8936fe730f4ab1fdee2e9850b4d) Importer(815301076,1909f56bfc062723c751e8b465ee728b)  -> (artifact id: 'fb9826e1fcf9a6fc358fb7e9ed53ce30') in 0.027072 seconds 
========================================================================
Received Import Request.
  Time since last request: 0.878445 seconds.
  path: Assets/Rooms/Finalized Rooms/Textures/New Material 3.mat
  artifactKey: Guid(589cf244c7ced7d449ab05f183332e2a) Importer(815301076,1909f56bfc062723c751e8b465ee728b)
Start importing Assets/Rooms/Finalized Rooms/Textures/New Material 3.mat using Guid(589cf244c7ced7d449ab05f183332e2a) Importer(815301076,1909f56bfc062723c751e8b465ee728b)  -> (artifact id: '8ac34c63389189ae753ee52f919ada18') in 0.021850 seconds 
========================================================================
Received Import Request.
  Time since last request: 0.626119 seconds.
  path: Assets/Rooms/Finalized Rooms/Textures/New Material 4.mat
  artifactKey: Guid(6c8e02d9b85d34c439a605db15735631) Importer(815301076,1909f56bfc062723c751e8b465ee728b)
Start importing Assets/Rooms/Finalized Rooms/Textures/New Material 4.mat using Guid(6c8e02d9b85d34c439a605db15735631) Importer(815301076,1909f56bfc062723c751e8b465ee728b)  -> (artifact id: 'b7573a86c8fdb15ad36454ba1bf9aedb') in 0.118960 seconds 
========================================================================
Received Import Request.
  Time since last request: 39.580574 seconds.
  path: Assets/Rooms/Finalized Rooms/Textures/HR_Trolly_Main_Mat.mat
  artifactKey: Guid(1418a763703b65649b64c8a551f34300) Importer(815301076,1909f56bfc062723c751e8b465ee728b)
Start importing Assets/Rooms/Finalized Rooms/Textures/HR_Trolly_Main_Mat.mat using Guid(1418a763703b65649b64c8a551f34300) Importer(815301076,1909f56bfc062723c751e8b465ee728b)  -> (artifact id: '29650b31281256c970a3942ce69cfaf3') in 0.033095 seconds 
========================================================================
Received Import Request.
  Time since last request: 20.502661 seconds.
  path: Assets/Rooms/Finalized Rooms/Textures/HR_Trolly_Shelf_Top1_Mat.mat
  artifactKey: Guid(d939f8936fe730f4ab1fdee2e9850b4d) Importer(815301076,1909f56bfc062723c751e8b465ee728b)
Start importing Assets/Rooms/Finalized Rooms/Textures/HR_Trolly_Shelf_Top1_Mat.mat using Guid(d939f8936fe730f4ab1fdee2e9850b4d) Importer(815301076,1909f56bfc062723c751e8b465ee728b)  -> (artifact id: '230bf2d67b2ab3cda8709553ee9cf775') in 0.016565 seconds 
========================================================================
Received Import Request.
  Time since last request: 12.721958 seconds.
  path: Assets/Rooms/Finalized Rooms/Textures/HR_Trolly_Shelf_Top2_Mat.mat
  artifactKey: Guid(589cf244c7ced7d449ab05f183332e2a) Importer(815301076,1909f56bfc062723c751e8b465ee728b)
Start importing Assets/Rooms/Finalized Rooms/Textures/HR_Trolly_Shelf_Top2_Mat.mat using Guid(589cf244c7ced7d449ab05f183332e2a) Importer(815301076,1909f56bfc062723c751e8b465ee728b)  -> (artifact id: 'd85a766ed39c8519b3536ec08defcf25') in 0.052387 seconds 
========================================================================
Received Import Request.
  Time since last request: 6.869722 seconds.
  path: Assets/Rooms/Finalized Rooms/Textures/HR_Trolly_Shelf_Top3_Mat.mat
  artifactKey: Guid(6c8e02d9b85d34c439a605db15735631) Importer(815301076,1909f56bfc062723c751e8b465ee728b)
Start importing Assets/Rooms/Finalized Rooms/Textures/HR_Trolly_Shelf_Top3_Mat.mat using Guid(6c8e02d9b85d34c439a605db15735631) Importer(815301076,1909f56bfc062723c751e8b465ee728b)  -> (artifact id: '3d7dd3889e753e1f6b0b2acba21f8b58') in 0.016381 seconds 
========================================================================
Received Import Request.
  Time since last request: 14.884568 seconds.
  path: Assets/Rooms/Finalized Rooms/Textures/HR_Trolly_Wheels_Mat.mat
  artifactKey: Guid(0001104d70cb77e4d86d01557ee8b291) Importer(815301076,1909f56bfc062723c751e8b465ee728b)
Start importing Assets/Rooms/Finalized Rooms/Textures/HR_Trolly_Wheels_Mat.mat using Guid(0001104d70cb77e4d86d01557ee8b291) Importer(815301076,1909f56bfc062723c751e8b465ee728b)  -> (artifact id: '0add71a23c9620f28823adc98e0fd1fa') in 0.019191 seconds 
========================================================================
Received Import Request.
  Time since last request: 102.762129 seconds.
  path: Assets/Rooms/Finalized Rooms/Textures/Walls_Floor_Doors
  artifactKey: Guid(e447205a8f6dbc3488a0f9b098a6d015) Importer(815301076,1909f56bfc062723c751e8b465ee728b)
Start importing Assets/Rooms/Finalized Rooms/Textures/Walls_Floor_Doors using Guid(e447205a8f6dbc3488a0f9b098a6d015) Importer(815301076,1909f56bfc062723c751e8b465ee728b)  -> (artifact id: '477e2ec62060ee4ff91db0c84fa1bddb') in 0.011711 seconds 
========================================================================
Received Import Request.
  Time since last request: 13.089484 seconds.
  path: Assets/Rooms/Finalized Rooms/Textures/Trolly
  artifactKey: Guid(5b49d29391b88a04da89f634f2dc0681) Importer(815301076,1909f56bfc062723c751e8b465ee728b)
Start importing Assets/Rooms/Finalized Rooms/Textures/Trolly using Guid(5b49d29391b88a04da89f634f2dc0681) Importer(815301076,1909f56bfc062723c751e8b465ee728b)  -> (artifact id: '191faefd142faa9eb9080f18804d7470') in 0.008595 seconds 
========================================================================
Received Import Request.
  Time since last request: 18.815607 seconds.
  path: Assets/Rooms/Finalized Rooms/Textures/HR_NS_Knobs_Combined_Maps.png
  artifactKey: Guid(1f7375709fb95a443b70823e74719dde) Importer(815301076,1909f56bfc062723c751e8b465ee728b)
Start importing Assets/Rooms/Finalized Rooms/Textures/HR_NS_Knobs_Combined_Maps.png using Guid(1f7375709fb95a443b70823e74719dde) Importer(815301076,1909f56bfc062723c751e8b465ee728b)  -> (artifact id: 'b6bff24fb15c594a32fe0b658e151f28') in 0.046038 seconds 
========================================================================
Received Import Request.
  Time since last request: 0.000025 seconds.
  path: Assets/Rooms/Finalized Rooms/Textures/HR_NS_Top_Edges_Combined_Maps.png
  artifactKey: Guid(dfefd35a65c9d7947bd2961f36866c15) Importer(815301076,1909f56bfc062723c751e8b465ee728b)
Start importing Assets/Rooms/Finalized Rooms/Textures/HR_NS_Top_Edges_Combined_Maps.png using Guid(dfefd35a65c9d7947bd2961f36866c15) Importer(815301076,1909f56bfc062723c751e8b465ee728b)  -> (artifact id: '645499db79adab80f3967982da897faa') in 0.110157 seconds 
========================================================================
Received Import Request.
  Time since last request: 31.775419 seconds.
  path: Assets/Rooms/Finalized Rooms/Materials/HR_Door_Mat.mat
  artifactKey: Guid(e62cff4811f71364bbde73738e88ac2d) Importer(815301076,1909f56bfc062723c751e8b465ee728b)
Start importing Assets/Rooms/Finalized Rooms/Materials/HR_Door_Mat.mat using Guid(e62cff4811f71364bbde73738e88ac2d) Importer(815301076,1909f56bfc062723c751e8b465ee728b)  -> (artifact id: 'c73cd09850b32be33aa79506841725fd') in 0.023360 seconds 
========================================================================
Received Import Request.
  Time since last request: 0.000060 seconds.
  path: Assets/Rooms/Finalized Rooms/Materials/HR_Floor_Mat.mat
  artifactKey: Guid(0c07d993ea10d3e4bb6e67f591c62849) Importer(815301076,1909f56bfc062723c751e8b465ee728b)
Start importing Assets/Rooms/Finalized Rooms/Materials/HR_Floor_Mat.mat using Guid(0c07d993ea10d3e4bb6e67f591c62849) Importer(815301076,1909f56bfc062723c751e8b465ee728b)  -> (artifact id: '23cd17befd38d48ee319cc804fc76cf3') in 0.028122 seconds 
========================================================================
Received Import Request.
  Time since last request: 41.308860 seconds.
  path: Assets/Rooms/Finalized Rooms/Textures/New Material.mat
  artifactKey: Guid(20d6384e782e2ff42a03653cdf73f01a) Importer(815301076,1909f56bfc062723c751e8b465ee728b)
Start importing Assets/Rooms/Finalized Rooms/Textures/New Material.mat using Guid(20d6384e782e2ff42a03653cdf73f01a) Importer(815301076,1909f56bfc062723c751e8b465ee728b)  -> (artifact id: 'd1c29e25c71da7da0bb03f50f12eb814') in 0.019987 seconds 
========================================================================
Received Import Request.
  Time since last request: 7.105784 seconds.
  path: Assets/Rooms/Finalized Rooms/Textures/New Material 1.mat
  artifactKey: Guid(0283d6c6657ad004e94f050d12672f04) Importer(815301076,1909f56bfc062723c751e8b465ee728b)
Start importing Assets/Rooms/Finalized Rooms/Textures/New Material 1.mat using Guid(0283d6c6657ad004e94f050d12672f04) Importer(815301076,1909f56bfc062723c751e8b465ee728b)  -> (artifact id: '372b1450b11aa434422f73e5100f9019') in 0.017537 seconds 
========================================================================
Received Import Request.
  Time since last request: 0.559862 seconds.
  path: Assets/Rooms/Finalized Rooms/Textures/New Material 2.mat
  artifactKey: Guid(ed468ba4acce7d943b6dc050a073df6f) Importer(815301076,1909f56bfc062723c751e8b465ee728b)
Start importing Assets/Rooms/Finalized Rooms/Textures/New Material 2.mat using Guid(ed468ba4acce7d943b6dc050a073df6f) Importer(815301076,1909f56bfc062723c751e8b465ee728b)  -> (artifact id: 'b327d084aebf05c83cfad02c2fc5ca63') in 0.015471 seconds 
========================================================================
Received Import Request.
  Time since last request: 0.679056 seconds.
  path: Assets/Rooms/Finalized Rooms/Textures/New Material 3.mat
  artifactKey: Guid(be88c385db754244f88b8af8de6cd1cb) Importer(815301076,1909f56bfc062723c751e8b465ee728b)
Start importing Assets/Rooms/Finalized Rooms/Textures/New Material 3.mat using Guid(be88c385db754244f88b8af8de6cd1cb) Importer(815301076,1909f56bfc062723c751e8b465ee728b)  -> (artifact id: '3637e74d15665194f0a081a3d5665aed') in 0.016708 seconds 
========================================================================
Received Import Request.
  Time since last request: 0.953976 seconds.
  path: Assets/Rooms/Finalized Rooms/Textures/New Material 4.mat
  artifactKey: Guid(18713d5d59002d44987018c2bcc612f2) Importer(815301076,1909f56bfc062723c751e8b465ee728b)
Start importing Assets/Rooms/Finalized Rooms/Textures/New Material 4.mat using Guid(18713d5d59002d44987018c2bcc612f2) Importer(815301076,1909f56bfc062723c751e8b465ee728b)  -> (artifact id: 'd516c367171a5f1d56691f1cfbbd09a2') in 0.026544 seconds 
========================================================================
Received Import Request.
  Time since last request: 14.399439 seconds.
  path: Assets/Rooms/Finalized Rooms/Textures/HR_NS_Knobs.mat
  artifactKey: Guid(0283d6c6657ad004e94f050d12672f04) Importer(815301076,1909f56bfc062723c751e8b465ee728b)
Start importing Assets/Rooms/Finalized Rooms/Textures/HR_NS_Knobs.mat using Guid(0283d6c6657ad004e94f050d12672f04) Importer(815301076,1909f56bfc062723c751e8b465ee728b)  -> (artifact id: '37ce249db70bdd5b57abb77e3eff74d1') in 0.017958 seconds 
========================================================================
Received Import Request.
  Time since last request: 11.701845 seconds.
  path: Assets/Rooms/Finalized Rooms/Textures/HR_NS_Main.mat
  artifactKey: Guid(ed468ba4acce7d943b6dc050a073df6f) Importer(815301076,1909f56bfc062723c751e8b465ee728b)
Start importing Assets/Rooms/Finalized Rooms/Textures/HR_NS_Main.mat using Guid(ed468ba4acce7d943b6dc050a073df6f) Importer(815301076,1909f56bfc062723c751e8b465ee728b)  -> (artifact id: '05eafc0e296e0c7959381df0775f25bd') in 0.031179 seconds 
========================================================================
Received Import Request.
  Time since last request: 20.945016 seconds.
  path: Assets/Rooms/Finalized Rooms/Textures/HR_NS_Top_Mat.mat
  artifactKey: Guid(be88c385db754244f88b8af8de6cd1cb) Importer(815301076,1909f56bfc062723c751e8b465ee728b)
Start importing Assets/Rooms/Finalized Rooms/Textures/HR_NS_Top_Mat.mat using Guid(be88c385db754244f88b8af8de6cd1cb) Importer(815301076,1909f56bfc062723c751e8b465ee728b)  -> (artifact id: '6f765f5abed1c7684b967580074ccf02') in 0.021580 seconds 
========================================================================
Received Import Request.
  Time since last request: 7.691959 seconds.
  path: Assets/Rooms/Finalized Rooms/Textures/HR_NS_Main_Mat.mat
  artifactKey: Guid(ed468ba4acce7d943b6dc050a073df6f) Importer(815301076,1909f56bfc062723c751e8b465ee728b)
Start importing Assets/Rooms/Finalized Rooms/Textures/HR_NS_Main_Mat.mat using Guid(ed468ba4acce7d943b6dc050a073df6f) Importer(815301076,1909f56bfc062723c751e8b465ee728b)  -> (artifact id: '4f00810eeb8c99703b5acac9ab1d3e27') in 0.019383 seconds 
========================================================================
Received Import Request.
  Time since last request: 5.892008 seconds.
  path: Assets/Rooms/Finalized Rooms/Textures/HR_NS_Knobs_Mat.mat
  artifactKey: Guid(0283d6c6657ad004e94f050d12672f04) Importer(815301076,1909f56bfc062723c751e8b465ee728b)
Start importing Assets/Rooms/Finalized Rooms/Textures/HR_NS_Knobs_Mat.mat using Guid(0283d6c6657ad004e94f050d12672f04) Importer(815301076,1909f56bfc062723c751e8b465ee728b)  -> (artifact id: 'bcc6a22c7613e92e8b49730f81680602') in 0.018687 seconds 
========================================================================
Received Import Request.
  Time since last request: 19.612807 seconds.
  path: Assets/Rooms/Finalized Rooms/Textures/HR_NS_Top_Edges_Mat.mat
  artifactKey: Guid(18713d5d59002d44987018c2bcc612f2) Importer(815301076,1909f56bfc062723c751e8b465ee728b)
Start importing Assets/Rooms/Finalized Rooms/Textures/HR_NS_Top_Edges_Mat.mat using Guid(18713d5d59002d44987018c2bcc612f2) Importer(815301076,1909f56bfc062723c751e8b465ee728b)  -> (artifact id: '9bccb532cd660ffbc7738d832b4572d6') in 0.021621 seconds 
========================================================================
Received Import Request.
  Time since last request: 73.718043 seconds.
  path: Assets/Rooms/Finalized Rooms/Materials/HR_Trolly_Main_Mat.mat
  artifactKey: Guid(1418a763703b65649b64c8a551f34300) Importer(815301076,1909f56bfc062723c751e8b465ee728b)
Start importing Assets/Rooms/Finalized Rooms/Materials/HR_Trolly_Main_Mat.mat using Guid(1418a763703b65649b64c8a551f34300) Importer(815301076,1909f56bfc062723c751e8b465ee728b)  -> (artifact id: 'c63644f121b5c7a88d265da77488a2a7') in 0.267798 seconds 
========================================================================
Received Import Request.
  Time since last request: 0.000044 seconds.
  path: Assets/Rooms/Finalized Rooms/Materials/HR_Trolly_Wheels_Mat.mat
  artifactKey: Guid(0001104d70cb77e4d86d01557ee8b291) Importer(815301076,1909f56bfc062723c751e8b465ee728b)
Start importing Assets/Rooms/Finalized Rooms/Materials/HR_Trolly_Wheels_Mat.mat using Guid(0001104d70cb77e4d86d01557ee8b291) Importer(815301076,1909f56bfc062723c751e8b465ee728b)  -> (artifact id: '0c575381ce96b25292df55cdc15596bb') in 0.017649 seconds 
========================================================================
Received Import Request.
  Time since last request: 0.000039 seconds.
  path: Assets/Rooms/Finalized Rooms/Materials/HR_Trolly_Shelf_Top2_Mat.mat
  artifactKey: Guid(589cf244c7ced7d449ab05f183332e2a) Importer(815301076,1909f56bfc062723c751e8b465ee728b)
Start importing Assets/Rooms/Finalized Rooms/Materials/HR_Trolly_Shelf_Top2_Mat.mat using Guid(589cf244c7ced7d449ab05f183332e2a) Importer(815301076,1909f56bfc062723c751e8b465ee728b)  -> (artifact id: '7d3fa72757f741583f556cc5988206e1') in 0.040220 seconds 
========================================================================
Received Import Request.
  Time since last request: 29.918274 seconds.
  path: Assets/Rooms/Finalized Rooms/Textures/NightStand
  artifactKey: Guid(ddf0a384228875d43b0c9699581aaf8a) Importer(815301076,1909f56bfc062723c751e8b465ee728b)
Start importing Assets/Rooms/Finalized Rooms/Textures/NightStand using Guid(ddf0a384228875d43b0c9699581aaf8a) Importer(815301076,1909f56bfc062723c751e8b465ee728b)  -> (artifact id: '0e54591df58e7618c08eec31746ff664') in 0.008659 seconds 
========================================================================
Received Import Request.
  Time since last request: 47.999545 seconds.
  path: Assets/Rooms/Finalized Rooms/Textures/HR_LongTable_Combined_Maps.png
  artifactKey: Guid(ae74b5c765ae945469e173aeb236a927) Importer(815301076,1909f56bfc062723c751e8b465ee728b)
Start importing Assets/Rooms/Finalized Rooms/Textures/HR_LongTable_Combined_Maps.png using Guid(ae74b5c765ae945469e173aeb236a927) Importer(815301076,1909f56bfc062723c751e8b465ee728b)  -> (artifact id: '9b4b513e7f265f7faf9ea42ff6b1b576') in 0.071481 seconds 
========================================================================
Received Import Request.
  Time since last request: 2.588008 seconds.
  path: Assets/Rooms/Finalized Rooms/Textures/New Material 1.mat
  artifactKey: Guid(7db4119d6866e824ab281e53f33d5eab) Importer(815301076,1909f56bfc062723c751e8b465ee728b)
Start importing Assets/Rooms/Finalized Rooms/Textures/New Material 1.mat using Guid(7db4119d6866e824ab281e53f33d5eab) Importer(815301076,1909f56bfc062723c751e8b465ee728b)  -> (artifact id: '259fddbc07e830354b060f4c21346eb1') in 0.032222 seconds 
========================================================================
Received Import Request.
  Time since last request: 9.556142 seconds.
  path: Assets/Rooms/Finalized Rooms/Textures/HR_Long_Table_Mat.mat
  artifactKey: Guid(7db4119d6866e824ab281e53f33d5eab) Importer(815301076,1909f56bfc062723c751e8b465ee728b)
Start importing Assets/Rooms/Finalized Rooms/Textures/HR_Long_Table_Mat.mat using Guid(7db4119d6866e824ab281e53f33d5eab) Importer(815301076,1909f56bfc062723c751e8b465ee728b)  -> (artifact id: '2ac0317c0de8ed6c56826d844323fa18') in 0.016129 seconds 
========================================================================
Received Import Request.
  Time since last request: 90.789463 seconds.
  path: Assets/Rooms/Finalized Rooms/Textures/HR_Chair_Combined_Maps.png
  artifactKey: Guid(425964e8cc5eb294a9907293e8046766) Importer(815301076,1909f56bfc062723c751e8b465ee728b)
Start importing Assets/Rooms/Finalized Rooms/Textures/HR_Chair_Combined_Maps.png using Guid(425964e8cc5eb294a9907293e8046766) Importer(815301076,1909f56bfc062723c751e8b465ee728b)  -> (artifact id: '0ed1b6991e9841c9dfb894e8f4fdb8ca') in 0.020827 seconds 
========================================================================
Received Import Request.
  Time since last request: 2.992321 seconds.
  path: Assets/Rooms/Finalized Rooms/Textures/New Material 1.mat
  artifactKey: Guid(ca02035d891f9394b9f3a4060ab61364) Importer(815301076,1909f56bfc062723c751e8b465ee728b)
Start importing Assets/Rooms/Finalized Rooms/Textures/New Material 1.mat using Guid(ca02035d891f9394b9f3a4060ab61364) Importer(815301076,1909f56bfc062723c751e8b465ee728b)  -> (artifact id: '53e59137af62d591d600f288979d310d') in 0.018225 seconds 
========================================================================
Received Import Request.
  Time since last request: 8.876000 seconds.
  path: Assets/Rooms/Finalized Rooms/Textures/HR_Chair_Mat.mat
  artifactKey: Guid(ca02035d891f9394b9f3a4060ab61364) Importer(815301076,1909f56bfc062723c751e8b465ee728b)
Start importing Assets/Rooms/Finalized Rooms/Textures/HR_Chair_Mat.mat using Guid(ca02035d891f9394b9f3a4060ab61364) Importer(815301076,1909f56bfc062723c751e8b465ee728b)  -> (artifact id: '05b4542800f253792071b3757afc869d') in 0.020123 seconds 
========================================================================
Received Import Request.
  Time since last request: 11.878380 seconds.
  path: Assets/Rooms/Finalized Rooms/Textures/New Material 1.mat
  artifactKey: Guid(28dfd084146862944ba4b2df38bb7566) Importer(815301076,1909f56bfc062723c751e8b465ee728b)
Start importing Assets/Rooms/Finalized Rooms/Textures/New Material 1.mat using Guid(28dfd084146862944ba4b2df38bb7566) Importer(815301076,1909f56bfc062723c751e8b465ee728b)  -> (artifact id: 'd0c60d51e1a7c5a3b230a203ba22aa9b') in 0.015246 seconds 
========================================================================
Received Import Request.
  Time since last request: 12.052514 seconds.
  path: Assets/Rooms/Finalized Rooms/Textures/HR_Bedframe_Combined_Maps.png
  artifactKey: Guid(caa6c2324e9e39f43b03335bc751b9d3) Importer(815301076,1909f56bfc062723c751e8b465ee728b)
Start importing Assets/Rooms/Finalized Rooms/Textures/HR_Bedframe_Combined_Maps.png using Guid(caa6c2324e9e39f43b03335bc751b9d3) Importer(815301076,1909f56bfc062723c751e8b465ee728b)  -> (artifact id: '9fec3fb773ef17cd29231c586ab57aee') in 0.043679 seconds 
========================================================================
Received Import Request.
  Time since last request: 0.000029 seconds.
  path: Assets/Rooms/Finalized Rooms/Textures/HR_Pillow_Combined_Maps.png
  artifactKey: Guid(877741f07e450724db6384b2a04ab43d) Importer(815301076,1909f56bfc062723c751e8b465ee728b)
Start importing Assets/Rooms/Finalized Rooms/Textures/HR_Pillow_Combined_Maps.png using Guid(877741f07e450724db6384b2a04ab43d) Importer(815301076,1909f56bfc062723c751e8b465ee728b)  -> (artifact id: 'bf4bf8715e7a064938b35cb274217ea6') in 0.020079 seconds 
========================================================================
Received Import Request.
  Time since last request: 8.390356 seconds.
  path: Assets/Rooms/Finalized Rooms/Textures/Chair
  artifactKey: Guid(937a8e3cc2823294ba4a0db889437e43) Importer(815301076,1909f56bfc062723c751e8b465ee728b)
Start importing Assets/Rooms/Finalized Rooms/Textures/Chair using Guid(937a8e3cc2823294ba4a0db889437e43) Importer(815301076,1909f56bfc062723c751e8b465ee728b)  -> (artifact id: '79b1e886704c43d1e7ad309068b3d7a7') in 0.008429 seconds 
========================================================================
Received Import Request.
  Time since last request: 20.362198 seconds.
  path: Assets/Rooms/Finalized Rooms/Textures/Long_Table
  artifactKey: Guid(3476875ab9e0a1f4592c5e222dbe3731) Importer(815301076,1909f56bfc062723c751e8b465ee728b)
Start importing Assets/Rooms/Finalized Rooms/Textures/Long_Table using Guid(3476875ab9e0a1f4592c5e222dbe3731) Importer(815301076,1909f56bfc062723c751e8b465ee728b)  -> (artifact id: '353364bff761efca1d6e49c6ca964c7b') in 0.009546 seconds 
========================================================================
Received Import Request.
  Time since last request: 15.322086 seconds.
  path: Assets/Rooms/Finalized Rooms/Textures/Full_Bed
  artifactKey: Guid(db3cc9b315212b048ba665285b2308d7) Importer(815301076,1909f56bfc062723c751e8b465ee728b)
Start importing Assets/Rooms/Finalized Rooms/Textures/Full_Bed using Guid(db3cc9b315212b048ba665285b2308d7) Importer(815301076,1909f56bfc062723c751e8b465ee728b)  -> (artifact id: 'b79a41fcf69b7906719bfef0d2aa0f37') in 0.009189 seconds 
========================================================================
Received Import Request.
  Time since last request: 5.155492 seconds.
  path: Assets/Rooms/Finalized Rooms/Textures/New Material 2.mat
  artifactKey: Guid(1568c97e8f3b2964c932647f4bc4a7bd) Importer(815301076,1909f56bfc062723c751e8b465ee728b)
Start importing Assets/Rooms/Finalized Rooms/Textures/New Material 2.mat using Guid(1568c97e8f3b2964c932647f4bc4a7bd) Importer(815301076,1909f56bfc062723c751e8b465ee728b)  -> (artifact id: 'af5527a66f7bc0eec4e86722905f0c11') in 0.017621 seconds 
========================================================================
Received Import Request.
  Time since last request: 1.409631 seconds.
  path: Assets/Rooms/Finalized Rooms/Textures/New Material 3.mat
  artifactKey: Guid(53ba4560701a02643a2468ffacf0add7) Importer(815301076,1909f56bfc062723c751e8b465ee728b)
Start importing Assets/Rooms/Finalized Rooms/Textures/New Material 3.mat using Guid(53ba4560701a02643a2468ffacf0add7) Importer(815301076,1909f56bfc062723c751e8b465ee728b)  -> (artifact id: 'aa16d782a1b70427f0f4ae5eeea1dfa0') in 0.019229 seconds 
========================================================================
Received Import Request.
  Time since last request: 17.138310 seconds.
  path: Assets/Rooms/Finalized Rooms/Textures/HR_Bedframe_Mat.mat
  artifactKey: Guid(28dfd084146862944ba4b2df38bb7566) Importer(815301076,1909f56bfc062723c751e8b465ee728b)
Start importing Assets/Rooms/Finalized Rooms/Textures/HR_Bedframe_Mat.mat using Guid(28dfd084146862944ba4b2df38bb7566) Importer(815301076,1909f56bfc062723c751e8b465ee728b)  -> (artifact id: 'fbede884d185da233c6a119c997a559b') in 0.022013 seconds 
========================================================================
Received Import Request.
  Time since last request: 8.375694 seconds.
  path: Assets/Rooms/Finalized Rooms/Textures/HR_Mattress_Mat.mat
  artifactKey: Guid(1568c97e8f3b2964c932647f4bc4a7bd) Importer(815301076,1909f56bfc062723c751e8b465ee728b)
Start importing Assets/Rooms/Finalized Rooms/Textures/HR_Mattress_Mat.mat using Guid(1568c97e8f3b2964c932647f4bc4a7bd) Importer(815301076,1909f56bfc062723c751e8b465ee728b)  -> (artifact id: '5b8f81d51f69c3e105df6feae02b579e') in 0.043614 seconds 
========================================================================
Received Import Request.
  Time since last request: 7.864045 seconds.
  path: Assets/Rooms/Finalized Rooms/Textures/HR_Pillow_Mat.mat
  artifactKey: Guid(53ba4560701a02643a2468ffacf0add7) Importer(815301076,1909f56bfc062723c751e8b465ee728b)
Start importing Assets/Rooms/Finalized Rooms/Textures/HR_Pillow_Mat.mat using Guid(53ba4560701a02643a2468ffacf0add7) Importer(815301076,1909f56bfc062723c751e8b465ee728b)  -> (artifact id: '2d2799778212a2e6ad8913b9d9bdc6a3') in 0.020063 seconds 
========================================================================
Received Import Request.
  Time since last request: 77.113452 seconds.
  path: Assets/Rooms/Finalized Rooms/Materials/HR_Chair_Mat.mat
  artifactKey: Guid(ca02035d891f9394b9f3a4060ab61364) Importer(815301076,1909f56bfc062723c751e8b465ee728b)
Start importing Assets/Rooms/Finalized Rooms/Materials/HR_Chair_Mat.mat using Guid(ca02035d891f9394b9f3a4060ab61364) Importer(815301076,1909f56bfc062723c751e8b465ee728b)  -> (artifact id: 'ecb720daf11b9e0876f9e9f8d3c72893') in 0.020781 seconds 
========================================================================
Received Import Request.
  Time since last request: 0.000034 seconds.
  path: Assets/Rooms/Finalized Rooms/Materials/HR_NS_Knobs_Mat.mat
  artifactKey: Guid(0283d6c6657ad004e94f050d12672f04) Importer(815301076,1909f56bfc062723c751e8b465ee728b)
Start importing Assets/Rooms/Finalized Rooms/Materials/HR_NS_Knobs_Mat.mat using Guid(0283d6c6657ad004e94f050d12672f04) Importer(815301076,1909f56bfc062723c751e8b465ee728b)  -> (artifact id: 'db5b877d81ab5cb6361e43a2125db371') in 0.031987 seconds 
========================================================================
Received Import Request.
  Time since last request: 0.000027 seconds.
  path: Assets/Rooms/Finalized Rooms/Materials/HR_NS_Top_Edges_Mat.mat
  artifactKey: Guid(18713d5d59002d44987018c2bcc612f2) Importer(815301076,1909f56bfc062723c751e8b465ee728b)
Start importing Assets/Rooms/Finalized Rooms/Materials/HR_NS_Top_Edges_Mat.mat using Guid(18713d5d59002d44987018c2bcc612f2) Importer(815301076,1909f56bfc062723c751e8b465ee728b)  -> (artifact id: '8e22dc15d181b521c04225e54876faa1') in 0.023728 seconds 
========================================================================
Received Import Request.
  Time since last request: 0.000387 seconds.
  path: Assets/Rooms/Finalized Rooms/Materials/HR_NS_Top_Mat.mat
  artifactKey: Guid(be88c385db754244f88b8af8de6cd1cb) Importer(815301076,1909f56bfc062723c751e8b465ee728b)
Start importing Assets/Rooms/Finalized Rooms/Materials/HR_NS_Top_Mat.mat using Guid(be88c385db754244f88b8af8de6cd1cb) Importer(815301076,1909f56bfc062723c751e8b465ee728b)  -> (artifact id: '0414dd52595f83c2346a0925564117bd') in 0.020231 seconds 
========================================================================
Received Import Request.
  Time since last request: 0.000031 seconds.
  path: Assets/Rooms/Finalized Rooms/Materials/HR_NS_Main_Mat.mat
  artifactKey: Guid(ed468ba4acce7d943b6dc050a073df6f) Importer(815301076,1909f56bfc062723c751e8b465ee728b)
Start importing Assets/Rooms/Finalized Rooms/Materials/HR_NS_Main_Mat.mat using Guid(ed468ba4acce7d943b6dc050a073df6f) Importer(815301076,1909f56bfc062723c751e8b465ee728b)  -> (artifact id: '3178021e3989e3b35ffac2dd6719e6b4') in 0.026542 seconds 
========================================================================
Received Import Request.
  Time since last request: 14.173395 seconds.
  path: Assets/Rooms/Finalized Rooms/Materials/Full_Bed
  artifactKey: Guid(0055fc8dd9f79a741ae0e0961c1add5d) Importer(815301076,1909f56bfc062723c751e8b465ee728b)
Start importing Assets/Rooms/Finalized Rooms/Materials/Full_Bed using Guid(0055fc8dd9f79a741ae0e0961c1add5d) Importer(815301076,1909f56bfc062723c751e8b465ee728b)  -> (artifact id: 'a0cc37a090e39ba8102ea911bfa12875') in 0.003111 seconds 
========================================================================
Received Import Request.
  Time since last request: 12.714623 seconds.
  path: Assets/Rooms/Finalized Rooms/Materials/Walls_Floor_Doors
  artifactKey: Guid(f34a2818b2f101d4eb9926700a4b1120) Importer(815301076,1909f56bfc062723c751e8b465ee728b)
Start importing Assets/Rooms/Finalized Rooms/Materials/Walls_Floor_Doors using Guid(f34a2818b2f101d4eb9926700a4b1120) Importer(815301076,1909f56bfc062723c751e8b465ee728b)  -> (artifact id: '21aef83cfdd50a2472a9178f60ef2238') in 0.003679 seconds 
========================================================================
Received Import Request.
  Time since last request: 38.503202 seconds.
  path: Assets/Rooms/Finalized Rooms/Materials/Chair
  artifactKey: Guid(bea02f59f0ff8e149b39f96bedf11e2b) Importer(815301076,1909f56bfc062723c751e8b465ee728b)
Start importing Assets/Rooms/Finalized Rooms/Materials/Chair using Guid(bea02f59f0ff8e149b39f96bedf11e2b) Importer(815301076,1909f56bfc062723c751e8b465ee728b)  -> (artifact id: 'cf08fd9b5d45fde88ae3a7962e6d9182') in 0.003414 seconds 
========================================================================
Received Import Request.
  Time since last request: 11.501290 seconds.
  path: Assets/Rooms/Finalized Rooms/Materials/Long_Table
  artifactKey: Guid(694cdb546cf0a654ab82ad18ba3e198d) Importer(815301076,1909f56bfc062723c751e8b465ee728b)
Start importing Assets/Rooms/Finalized Rooms/Materials/Long_Table using Guid(694cdb546cf0a654ab82ad18ba3e198d) Importer(815301076,1909f56bfc062723c751e8b465ee728b)  -> (artifact id: '82421531562d914391eb542fb3e9b254') in 0.002472 seconds 
========================================================================
Received Import Request.
  Time since last request: 12.162152 seconds.
  path: Assets/Rooms/Finalized Rooms/Materials/Nightstand
  artifactKey: Guid(6d76cbac4b5b46a4d80c5a64db6168b6) Importer(815301076,1909f56bfc062723c751e8b465ee728b)
Start importing Assets/Rooms/Finalized Rooms/Materials/Nightstand using Guid(6d76cbac4b5b46a4d80c5a64db6168b6) Importer(815301076,1909f56bfc062723c751e8b465ee728b)  -> (artifact id: '366887d1e97e2c3567676ec48b4c90fb') in 0.008547 seconds 
========================================================================
Received Import Request.
  Time since last request: 18.879461 seconds.
  path: Assets/Rooms/Finalized Rooms/Materials/Trolly
  artifactKey: Guid(4e58603fbb9cb1042923398ade022694) Importer(815301076,1909f56bfc062723c751e8b465ee728b)
Start importing Assets/Rooms/Finalized Rooms/Materials/Trolly using Guid(4e58603fbb9cb1042923398ade022694) Importer(815301076,1909f56bfc062723c751e8b465ee728b)  -> (artifact id: '34173b810f21bc5cfb0dc3d365679ba5') in 0.002377 seconds 
========================================================================
Received Import Request.
  Time since last request: 26.588520 seconds.
  path: Assets/Rooms/Finalized Rooms/Textures/Curtains
  artifactKey: Guid(4e19b3edbae787c45a9bb37b87a6b029) Importer(815301076,1909f56bfc062723c751e8b465ee728b)
Start importing Assets/Rooms/Finalized Rooms/Textures/Curtains using Guid(4e19b3edbae787c45a9bb37b87a6b029) Importer(815301076,1909f56bfc062723c751e8b465ee728b)  -> (artifact id: 'eb7f7aea26f5dbbb631fabf0baf90c27') in 0.012004 seconds 
========================================================================
Received Import Request.
  Time since last request: 2.525475 seconds.
  path: Assets/Rooms/Finalized Rooms/Textures/Curtains 1
  artifactKey: Guid(bcb312fa149ebf6498d7b5dac4b6d2f4) Importer(815301076,1909f56bfc062723c751e8b465ee728b)
Start importing Assets/Rooms/Finalized Rooms/Textures/Curtains 1 using Guid(bcb312fa149ebf6498d7b5dac4b6d2f4) Importer(815301076,1909f56bfc062723c751e8b465ee728b)  -> (artifact id: '703aee7f339141119f71f07a7814fcfc') in 0.010788 seconds 
========================================================================
Received Import Request.
  Time since last request: 16.790274 seconds.
  path: Assets/Rooms/Finalized Rooms/Textures/HR_Crt_Fabric_Back_Combined_Maps.png
  artifactKey: Guid(3a38d7ebc9e3ec14da8f3a43395eb940) Importer(815301076,1909f56bfc062723c751e8b465ee728b)
Start importing Assets/Rooms/Finalized Rooms/Textures/HR_Crt_Fabric_Back_Combined_Maps.png using Guid(3a38d7ebc9e3ec14da8f3a43395eb940) Importer(815301076,1909f56bfc062723c751e8b465ee728b)  -> (artifact id: '24f2a15e88efc1199a646ba4d61cc67d') in 0.017765 seconds 
========================================================================
Received Import Request.
  Time since last request: 0.097111 seconds.
  path: Assets/Rooms/Finalized Rooms/Textures/HR_Crt_Metal_Combined_Maps.png
  artifactKey: Guid(9f167370426b72e40bfafeaecfdc2e29) Importer(815301076,1909f56bfc062723c751e8b465ee728b)
Start importing Assets/Rooms/Finalized Rooms/Textures/HR_Crt_Metal_Combined_Maps.png using Guid(9f167370426b72e40bfafeaecfdc2e29) Importer(815301076,1909f56bfc062723c751e8b465ee728b)  -> (artifact id: 'd491017d32237e7695ed1ea28955df0b') in 0.067360 seconds 
========================================================================
Received Import Request.
  Time since last request: 0.000028 seconds.
  path: Assets/Rooms/Finalized Rooms/Textures/HR_Crt_Fabric_Sides_Combined_Maps.png
  artifactKey: Guid(f28b981c8f1117a409d980a612482ccf) Importer(815301076,1909f56bfc062723c751e8b465ee728b)
Start importing Assets/Rooms/Finalized Rooms/Textures/HR_Crt_Fabric_Sides_Combined_Maps.png using Guid(f28b981c8f1117a409d980a612482ccf) Importer(815301076,1909f56bfc062723c751e8b465ee728b)  -> (artifact id: 'eddc56a237a680dbcf6c05fa7a882782') in 0.074114 seconds 
========================================================================
Received Import Request.
  Time since last request: 5.871911 seconds.
  path: Assets/Rooms/Finalized Rooms/Textures/New Material 1.mat
  artifactKey: Guid(0d483551a3bf70c47b909e8d2cec4234) Importer(815301076,1909f56bfc062723c751e8b465ee728b)
Start importing Assets/Rooms/Finalized Rooms/Textures/New Material 1.mat using Guid(0d483551a3bf70c47b909e8d2cec4234) Importer(815301076,1909f56bfc062723c751e8b465ee728b)  -> (artifact id: 'ed8470067f48b7609107d22a6138cc26') in 0.072652 seconds 
========================================================================
Received Import Request.
  Time since last request: 0.995263 seconds.
  path: Assets/Rooms/Finalized Rooms/Textures/New Material 2.mat
  artifactKey: Guid(09e03df85cd113e4488a08730f7ada53) Importer(815301076,1909f56bfc062723c751e8b465ee728b)
Start importing Assets/Rooms/Finalized Rooms/Textures/New Material 2.mat using Guid(09e03df85cd113e4488a08730f7ada53) Importer(815301076,1909f56bfc062723c751e8b465ee728b)  -> (artifact id: '986499ff717eb57ca6092fb7e2014961') in 0.024361 seconds 
========================================================================
Received Import Request.
  Time since last request: 0.583825 seconds.
  path: Assets/Rooms/Finalized Rooms/Textures/New Material 3.mat
  artifactKey: Guid(e13ae9605b9187c47a286df2aafb2626) Importer(815301076,1909f56bfc062723c751e8b465ee728b)
Start importing Assets/Rooms/Finalized Rooms/Textures/New Material 3.mat using Guid(e13ae9605b9187c47a286df2aafb2626) Importer(815301076,1909f56bfc062723c751e8b465ee728b)  -> (artifact id: 'f50a5f46608ef668f814b427cc674d2d') in 0.109133 seconds 
========================================================================
Received Import Request.
  Time since last request: 0.645192 seconds.
  path: Assets/Rooms/Finalized Rooms/Textures/New Material 4.mat
  artifactKey: Guid(6113ec1f842d12644a55ce1b4501cfa1) Importer(815301076,1909f56bfc062723c751e8b465ee728b)
Start importing Assets/Rooms/Finalized Rooms/Textures/New Material 4.mat using Guid(6113ec1f842d12644a55ce1b4501cfa1) Importer(815301076,1909f56bfc062723c751e8b465ee728b)  -> (artifact id: '9435111087686da023354b61030d3fa0') in 0.015514 seconds 
========================================================================
Received Import Request.
  Time since last request: 0.825194 seconds.
  path: Assets/Rooms/Finalized Rooms/Textures/New Material 5.mat
  artifactKey: Guid(73277413bb0844146850d557e1c16236) Importer(815301076,1909f56bfc062723c751e8b465ee728b)
Start importing Assets/Rooms/Finalized Rooms/Textures/New Material 5.mat using Guid(73277413bb0844146850d557e1c16236) Importer(815301076,1909f56bfc062723c751e8b465ee728b)  -> (artifact id: 'a14461aebf68ea122b25d3a8fda20c5e') in 0.017285 seconds 
========================================================================
Received Import Request.
  Time since last request: 19.098945 seconds.
  path: Assets/Rooms/Finalized Rooms/Textures/HR_Crt_Front_mat.mat
  artifactKey: Guid(0d483551a3bf70c47b909e8d2cec4234) Importer(815301076,1909f56bfc062723c751e8b465ee728b)
Start importing Assets/Rooms/Finalized Rooms/Textures/HR_Crt_Front_mat.mat using Guid(0d483551a3bf70c47b909e8d2cec4234) Importer(815301076,1909f56bfc062723c751e8b465ee728b)  -> (artifact id: 'cbc8e7997e57c5addcfa691003da2455') in 0.019080 seconds 
========================================================================
Received Import Request.
  Time since last request: 5.069649 seconds.
  path: Assets/Rooms/Finalized Rooms/Textures/HR_Crt_Front_Mat.mat
  artifactKey: Guid(0d483551a3bf70c47b909e8d2cec4234) Importer(815301076,1909f56bfc062723c751e8b465ee728b)
Start importing Assets/Rooms/Finalized Rooms/Textures/HR_Crt_Front_Mat.mat using Guid(0d483551a3bf70c47b909e8d2cec4234) Importer(815301076,1909f56bfc062723c751e8b465ee728b)  -> (artifact id: '484aa2793e623abf4fc8621bd0cebdfe') in 0.022524 seconds 
========================================================================
Received Import Request.
  Time since last request: 11.986952 seconds.
  path: Assets/Rooms/Finalized Rooms/Textures/HR_Crt_Back_Mat.mat
  artifactKey: Guid(09e03df85cd113e4488a08730f7ada53) Importer(815301076,1909f56bfc062723c751e8b465ee728b)
Start importing Assets/Rooms/Finalized Rooms/Textures/HR_Crt_Back_Mat.mat using Guid(09e03df85cd113e4488a08730f7ada53) Importer(815301076,1909f56bfc062723c751e8b465ee728b)  -> (artifact id: '05aea188212da641c0a1a23938d8a093') in 0.022818 seconds 
========================================================================
Received Import Request.
  Time since last request: 11.363566 seconds.
  path: Assets/Rooms/Finalized Rooms/Textures/HR_Crt_Sides_Mat.mat
  artifactKey: Guid(e13ae9605b9187c47a286df2aafb2626) Importer(815301076,1909f56bfc062723c751e8b465ee728b)
Start importing Assets/Rooms/Finalized Rooms/Textures/HR_Crt_Sides_Mat.mat using Guid(e13ae9605b9187c47a286df2aafb2626) Importer(815301076,1909f56bfc062723c751e8b465ee728b)  -> (artifact id: '16122429d3044eae0ef794e7c68a21cc') in 0.017933 seconds 
========================================================================
Received Import Request.
  Time since last request: 13.832542 seconds.
  path: Assets/Rooms/Finalized Rooms/Textures/HR_Crt_Metal_Mat.mat
  artifactKey: Guid(6113ec1f842d12644a55ce1b4501cfa1) Importer(815301076,1909f56bfc062723c751e8b465ee728b)
Start importing Assets/Rooms/Finalized Rooms/Textures/HR_Crt_Metal_Mat.mat using Guid(6113ec1f842d12644a55ce1b4501cfa1) Importer(815301076,1909f56bfc062723c751e8b465ee728b)  -> (artifact id: '878d2ef77beb1a4dda9befa76932b6c4') in 0.019383 seconds 
========================================================================
Received Import Request.
  Time since last request: 15.000938 seconds.
  path: Assets/Rooms/Finalized Rooms/Textures/HR_Crt_Wheels_Mat.mat
  artifactKey: Guid(73277413bb0844146850d557e1c16236) Importer(815301076,1909f56bfc062723c751e8b465ee728b)
Start importing Assets/Rooms/Finalized Rooms/Textures/HR_Crt_Wheels_Mat.mat using Guid(73277413bb0844146850d557e1c16236) Importer(815301076,1909f56bfc062723c751e8b465ee728b)  -> (artifact id: 'e5a28514e47c6968048014aece524e48') in 0.020191 seconds 
========================================================================
Received Import Request.
  Time since last request: 191.899993 seconds.
  path: Assets/Rooms/Finalized Rooms/Flower.fbx
  artifactKey: Guid(c0535f4c1adfd0449b156f56cd1fb465) Importer(815301076,1909f56bfc062723c751e8b465ee728b)
Start importing Assets/Rooms/Finalized Rooms/Flower.fbx using Guid(c0535f4c1adfd0449b156f56cd1fb465) Importer(815301076,1909f56bfc062723c751e8b465ee728b)  -> (artifact id: 'e6f0cd5f7a1a07024b095d6ec2b86419') in 0.040271 seconds 
========================================================================
Received Import Request.
  Time since last request: 75.749148 seconds.
  path: Assets/Rooms/Finalized Rooms/Textures/Rose_Head_Combined_Maps.png
  artifactKey: Guid(b59f2f080ee6ade4fb7260ce2f047ba0) Importer(815301076,1909f56bfc062723c751e8b465ee728b)
Start importing Assets/Rooms/Finalized Rooms/Textures/Rose_Head_Combined_Maps.png using Guid(b59f2f080ee6ade4fb7260ce2f047ba0) Importer(815301076,1909f56bfc062723c751e8b465ee728b)  -> (artifact id: 'c689c4b6f73922b751e30971ce100ea3') in 0.020700 seconds 
========================================================================
Received Import Request.
  Time since last request: 4.051634 seconds.
  path: Assets/Rooms/Finalized Rooms/Textures/New Material 1.mat
  artifactKey: Guid(6bbbbd890aa0ef946b8d8e6b0e7e8298) Importer(815301076,1909f56bfc062723c751e8b465ee728b)
Start importing Assets/Rooms/Finalized Rooms/Textures/New Material 1.mat using Guid(6bbbbd890aa0ef946b8d8e6b0e7e8298) Importer(815301076,1909f56bfc062723c751e8b465ee728b)  -> (artifact id: 'c33007c67d2e44598cb4ad305fb53c05') in 0.021885 seconds 
========================================================================
Received Import Request.
  Time since last request: 0.979274 seconds.
  path: Assets/Rooms/Finalized Rooms/Textures/New Material 2.mat
  artifactKey: Guid(35300441525a2f249bc07c8577ed6259) Importer(815301076,1909f56bfc062723c751e8b465ee728b)
Start importing Assets/Rooms/Finalized Rooms/Textures/New Material 2.mat using Guid(35300441525a2f249bc07c8577ed6259) Importer(815301076,1909f56bfc062723c751e8b465ee728b)  -> (artifact id: 'bb493124f378260b0407e0df5e6786d6') in 0.017313 seconds 
========================================================================
Received Import Request.
  Time since last request: 11.542912 seconds.
  path: Assets/Rooms/Finalized Rooms/Textures/HR_Rose_Head_Mat.mat
  artifactKey: Guid(6bbbbd890aa0ef946b8d8e6b0e7e8298) Importer(815301076,1909f56bfc062723c751e8b465ee728b)
Start importing Assets/Rooms/Finalized Rooms/Textures/HR_Rose_Head_Mat.mat using Guid(6bbbbd890aa0ef946b8d8e6b0e7e8298) Importer(815301076,1909f56bfc062723c751e8b465ee728b)  -> (artifact id: '5d9b85bf6586a56917ef5c9d15a37eb9') in 0.023012 seconds 
========================================================================
Received Import Request.
  Time since last request: 9.246536 seconds.
  path: Assets/Rooms/Finalized Rooms/Textures/HR_Rose_Stalk_Mat.mat
  artifactKey: Guid(35300441525a2f249bc07c8577ed6259) Importer(815301076,1909f56bfc062723c751e8b465ee728b)
Start importing Assets/Rooms/Finalized Rooms/Textures/HR_Rose_Stalk_Mat.mat using Guid(35300441525a2f249bc07c8577ed6259) Importer(815301076,1909f56bfc062723c751e8b465ee728b)  -> (artifact id: '4a8f11055615125e3d697da03e71bf42') in 0.023980 seconds 
========================================================================
Received Import Request.
  Time since last request: 22.540669 seconds.
  path: Assets/Rooms/Finalized Rooms/Textures/Flower
  artifactKey: Guid(d5e9aae49b2fcc841ae1adfb4d5cdcb9) Importer(815301076,1909f56bfc062723c751e8b465ee728b)
Start importing Assets/Rooms/Finalized Rooms/Textures/Flower using Guid(d5e9aae49b2fcc841ae1adfb4d5cdcb9) Importer(815301076,1909f56bfc062723c751e8b465ee728b)  -> (artifact id: 'ef69019b8b6978ff549862cd41ba1dac') in 0.002888 seconds 
========================================================================
Received Import Request.
  Time since last request: 13.962743 seconds.
  path: Assets/Rooms/Finalized Rooms/Textures/Flower 1
  artifactKey: Guid(fe26853f6f7441c4fb26a28b49a53ba1) Importer(815301076,1909f56bfc062723c751e8b465ee728b)
Start importing Assets/Rooms/Finalized Rooms/Textures/Flower 1 using Guid(fe26853f6f7441c4fb26a28b49a53ba1) Importer(815301076,1909f56bfc062723c751e8b465ee728b)  -> (artifact id: 'fb0f9898feb93f989504aeedf78b0715') in 0.007561 seconds 
========================================================================
Received Import Request.
  Time since last request: 25.264160 seconds.
  path: Assets/Rooms/Finalized Rooms/Materials/Curtains
  artifactKey: Guid(bcb312fa149ebf6498d7b5dac4b6d2f4) Importer(815301076,1909f56bfc062723c751e8b465ee728b)
Start importing Assets/Rooms/Finalized Rooms/Materials/Curtains using Guid(bcb312fa149ebf6498d7b5dac4b6d2f4) Importer(815301076,1909f56bfc062723c751e8b465ee728b)  -> (artifact id: 'd26a5afa2864730b1e52a7003d8892eb') in 0.002602 seconds 
========================================================================
Received Import Request.
  Time since last request: 9.160884 seconds.
  path: Assets/Rooms/Finalized Rooms/Materials/Flower
  artifactKey: Guid(fe26853f6f7441c4fb26a28b49a53ba1) Importer(815301076,1909f56bfc062723c751e8b465ee728b)
Start importing Assets/Rooms/Finalized Rooms/Materials/Flower using Guid(fe26853f6f7441c4fb26a28b49a53ba1) Importer(815301076,1909f56bfc062723c751e8b465ee728b)  -> (artifact id: '6489dcb4240e5d5e870abdc639054e2d') in 0.002847 seconds 
========================================================================
Received Import Request.
  Time since last request: 923.213559 seconds.
  path: Assets/Scenes/HR's
  artifactKey: Guid(685eb4e8eb54c264aa500d2f2e11cfc8) Importer(815301076,1909f56bfc062723c751e8b465ee728b)
Start importing Assets/Scenes/HR's using Guid(685eb4e8eb54c264aa500d2f2e11cfc8) Importer(815301076,1909f56bfc062723c751e8b465ee728b)  -> (artifact id: '37dd6f49abf3d81052a61d35e67dbaad') in 0.008078 seconds 
