Using pre-set license
Built from '2021.3/staging' branch; Version is '2021.3.9f1 (ad3870b89536) revision 11352176'; Using compiler version '192829333'; Build Type 'Release'
OS: 'Windows 11  (10.0.22621) 64bit Core' Language: 'en' Physical Memory: 8078 MB
BatchMode: 1, IsHumanControllingUs: 0, StartBugReporterOnCrash: 0, Is64bit: 1, IsPro: 1

COMMAND LINE ARGUMENTS:
C:\Program Files\Unity\Hub\Editor\2021.3.9f1\Editor\Unity.exe
-adb2
-batchMode
-noUpm
-name
AssetImportWorker5
-projectPath
C:/Users/wbwar/Documents/GitHub/Project-Dev_Team-2/Remember-to-Forget
-logFile
Logs/AssetImportWorker5.log
-srvPort
58736
Successfully changed project path to: C:/Users/wbwar/Documents/GitHub/Project-Dev_Team-2/Remember-to-Forget
C:/Users/wbwar/Documents/GitHub/Project-Dev_Team-2/Remember-to-Forget
[UnityMemory] Configuration Parameters - Can be set up in boot.config
    "memorysetup-bucket-allocator-granularity=16"
    "memorysetup-bucket-allocator-bucket-count=8"
    "memorysetup-bucket-allocator-block-size=33554432"
    "memorysetup-bucket-allocator-block-count=8"
    "memorysetup-main-allocator-block-size=16777216"
    "memorysetup-thread-allocator-block-size=16777216"
    "memorysetup-gfx-main-allocator-block-size=16777216"
    "memorysetup-gfx-thread-allocator-block-size=16777216"
    "memorysetup-cache-allocator-block-size=4194304"
    "memorysetup-typetree-allocator-block-size=2097152"
    "memorysetup-profiler-bucket-allocator-granularity=16"
    "memorysetup-profiler-bucket-allocator-bucket-count=8"
    "memorysetup-profiler-bucket-allocator-block-size=33554432"
    "memorysetup-profiler-bucket-allocator-block-count=8"
    "memorysetup-profiler-allocator-block-size=16777216"
    "memorysetup-profiler-editor-allocator-block-size=1048576"
    "memorysetup-temp-allocator-size-main=16777216"
    "memorysetup-job-temp-allocator-block-size=2097152"
    "memorysetup-job-temp-allocator-block-size-background=1048576"
    "memorysetup-job-temp-allocator-reduction-small-platforms=262144"
    "memorysetup-temp-allocator-size-background-worker=32768"
    "memorysetup-temp-allocator-size-job-worker=262144"
    "memorysetup-temp-allocator-size-preload-manager=33554432"
    "memorysetup-temp-allocator-size-nav-mesh-worker=65536"
    "memorysetup-temp-allocator-size-audio-worker=65536"
    "memorysetup-temp-allocator-size-cloud-worker=32768"
    "memorysetup-temp-allocator-size-gi-baking-worker=262144"
    "memorysetup-temp-allocator-size-gfx=262144"
Refreshing native plugins compatible for Editor in 74.30 ms, found 3 plugins.
Preloading 0 native plugins for Editor in 0.00 ms.
Initialize engine version: 2021.3.9f1 (ad3870b89536)
[Subsystems] Discovering subsystems at path C:/Program Files/Unity/Hub/Editor/2021.3.9f1/Editor/Data/Resources/UnitySubsystems
[Subsystems] Discovering subsystems at path C:/Users/wbwar/Documents/GitHub/Project-Dev_Team-2/Remember-to-Forget/Assets
GfxDevice: creating device client; threaded=0; jobified=0
Direct3D:
    Version:  Direct3D 11.0 [level 11.1]
    Renderer: NVIDIA GeForce GTX 1050 (ID=0x1c81)
    Vendor:   NVIDIA
    VRAM:     1976 MB
    Driver:   31.0.15.3168
Initialize mono
Mono path[0] = 'C:/Program Files/Unity/Hub/Editor/2021.3.9f1/Editor/Data/Managed'
Mono path[1] = 'C:/Program Files/Unity/Hub/Editor/2021.3.9f1/Editor/Data/MonoBleedingEdge/lib/mono/unityjit-win32'
Mono config path = 'C:/Program Files/Unity/Hub/Editor/2021.3.9f1/Editor/Data/MonoBleedingEdge/etc'
Using monoOptions --debugger-agent=transport=dt_socket,embedding=1,server=y,suspend=n,address=127.0.0.1:56992
Begin MonoManager ReloadAssembly
Registering precompiled unity dll's ...
Register platform support module: C:/Program Files/Unity/Hub/Editor/2021.3.9f1/Editor/Data/PlaybackEngines/WindowsStandaloneSupport/UnityEditor.WindowsStandalone.Extensions.dll
Registered in 0.006931 seconds.
Native extension for WindowsStandalone target not found
Refreshing native plugins compatible for Editor in 71.28 ms, found 3 plugins.
Preloading 0 native plugins for Editor in 0.00 ms.
Mono: successfully reloaded assembly
- Completed reload, in  0.777 seconds
Domain Reload Profiling:
	ReloadAssembly (778ms)
		BeginReloadAssembly (86ms)
			ExecutionOrderSort (0ms)
			DisableScriptedObjects (0ms)
			BackupInstance (0ms)
			ReleaseScriptingObjects (0ms)
			CreateAndSetChildDomain (1ms)
		EndReloadAssembly (564ms)
			LoadAssemblies (83ms)
			RebuildTransferFunctionScriptingTraits (0ms)
			SetupTypeCache (124ms)
			ReleaseScriptCaches (0ms)
			RebuildScriptCaches (34ms)
			SetupLoadedEditorAssemblies (295ms)
				LogAssemblyErrors (0ms)
				InitializePlatformSupportModulesInManaged (8ms)
				SetLoadedEditorAssemblies (0ms)
				RefreshPlugins (71ms)
				BeforeProcessingInitializeOnLoad (1ms)
				ProcessInitializeOnLoadAttributes (161ms)
				ProcessInitializeOnLoadMethodAttributes (53ms)
				AfterProcessingInitializeOnLoad (0ms)
				EditorAssembliesLoaded (0ms)
			ExecutionOrderSort2 (0ms)
			AwakeInstancesAfterBackupRestoration (0ms)
Platform modules already initialized, skipping
Registering precompiled user dll's ...
Registered in 0.009003 seconds.
Begin MonoManager ReloadAssembly
Native extension for WindowsStandalone target not found
Refreshing native plugins compatible for Editor in 69.51 ms, found 3 plugins.
Preloading 0 native plugins for Editor in 0.00 ms.
Mono: successfully reloaded assembly
- Completed reload, in  1.809 seconds
Domain Reload Profiling:
	ReloadAssembly (1809ms)
		BeginReloadAssembly (132ms)
			ExecutionOrderSort (0ms)
			DisableScriptedObjects (6ms)
			BackupInstance (0ms)
			ReleaseScriptingObjects (0ms)
			CreateAndSetChildDomain (21ms)
		EndReloadAssembly (1531ms)
			LoadAssemblies (118ms)
			RebuildTransferFunctionScriptingTraits (0ms)
			SetupTypeCache (400ms)
			ReleaseScriptCaches (1ms)
			RebuildScriptCaches (71ms)
			SetupLoadedEditorAssemblies (895ms)
				LogAssemblyErrors (0ms)
				InitializePlatformSupportModulesInManaged (5ms)
				SetLoadedEditorAssemblies (0ms)
				RefreshPlugins (70ms)
				BeforeProcessingInitializeOnLoad (99ms)
				ProcessInitializeOnLoadAttributes (497ms)
				ProcessInitializeOnLoadMethodAttributes (209ms)
				AfterProcessingInitializeOnLoad (14ms)
				EditorAssembliesLoaded (0ms)
			ExecutionOrderSort2 (0ms)
			AwakeInstancesAfterBackupRestoration (11ms)
Platform modules already initialized, skipping
========================================================================
Worker process is ready to serve import requests
Launched and connected shader compiler UnityShaderCompiler.exe after 0.19 seconds
Refreshing native plugins compatible for Editor in 2.44 ms, found 3 plugins.
Preloading 0 native plugins for Editor in 0.00 ms.
Unloading 4168 Unused Serialized files (Serialized files now loaded: 0)
Unloading 50 unused Assets / (0.8 MB). Loaded Objects now: 4626.
Memory consumption went from 184.1 MB to 183.4 MB.
Total: 6.065500 ms (FindLiveObjects: 0.474000 ms CreateObjectMapping: 0.456000 ms MarkObjects: 4.697000 ms  DeleteObjects: 0.436300 ms)

AssetImportParameters requested are different than current active one (requested -> active):
  custom:video-decoder-ogg-theora: a1e56fd34408186e4bbccfd4996cb3dc -> 
  custom:container-muxer-webm: aa71ff27fc2769a1b78a27578f13a17b -> 
  custom:container-demuxer-webm: 4f35f7cbe854078d1ac9338744f61a02 -> 
  custom:video-encoder-webm-vp8: eb34c28f22e8b96e1ab97ce403110664 -> 
  custom:video-codec-MediaFoundation-h265: 746d11721c4dcdbdad8f713fa42b33f4 -> 
  custom:audio-encoder-webm-vorbis: bf7c407c2cedff20999df2af8eb42d56 -> 
  custom:framework-win-MediaFoundation: 216162199b28c13a410421893ffa2e32 -> 
  custom:container-demuxer-ogg: 62fdf1f143b41e24485cea50d1cbac27 -> 
  custom:video-decoder-webm-vp8: 9c59270c3fd7afecdb556c50c9e8de78 -> 
  custom:audio-decoder-ogg-vorbis: bf7c407c2cedff20999df2af8eb42d56 -> 
========================================================================
Received Import Request.
  Time since last request: 20617.361565 seconds.
  path: Assets/Rooms/WR2_Whitebox.fbx
  artifactKey: Guid(9373f1de34abe14488c697c3de6e4b27) Importer(815301076,1909f56bfc062723c751e8b465ee728b)
Start importing Assets/Rooms/WR2_Whitebox.fbx using Guid(9373f1de34abe14488c697c3de6e4b27) Importer(815301076,1909f56bfc062723c751e8b465ee728b)  -> (artifact id: 'b1eedc655377cd00b15c3c8813063875') in 5.927425 seconds 
========================================================================
Received Import Request.
  Time since last request: 0.000037 seconds.
  path: Assets/Rooms/HR0_Tutorial_Whitebox.fbx
  artifactKey: Guid(15f337e5e056af64891c1e2f42edc465) Importer(815301076,1909f56bfc062723c751e8b465ee728b)
Start importing Assets/Rooms/HR0_Tutorial_Whitebox.fbx using Guid(15f337e5e056af64891c1e2f42edc465) Importer(815301076,1909f56bfc062723c751e8b465ee728b)  -> (artifact id: '6640c75956e81ea8a86a7e2ad6374b8b') in 0.869139 seconds 
========================================================================
Received Import Request.
  Time since last request: 0.000050 seconds.
  path: Assets/Rooms/WR3_Whitebox.fbx
  artifactKey: Guid(8eaba3b57b8db03448a103b147d45610) Importer(815301076,1909f56bfc062723c751e8b465ee728b)
Start importing Assets/Rooms/WR3_Whitebox.fbx using Guid(8eaba3b57b8db03448a103b147d45610) Importer(815301076,1909f56bfc062723c751e8b465ee728b)  -> (artifact id: '4651ddd05516b8d53bdc4fa825d599c2') in 1.628698 seconds 
========================================================================
Received Import Request.
  Time since last request: 0.000047 seconds.
  path: Assets/Rooms/ProjDev_Basement.fbx
  artifactKey: Guid(e2c5e02fa64370b4d8021b4d0eef7feb) Importer(815301076,1909f56bfc062723c751e8b465ee728b)
Start importing Assets/Rooms/ProjDev_Basement.fbx using Guid(e2c5e02fa64370b4d8021b4d0eef7feb) Importer(815301076,1909f56bfc062723c751e8b465ee728b)  -> (artifact id: '2a83a38f32b476c388a6c156efb790d8') in 4.926463 seconds 
========================================================================
Received Import Request.
  Time since last request: 0.000056 seconds.
  path: Assets/Rooms/ProjDev_ILR.fbx
  artifactKey: Guid(10bbebfc787ad4a4f8267f43c2e001a1) Importer(815301076,1909f56bfc062723c751e8b465ee728b)
Start importing Assets/Rooms/ProjDev_ILR.fbx using Guid(10bbebfc787ad4a4f8267f43c2e001a1) Importer(815301076,1909f56bfc062723c751e8b465ee728b)  -> (artifact id: 'caa085bf67bff4977ba3847f6fb177b1') in 1.074423 seconds 
========================================================================
Received Import Request.
  Time since last request: 15.970057 seconds.
  path: Assets/Rooms/Finalized Rooms/Curtains (Fixed V2).fbx
  artifactKey: Guid(57c548cd9311ad84aa0feb61bc689e67) Importer(815301076,1909f56bfc062723c751e8b465ee728b)
Start importing Assets/Rooms/Finalized Rooms/Curtains (Fixed V2).fbx using Guid(57c548cd9311ad84aa0feb61bc689e67) Importer(815301076,1909f56bfc062723c751e8b465ee728b)  -> (artifact id: 'b3094c444b4ad59d6924a4b736d82711') in 0.116450 seconds 
========================================================================
Received Import Request.
  Time since last request: 0.000240 seconds.
  path: Assets/Rooms/Finalized Rooms/Nightstand (Fixed V2).fbx
  artifactKey: Guid(0bf5819172b283b448cc4db5b267e748) Importer(815301076,1909f56bfc062723c751e8b465ee728b)
Start importing Assets/Rooms/Finalized Rooms/Nightstand (Fixed V2).fbx using Guid(0bf5819172b283b448cc4db5b267e748) Importer(815301076,1909f56bfc062723c751e8b465ee728b)  -> (artifact id: 'b63143b7c250b5f72c45d5dc7a417ad7') in 0.123862 seconds 
========================================================================
Received Import Request.
  Time since last request: 0.000050 seconds.
  path: Assets/Rooms/Finalized Rooms/LongTable (Fixed V2).fbx
  artifactKey: Guid(8e3420c6cfb5ac04d87a2fed16ca403b) Importer(815301076,1909f56bfc062723c751e8b465ee728b)
Start importing Assets/Rooms/Finalized Rooms/LongTable (Fixed V2).fbx using Guid(8e3420c6cfb5ac04d87a2fed16ca403b) Importer(815301076,1909f56bfc062723c751e8b465ee728b)  -> (artifact id: '995dcc675c639b5796759a7bd4cf7dfb') in 0.083705 seconds 
Editor requested this worker to shutdown with reason: Scaling down because of idle timeout
AssetImportWorker is now disconnected from the server
Process exiting
Exiting without the bug reporter. Application will terminate with return code 0