Using pre-set license
Built from '2021.3/staging' branch; Version is '2021.3.9f1 (ad3870b89536) revision 11352176'; Using compiler version '192829333'; Build Type 'Release'
OS: 'Windows 11  (10.0.22621) 64bit Core' Language: 'en' Physical Memory: 8078 MB
BatchMode: 1, IsHumanControllingUs: 0, StartBugReporterOnCrash: 0, Is64bit: 1, IsPro: 1

COMMAND LINE ARGUMENTS:
C:\Program Files\Unity\Hub\Editor\2021.3.9f1\Editor\Unity.exe
-adb2
-batchMode
-noUpm
-name
AssetImportWorker11
-projectPath
C:/Users/wbwar/Documents/GitHub/Project-Dev_Team-2/Remember-to-Forget
-logFile
Logs/AssetImportWorker11.log
-srvPort
59097
Successfully changed project path to: C:/Users/wbwar/Documents/GitHub/Project-Dev_Team-2/Remember-to-Forget
C:/Users/wbwar/Documents/GitHub/Project-Dev_Team-2/Remember-to-Forget
[UnityMemory] Configuration Parameters - Can be set up in boot.config
    "memorysetup-bucket-allocator-granularity=16"
    "memorysetup-bucket-allocator-bucket-count=8"
    "memorysetup-bucket-allocator-block-size=33554432"
    "memorysetup-bucket-allocator-block-count=8"
    "memorysetup-main-allocator-block-size=16777216"
    "memorysetup-thread-allocator-block-size=16777216"
    "memorysetup-gfx-main-allocator-block-size=16777216"
    "memorysetup-gfx-thread-allocator-block-size=16777216"
    "memorysetup-cache-allocator-block-size=4194304"
    "memorysetup-typetree-allocator-block-size=2097152"
    "memorysetup-profiler-bucket-allocator-granularity=16"
    "memorysetup-profiler-bucket-allocator-bucket-count=8"
    "memorysetup-profiler-bucket-allocator-block-size=33554432"
    "memorysetup-profiler-bucket-allocator-block-count=8"
    "memorysetup-profiler-allocator-block-size=16777216"
    "memorysetup-profiler-editor-allocator-block-size=1048576"
    "memorysetup-temp-allocator-size-main=16777216"
    "memorysetup-job-temp-allocator-block-size=2097152"
    "memorysetup-job-temp-allocator-block-size-background=1048576"
    "memorysetup-job-temp-allocator-reduction-small-platforms=262144"
    "memorysetup-temp-allocator-size-background-worker=32768"
    "memorysetup-temp-allocator-size-job-worker=262144"
    "memorysetup-temp-allocator-size-preload-manager=33554432"
    "memorysetup-temp-allocator-size-nav-mesh-worker=65536"
    "memorysetup-temp-allocator-size-audio-worker=65536"
    "memorysetup-temp-allocator-size-cloud-worker=32768"
    "memorysetup-temp-allocator-size-gi-baking-worker=262144"
    "memorysetup-temp-allocator-size-gfx=262144"
Refreshing native plugins compatible for Editor in 136.67 ms, found 3 plugins.
Preloading 0 native plugins for Editor in 0.00 ms.
Initialize engine version: 2021.3.9f1 (ad3870b89536)
[Subsystems] Discovering subsystems at path C:/Program Files/Unity/Hub/Editor/2021.3.9f1/Editor/Data/Resources/UnitySubsystems
[Subsystems] Discovering subsystems at path C:/Users/wbwar/Documents/GitHub/Project-Dev_Team-2/Remember-to-Forget/Assets
GfxDevice: creating device client; threaded=0; jobified=0
Direct3D:
    Version:  Direct3D 11.0 [level 11.1]
    Renderer: NVIDIA GeForce GTX 1050 (ID=0x1c81)
    Vendor:   NVIDIA
    VRAM:     1976 MB
    Driver:   31.0.15.3168
Initialize mono
Mono path[0] = 'C:/Program Files/Unity/Hub/Editor/2021.3.9f1/Editor/Data/Managed'
Mono path[1] = 'C:/Program Files/Unity/Hub/Editor/2021.3.9f1/Editor/Data/MonoBleedingEdge/lib/mono/unityjit-win32'
Mono config path = 'C:/Program Files/Unity/Hub/Editor/2021.3.9f1/Editor/Data/MonoBleedingEdge/etc'
Using monoOptions --debugger-agent=transport=dt_socket,embedding=1,server=y,suspend=n,address=127.0.0.1:56480
Begin MonoManager ReloadAssembly
Registering precompiled unity dll's ...
Register platform support module: C:/Program Files/Unity/Hub/Editor/2021.3.9f1/Editor/Data/PlaybackEngines/WindowsStandaloneSupport/UnityEditor.WindowsStandalone.Extensions.dll
Registered in 0.017672 seconds.
Native extension for WindowsStandalone target not found
Refreshing native plugins compatible for Editor in 68.16 ms, found 3 plugins.
Preloading 0 native plugins for Editor in 0.00 ms.
Mono: successfully reloaded assembly
- Completed reload, in  0.781 seconds
Domain Reload Profiling:
	ReloadAssembly (782ms)
		BeginReloadAssembly (111ms)
			ExecutionOrderSort (0ms)
			DisableScriptedObjects (0ms)
			BackupInstance (0ms)
			ReleaseScriptingObjects (0ms)
			CreateAndSetChildDomain (2ms)
		EndReloadAssembly (501ms)
			LoadAssemblies (101ms)
			RebuildTransferFunctionScriptingTraits (0ms)
			SetupTypeCache (119ms)
			ReleaseScriptCaches (0ms)
			RebuildScriptCaches (32ms)
			SetupLoadedEditorAssemblies (290ms)
				LogAssemblyErrors (0ms)
				InitializePlatformSupportModulesInManaged (8ms)
				SetLoadedEditorAssemblies (0ms)
				RefreshPlugins (68ms)
				BeforeProcessingInitializeOnLoad (1ms)
				ProcessInitializeOnLoadAttributes (157ms)
				ProcessInitializeOnLoadMethodAttributes (55ms)
				AfterProcessingInitializeOnLoad (0ms)
				EditorAssembliesLoaded (0ms)
			ExecutionOrderSort2 (0ms)
			AwakeInstancesAfterBackupRestoration (0ms)
Platform modules already initialized, skipping
Registering precompiled user dll's ...
Registered in 0.011609 seconds.
Begin MonoManager ReloadAssembly
Native extension for WindowsStandalone target not found
Refreshing native plugins compatible for Editor in 92.25 ms, found 3 plugins.
Preloading 0 native plugins for Editor in 0.00 ms.
Mono: successfully reloaded assembly
- Completed reload, in  1.899 seconds
Domain Reload Profiling:
	ReloadAssembly (1900ms)
		BeginReloadAssembly (124ms)
			ExecutionOrderSort (0ms)
			DisableScriptedObjects (6ms)
			BackupInstance (0ms)
			ReleaseScriptingObjects (0ms)
			CreateAndSetChildDomain (21ms)
		EndReloadAssembly (1643ms)
			LoadAssemblies (101ms)
			RebuildTransferFunctionScriptingTraits (0ms)
			SetupTypeCache (461ms)
			ReleaseScriptCaches (1ms)
			RebuildScriptCaches (96ms)
			SetupLoadedEditorAssemblies (906ms)
				LogAssemblyErrors (0ms)
				InitializePlatformSupportModulesInManaged (7ms)
				SetLoadedEditorAssemblies (0ms)
				RefreshPlugins (92ms)
				BeforeProcessingInitializeOnLoad (134ms)
				ProcessInitializeOnLoadAttributes (553ms)
				ProcessInitializeOnLoadMethodAttributes (111ms)
				AfterProcessingInitializeOnLoad (9ms)
				EditorAssembliesLoaded (0ms)
			ExecutionOrderSort2 (0ms)
			AwakeInstancesAfterBackupRestoration (9ms)
Platform modules already initialized, skipping
========================================================================
Worker process is ready to serve import requests
Launched and connected shader compiler UnityShaderCompiler.exe after 0.06 seconds
Refreshing native plugins compatible for Editor in 1.05 ms, found 3 plugins.
Preloading 0 native plugins for Editor in 0.00 ms.
Unloading 4168 Unused Serialized files (Serialized files now loaded: 0)
Unloading 50 unused Assets / (0.8 MB). Loaded Objects now: 4626.
Memory consumption went from 184.1 MB to 183.3 MB.
Total: 6.994100 ms (FindLiveObjects: 0.543000 ms CreateObjectMapping: 0.435500 ms MarkObjects: 5.568200 ms  DeleteObjects: 0.445700 ms)

AssetImportParameters requested are different than current active one (requested -> active):
  custom:video-decoder-ogg-theora: a1e56fd34408186e4bbccfd4996cb3dc -> 
  custom:container-muxer-webm: aa71ff27fc2769a1b78a27578f13a17b -> 
  custom:container-demuxer-webm: 4f35f7cbe854078d1ac9338744f61a02 -> 
  custom:video-encoder-webm-vp8: eb34c28f22e8b96e1ab97ce403110664 -> 
  custom:video-codec-MediaFoundation-h265: 746d11721c4dcdbdad8f713fa42b33f4 -> 
  custom:audio-encoder-webm-vorbis: bf7c407c2cedff20999df2af8eb42d56 -> 
  custom:framework-win-MediaFoundation: 216162199b28c13a410421893ffa2e32 -> 
  custom:container-demuxer-ogg: 62fdf1f143b41e24485cea50d1cbac27 -> 
  custom:video-decoder-webm-vp8: 9c59270c3fd7afecdb556c50c9e8de78 -> 
  custom:audio-decoder-ogg-vorbis: bf7c407c2cedff20999df2af8eb42d56 -> 
========================================================================
Received Import Request.
  Time since last request: 28359.284659 seconds.
  path: Assets/Rooms/Finalized Rooms/Textures/New Material 2.mat
  artifactKey: Guid(884ec54f8c5bcb8488b3bb408ef7c79b) Importer(815301076,1909f56bfc062723c751e8b465ee728b)
Start importing Assets/Rooms/Finalized Rooms/Textures/New Material 2.mat using Guid(884ec54f8c5bcb8488b3bb408ef7c79b) Importer(815301076,1909f56bfc062723c751e8b465ee728b)  -> (artifact id: '2ded146f8e843119fb3eca2002163654') in 0.233753 seconds 
========================================================================
Received Import Request.
  Time since last request: 0.404282 seconds.
  path: Assets/Rooms/Finalized Rooms/Textures/New Material 3.mat
  artifactKey: Guid(295a00bef86286d428ae872e23524bfe) Importer(815301076,1909f56bfc062723c751e8b465ee728b)
Start importing Assets/Rooms/Finalized Rooms/Textures/New Material 3.mat using Guid(295a00bef86286d428ae872e23524bfe) Importer(815301076,1909f56bfc062723c751e8b465ee728b)  -> (artifact id: '78a42c1dddca59957338248a0a328058') in 0.021752 seconds 
========================================================================
Received Import Request.
  Time since last request: 0.828823 seconds.
  path: Assets/Rooms/Finalized Rooms/Textures/New Material 4.mat
  artifactKey: Guid(1f198cbd45ddb6744bd32aaf3eb3053d) Importer(815301076,1909f56bfc062723c751e8b465ee728b)
Start importing Assets/Rooms/Finalized Rooms/Textures/New Material 4.mat using Guid(1f198cbd45ddb6744bd32aaf3eb3053d) Importer(815301076,1909f56bfc062723c751e8b465ee728b)  -> (artifact id: '2b7a5d0f435b23b603e31a3cdab35a45') in 0.016470 seconds 
========================================================================
Received Import Request.
  Time since last request: 1.373553 seconds.
  path: Assets/Rooms/Finalized Rooms/Textures/New Material 5.mat
  artifactKey: Guid(68c80da564cee224dbf4168666082508) Importer(815301076,1909f56bfc062723c751e8b465ee728b)
Start importing Assets/Rooms/Finalized Rooms/Textures/New Material 5.mat using Guid(68c80da564cee224dbf4168666082508) Importer(815301076,1909f56bfc062723c751e8b465ee728b)  -> (artifact id: '02c5f071579ac4673821ff34746b6e7e') in 0.017650 seconds 
========================================================================
Received Import Request.
  Time since last request: 0.837800 seconds.
  path: Assets/Rooms/Finalized Rooms/Textures/New Material 6.mat
  artifactKey: Guid(861a7a23f7ec6d94fbde0d08afe3d1e0) Importer(815301076,1909f56bfc062723c751e8b465ee728b)
Start importing Assets/Rooms/Finalized Rooms/Textures/New Material 6.mat using Guid(861a7a23f7ec6d94fbde0d08afe3d1e0) Importer(815301076,1909f56bfc062723c751e8b465ee728b)  -> (artifact id: 'ab7b07b090cc43be8f70d8791aa46dd8') in 0.020577 seconds 
========================================================================
Received Import Request.
  Time since last request: 27.516882 seconds.
  path: Assets/Rooms/Finalized Rooms/Textures/WR_BC_Color1_Mat.mat
  artifactKey: Guid(861a7a23f7ec6d94fbde0d08afe3d1e0) Importer(815301076,1909f56bfc062723c751e8b465ee728b)
Start importing Assets/Rooms/Finalized Rooms/Textures/WR_BC_Color1_Mat.mat using Guid(861a7a23f7ec6d94fbde0d08afe3d1e0) Importer(815301076,1909f56bfc062723c751e8b465ee728b)  -> (artifact id: 'fa37d35279a0eb80219653c882bfda2b') in 0.016692 seconds 
========================================================================
Received Import Request.
  Time since last request: 13.133132 seconds.
  path: Assets/Rooms/Finalized Rooms/Textures/WR_BC_Color2_Mat.mat
  artifactKey: Guid(68c80da564cee224dbf4168666082508) Importer(815301076,1909f56bfc062723c751e8b465ee728b)
Start importing Assets/Rooms/Finalized Rooms/Textures/WR_BC_Color2_Mat.mat using Guid(68c80da564cee224dbf4168666082508) Importer(815301076,1909f56bfc062723c751e8b465ee728b)  -> (artifact id: '4a7e1ae937e57350aaed6ed395b93fd9') in 0.024081 seconds 
========================================================================
Received Import Request.
  Time since last request: 7.428857 seconds.
  path: Assets/Rooms/Finalized Rooms/Textures/WR_BC_Color3_Mat.mat
  artifactKey: Guid(1f198cbd45ddb6744bd32aaf3eb3053d) Importer(815301076,1909f56bfc062723c751e8b465ee728b)
Start importing Assets/Rooms/Finalized Rooms/Textures/WR_BC_Color3_Mat.mat using Guid(1f198cbd45ddb6744bd32aaf3eb3053d) Importer(815301076,1909f56bfc062723c751e8b465ee728b)  -> (artifact id: 'fa4c41b87f67de2bf62e2b23f1c895ba') in 0.025266 seconds 
========================================================================
Received Import Request.
  Time since last request: 6.555738 seconds.
  path: Assets/Rooms/Finalized Rooms/Textures/WR_BC_Color4_Mat.mat
  artifactKey: Guid(295a00bef86286d428ae872e23524bfe) Importer(815301076,1909f56bfc062723c751e8b465ee728b)
Start importing Assets/Rooms/Finalized Rooms/Textures/WR_BC_Color4_Mat.mat using Guid(295a00bef86286d428ae872e23524bfe) Importer(815301076,1909f56bfc062723c751e8b465ee728b)  -> (artifact id: 'ad5c6ed7d504825ac8e11d96a856af88') in 0.015372 seconds 
========================================================================
Received Import Request.
  Time since last request: 13.356381 seconds.
  path: Assets/Rooms/Finalized Rooms/Textures/WR_BC_Main_Mat.mat
  artifactKey: Guid(884ec54f8c5bcb8488b3bb408ef7c79b) Importer(815301076,1909f56bfc062723c751e8b465ee728b)
Start importing Assets/Rooms/Finalized Rooms/Textures/WR_BC_Main_Mat.mat using Guid(884ec54f8c5bcb8488b3bb408ef7c79b) Importer(815301076,1909f56bfc062723c751e8b465ee728b)  -> (artifact id: '962e2c52c4f33bb0ea8bb8e3f3efc68e') in 0.017996 seconds 
========================================================================
Received Import Request.
  Time since last request: 95.586658 seconds.
  path: Assets/Rooms/Finalized Rooms/Textures/Bookshelf
  artifactKey: Guid(aff00305664cf8b4ebf80c8a89cd0d4c) Importer(815301076,1909f56bfc062723c751e8b465ee728b)
Start importing Assets/Rooms/Finalized Rooms/Textures/Bookshelf using Guid(aff00305664cf8b4ebf80c8a89cd0d4c) Importer(815301076,1909f56bfc062723c751e8b465ee728b)  -> (artifact id: 'bf54f2692d05da8309322a1b8f689e7f') in 0.007629 seconds 
========================================================================
Received Import Request.
  Time since last request: 23.003351 seconds.
  path: Assets/Rooms/Finalized Rooms/Materials/Bookshelf
  artifactKey: Guid(b56721a6796ada546bf5f39a33616f6a) Importer(815301076,1909f56bfc062723c751e8b465ee728b)
Start importing Assets/Rooms/Finalized Rooms/Materials/Bookshelf using Guid(b56721a6796ada546bf5f39a33616f6a) Importer(815301076,1909f56bfc062723c751e8b465ee728b)  -> (artifact id: 'bd195e107fb2cfeab1021525dbe48f30') in 0.003020 seconds 
========================================================================
Received Import Request.
  Time since last request: 728.906806 seconds.
  path: Assets/Scenes/WR's/WR1.unity
  artifactKey: Guid(a25796dc5f4d0104dacc7fead5eca29a) Importer(815301076,1909f56bfc062723c751e8b465ee728b)
Start importing Assets/Scenes/WR's/WR1.unity using Guid(a25796dc5f4d0104dacc7fead5eca29a) Importer(815301076,1909f56bfc062723c751e8b465ee728b)  -> (artifact id: '928790ece365c6c31fdc5feac0119151') in 0.003820 seconds 
========================================================================
Received Import Request.
  Time since last request: 45.075301 seconds.
  path: Assets/Scenes/WR's/WR2.unity
  artifactKey: Guid(94a492ed19f459144b760624d329cfdb) Importer(815301076,1909f56bfc062723c751e8b465ee728b)
Start importing Assets/Scenes/WR's/WR2.unity using Guid(94a492ed19f459144b760624d329cfdb) Importer(815301076,1909f56bfc062723c751e8b465ee728b)  -> (artifact id: 'c2a986476cb579c25519747f4a6f6d63') in 0.008929 seconds 
========================================================================
Received Import Request.
  Time since last request: 135.455677 seconds.
  path: Assets/Rooms/Finalized Rooms/Textures/WR_Key_Combined_Maps.png
  artifactKey: Guid(a32d940c3bc164d47bd15af37e61f478) Importer(815301076,1909f56bfc062723c751e8b465ee728b)
Start importing Assets/Rooms/Finalized Rooms/Textures/WR_Key_Combined_Maps.png using Guid(a32d940c3bc164d47bd15af37e61f478) Importer(815301076,1909f56bfc062723c751e8b465ee728b)  -> (artifact id: '8c4f37edd368a925a87f4358cd097212') in 0.058094 seconds 
========================================================================
Received Import Request.
  Time since last request: 2.570200 seconds.
  path: Assets/Rooms/Finalized Rooms/Textures/New Material 2.mat
  artifactKey: Guid(e5ea03ba953084b4a9ed506ef12aae80) Importer(815301076,1909f56bfc062723c751e8b465ee728b)
Start importing Assets/Rooms/Finalized Rooms/Textures/New Material 2.mat using Guid(e5ea03ba953084b4a9ed506ef12aae80) Importer(815301076,1909f56bfc062723c751e8b465ee728b)  -> (artifact id: 'a48acc476eef7b32eada5fad1f7ea0c3') in 0.027877 seconds 
========================================================================
Received Import Request.
  Time since last request: 13.629572 seconds.
  path: Assets/Rooms/Finalized Rooms/Textures/WR_Key_Mat.mat
  artifactKey: Guid(e5ea03ba953084b4a9ed506ef12aae80) Importer(815301076,1909f56bfc062723c751e8b465ee728b)
Start importing Assets/Rooms/Finalized Rooms/Textures/WR_Key_Mat.mat using Guid(e5ea03ba953084b4a9ed506ef12aae80) Importer(815301076,1909f56bfc062723c751e8b465ee728b)  -> (artifact id: '2d1d21321c5a810e98027c4ef6d3ee1a') in 0.018262 seconds 
========================================================================
Received Import Request.
  Time since last request: 59.026685 seconds.
  path: Assets/Rooms/Finalized Rooms/Textures/Key
  artifactKey: Guid(7b4f1e3c7bafd3240af6d8b99a0a707f) Importer(815301076,1909f56bfc062723c751e8b465ee728b)
Start importing Assets/Rooms/Finalized Rooms/Textures/Key using Guid(7b4f1e3c7bafd3240af6d8b99a0a707f) Importer(815301076,1909f56bfc062723c751e8b465ee728b)  -> (artifact id: '100e515ba755251a00faabbf825ffe4a') in 0.009609 seconds 
========================================================================
Received Import Request.
  Time since last request: 13.999844 seconds.
  path: Assets/Rooms/Finalized Rooms/Materials/Key
  artifactKey: Guid(c3d6909aca5eafc4d8f2ab94ad858492) Importer(815301076,1909f56bfc062723c751e8b465ee728b)
Start importing Assets/Rooms/Finalized Rooms/Materials/Key using Guid(c3d6909aca5eafc4d8f2ab94ad858492) Importer(815301076,1909f56bfc062723c751e8b465ee728b)  -> (artifact id: '5e6f50021c6a5ac544f3d3741e0a26ee') in 0.003595 seconds 
========================================================================
Received Import Request.
  Time since last request: 672.519281 seconds.
  path: Assets/Scenes/WR's/WR3.unity
  artifactKey: Guid(6adfbdc0121599e47b8e2962730dadec) Importer(815301076,1909f56bfc062723c751e8b465ee728b)
Start importing Assets/Scenes/WR's/WR3.unity using Guid(6adfbdc0121599e47b8e2962730dadec) Importer(815301076,1909f56bfc062723c751e8b465ee728b)  -> (artifact id: '8bc4410d9204fa82c3c4310e12f11ae5') in 0.009484 seconds 
========================================================================
Received Import Request.
  Time since last request: 238.095486 seconds.
  path: Assets/Scenes/HR's/HR0.unity
  artifactKey: Guid(1654e57df071a6f48bcf41dc30979c3c) Importer(815301076,1909f56bfc062723c751e8b465ee728b)
Start importing Assets/Scenes/HR's/HR0.unity using Guid(1654e57df071a6f48bcf41dc30979c3c) Importer(815301076,1909f56bfc062723c751e8b465ee728b)  -> (artifact id: 'a61bfd08b371a788150b55c06fc9ebe8') in 0.008018 seconds 
