Using pre-set license
Built from '2021.3/staging' branch; Version is '2021.3.9f1 (ad3870b89536) revision 11352176'; Using compiler version '192829333'; Build Type 'Release'
OS: 'Windows 11  (10.0.22621) 64bit Core' Language: 'en' Physical Memory: 8078 MB
BatchMode: 1, IsHumanControllingUs: 0, StartBugReporterOnCrash: 0, Is64bit: 1, IsPro: 1

COMMAND LINE ARGUMENTS:
C:\Program Files\Unity\Hub\Editor\2021.3.9f1\Editor\Unity.exe
-adb2
-batchMode
-noUpm
-name
AssetImportWorker12
-projectPath
C:/Users/wbwar/Documents/GitHub/Project-Dev_Team-2/Remember-to-Forget
-logFile
Logs/AssetImportWorker12.log
-srvPort
50259
Successfully changed project path to: C:/Users/wbwar/Documents/GitHub/Project-Dev_Team-2/Remember-to-Forget
C:/Users/wbwar/Documents/GitHub/Project-Dev_Team-2/Remember-to-Forget
[UnityMemory] Configuration Parameters - Can be set up in boot.config
    "memorysetup-bucket-allocator-granularity=16"
    "memorysetup-bucket-allocator-bucket-count=8"
    "memorysetup-bucket-allocator-block-size=33554432"
    "memorysetup-bucket-allocator-block-count=8"
    "memorysetup-main-allocator-block-size=16777216"
    "memorysetup-thread-allocator-block-size=16777216"
    "memorysetup-gfx-main-allocator-block-size=16777216"
    "memorysetup-gfx-thread-allocator-block-size=16777216"
    "memorysetup-cache-allocator-block-size=4194304"
    "memorysetup-typetree-allocator-block-size=2097152"
    "memorysetup-profiler-bucket-allocator-granularity=16"
    "memorysetup-profiler-bucket-allocator-bucket-count=8"
    "memorysetup-profiler-bucket-allocator-block-size=33554432"
    "memorysetup-profiler-bucket-allocator-block-count=8"
    "memorysetup-profiler-allocator-block-size=16777216"
    "memorysetup-profiler-editor-allocator-block-size=1048576"
    "memorysetup-temp-allocator-size-main=16777216"
    "memorysetup-job-temp-allocator-block-size=2097152"
    "memorysetup-job-temp-allocator-block-size-background=1048576"
    "memorysetup-job-temp-allocator-reduction-small-platforms=262144"
    "memorysetup-temp-allocator-size-background-worker=32768"
    "memorysetup-temp-allocator-size-job-worker=262144"
    "memorysetup-temp-allocator-size-preload-manager=33554432"
    "memorysetup-temp-allocator-size-nav-mesh-worker=65536"
    "memorysetup-temp-allocator-size-audio-worker=65536"
    "memorysetup-temp-allocator-size-cloud-worker=32768"
    "memorysetup-temp-allocator-size-gi-baking-worker=262144"
    "memorysetup-temp-allocator-size-gfx=262144"
Refreshing native plugins compatible for Editor in 92.05 ms, found 3 plugins.
Preloading 0 native plugins for Editor in 0.00 ms.
Initialize engine version: 2021.3.9f1 (ad3870b89536)
[Subsystems] Discovering subsystems at path C:/Program Files/Unity/Hub/Editor/2021.3.9f1/Editor/Data/Resources/UnitySubsystems
[Subsystems] Discovering subsystems at path C:/Users/wbwar/Documents/GitHub/Project-Dev_Team-2/Remember-to-Forget/Assets
GfxDevice: creating device client; threaded=0; jobified=0
Direct3D:
    Version:  Direct3D 11.0 [level 11.1]
    Renderer: NVIDIA GeForce GTX 1050 (ID=0x1c81)
    Vendor:   NVIDIA
    VRAM:     1976 MB
    Driver:   31.0.15.3179
Initialize mono
Mono path[0] = 'C:/Program Files/Unity/Hub/Editor/2021.3.9f1/Editor/Data/Managed'
Mono path[1] = 'C:/Program Files/Unity/Hub/Editor/2021.3.9f1/Editor/Data/MonoBleedingEdge/lib/mono/unityjit-win32'
Mono config path = 'C:/Program Files/Unity/Hub/Editor/2021.3.9f1/Editor/Data/MonoBleedingEdge/etc'
Using monoOptions --debugger-agent=transport=dt_socket,embedding=1,server=y,suspend=n,address=127.0.0.1:56588
Begin MonoManager ReloadAssembly
Registering precompiled unity dll's ...
Register platform support module: C:/Program Files/Unity/Hub/Editor/2021.3.9f1/Editor/Data/PlaybackEngines/WindowsStandaloneSupport/UnityEditor.WindowsStandalone.Extensions.dll
Registered in 0.006803 seconds.
Native extension for WindowsStandalone target not found
Refreshing native plugins compatible for Editor in 105.19 ms, found 3 plugins.
Preloading 0 native plugins for Editor in 0.00 ms.
Mono: successfully reloaded assembly
- Completed reload, in  1.047 seconds
Domain Reload Profiling:
	ReloadAssembly (1048ms)
		BeginReloadAssembly (157ms)
			ExecutionOrderSort (0ms)
			DisableScriptedObjects (0ms)
			BackupInstance (0ms)
			ReleaseScriptingObjects (0ms)
			CreateAndSetChildDomain (1ms)
		EndReloadAssembly (716ms)
			LoadAssemblies (154ms)
			RebuildTransferFunctionScriptingTraits (0ms)
			SetupTypeCache (184ms)
			ReleaseScriptCaches (0ms)
			RebuildScriptCaches (37ms)
			SetupLoadedEditorAssemblies (421ms)
				LogAssemblyErrors (0ms)
				InitializePlatformSupportModulesInManaged (10ms)
				SetLoadedEditorAssemblies (0ms)
				RefreshPlugins (105ms)
				BeforeProcessingInitializeOnLoad (2ms)
				ProcessInitializeOnLoadAttributes (228ms)
				ProcessInitializeOnLoadMethodAttributes (77ms)
				AfterProcessingInitializeOnLoad (0ms)
				EditorAssembliesLoaded (1ms)
			ExecutionOrderSort2 (0ms)
			AwakeInstancesAfterBackupRestoration (0ms)
Platform modules already initialized, skipping
Registering precompiled user dll's ...
Registered in 0.012234 seconds.
Begin MonoManager ReloadAssembly
Native extension for WindowsStandalone target not found
Refreshing native plugins compatible for Editor in 128.94 ms, found 3 plugins.
Preloading 0 native plugins for Editor in 0.00 ms.
Mono: successfully reloaded assembly
- Completed reload, in  2.503 seconds
Domain Reload Profiling:
	ReloadAssembly (2504ms)
		BeginReloadAssembly (136ms)
			ExecutionOrderSort (0ms)
			DisableScriptedObjects (7ms)
			BackupInstance (0ms)
			ReleaseScriptingObjects (0ms)
			CreateAndSetChildDomain (21ms)
		EndReloadAssembly (2228ms)
			LoadAssemblies (114ms)
			RebuildTransferFunctionScriptingTraits (0ms)
			SetupTypeCache (296ms)
			ReleaseScriptCaches (1ms)
			RebuildScriptCaches (145ms)
			SetupLoadedEditorAssemblies (1574ms)
				LogAssemblyErrors (0ms)
				InitializePlatformSupportModulesInManaged (7ms)
				SetLoadedEditorAssemblies (0ms)
				RefreshPlugins (129ms)
				BeforeProcessingInitializeOnLoad (231ms)
				ProcessInitializeOnLoadAttributes (1039ms)
				ProcessInitializeOnLoadMethodAttributes (155ms)
				AfterProcessingInitializeOnLoad (11ms)
				EditorAssembliesLoaded (0ms)
			ExecutionOrderSort2 (0ms)
			AwakeInstancesAfterBackupRestoration (16ms)
Platform modules already initialized, skipping
========================================================================
Worker process is ready to serve import requests
Launched and connected shader compiler UnityShaderCompiler.exe after 0.39 seconds
Refreshing native plugins compatible for Editor in 2.25 ms, found 3 plugins.
Preloading 0 native plugins for Editor in 0.00 ms.
Unloading 4169 Unused Serialized files (Serialized files now loaded: 0)
Unloading 50 unused Assets / (0.8 MB). Loaded Objects now: 4627.
Memory consumption went from 184.7 MB to 183.9 MB.
Total: 7.484600 ms (FindLiveObjects: 1.038500 ms CreateObjectMapping: 0.518800 ms MarkObjects: 5.060300 ms  DeleteObjects: 0.865300 ms)

AssetImportParameters requested are different than current active one (requested -> active):
  custom:video-decoder-ogg-theora: a1e56fd34408186e4bbccfd4996cb3dc -> 
  custom:container-muxer-webm: aa71ff27fc2769a1b78a27578f13a17b -> 
  custom:container-demuxer-webm: 4f35f7cbe854078d1ac9338744f61a02 -> 
  custom:video-encoder-webm-vp8: eb34c28f22e8b96e1ab97ce403110664 -> 
  custom:video-codec-MediaFoundation-h265: 746d11721c4dcdbdad8f713fa42b33f4 -> 
  custom:audio-encoder-webm-vorbis: bf7c407c2cedff20999df2af8eb42d56 -> 
  custom:framework-win-MediaFoundation: 216162199b28c13a410421893ffa2e32 -> 
  custom:container-demuxer-ogg: 62fdf1f143b41e24485cea50d1cbac27 -> 
  custom:video-decoder-webm-vp8: 9c59270c3fd7afecdb556c50c9e8de78 -> 
  custom:audio-decoder-ogg-vorbis: bf7c407c2cedff20999df2af8eb42d56 -> 
========================================================================
Received Import Request.
  Time since last request: 9890.102478 seconds.
  path: Assets/Rooms/ProjDev_ILR.fbx
  artifactKey: Guid(10bbebfc787ad4a4f8267f43c2e001a1) Importer(815301076,1909f56bfc062723c751e8b465ee728b)
Start importing Assets/Rooms/ProjDev_ILR.fbx using Guid(10bbebfc787ad4a4f8267f43c2e001a1) Importer(815301076,1909f56bfc062723c751e8b465ee728b)  -> (artifact id: 'caa085bf67bff4977ba3847f6fb177b1') in 1.395198 seconds 
========================================================================
Received Import Request.
  Time since last request: 71.220126 seconds.
  path: Assets/Scenes/WR's/WR1.unity
  artifactKey: Guid(a25796dc5f4d0104dacc7fead5eca29a) Importer(815301076,1909f56bfc062723c751e8b465ee728b)
Start importing Assets/Scenes/WR's/WR1.unity using Guid(a25796dc5f4d0104dacc7fead5eca29a) Importer(815301076,1909f56bfc062723c751e8b465ee728b)  -> (artifact id: 'a118f1deb04a4100bdfa7596796d8b61') in 0.010207 seconds 
========================================================================
Received Import Request.
  Time since last request: 24.710057 seconds.
  path: Assets/Scenes/CopyPaste.unity
  artifactKey: Guid(0b660e4364ad4f14891cb00fd413bd8f) Importer(815301076,1909f56bfc062723c751e8b465ee728b)
Start importing Assets/Scenes/CopyPaste.unity using Guid(0b660e4364ad4f14891cb00fd413bd8f) Importer(815301076,1909f56bfc062723c751e8b465ee728b)  -> (artifact id: 'ad595ff1e213e7d388bb4d4b9fe654ca') in 0.002846 seconds 
========================================================================
Received Import Request.
  Time since last request: 429.394940 seconds.
  path: Assets/Scenes/WR's/WR3.unity
  artifactKey: Guid(6adfbdc0121599e47b8e2962730dadec) Importer(815301076,1909f56bfc062723c751e8b465ee728b)
Start importing Assets/Scenes/WR's/WR3.unity using Guid(6adfbdc0121599e47b8e2962730dadec) Importer(815301076,1909f56bfc062723c751e8b465ee728b)  -> (artifact id: 'ae41f47187b7dd69cb484b43c6c9b629') in 0.015928 seconds 
========================================================================
Received Import Request.
  Time since last request: 6.813136 seconds.
  path: Assets/Scenes/WR's/WR2.unity
  artifactKey: Guid(94a492ed19f459144b760624d329cfdb) Importer(815301076,1909f56bfc062723c751e8b465ee728b)
Start importing Assets/Scenes/WR's/WR2.unity using Guid(94a492ed19f459144b760624d329cfdb) Importer(815301076,1909f56bfc062723c751e8b465ee728b)  -> (artifact id: 'b9f0278954da69030c4715b6e442ffd9') in 0.021320 seconds 
========================================================================
Received Import Request.
  Time since last request: 13.462295 seconds.
  path: Assets/Scenes/CopyPaste.unity
  artifactKey: Guid(0b660e4364ad4f14891cb00fd413bd8f) Importer(815301076,1909f56bfc062723c751e8b465ee728b)
Start importing Assets/Scenes/CopyPaste.unity using Guid(0b660e4364ad4f14891cb00fd413bd8f) Importer(815301076,1909f56bfc062723c751e8b465ee728b)  -> (artifact id: 'ee18cfe47926bc6164551667c7e169a0') in 0.003659 seconds 
========================================================================
Received Import Request.
  Time since last request: 242.404875 seconds.
  path: Assets/Scenes/CopyPaste.unity
  artifactKey: Guid(0b660e4364ad4f14891cb00fd413bd8f) Importer(815301076,1909f56bfc062723c751e8b465ee728b)
Start importing Assets/Scenes/CopyPaste.unity using Guid(0b660e4364ad4f14891cb00fd413bd8f) Importer(815301076,1909f56bfc062723c751e8b465ee728b)  -> (artifact id: '69218d0a47bb1fdd139c9161de24839b') in 0.002860 seconds 
========================================================================
Received Import Request.
  Time since last request: 491.280146 seconds.
  path: Assets/Rooms/Finalized Rooms/Materials/Bench.mat
  artifactKey: Guid(9a4d87c8cadd95e4ca02ef7e0d081146) Importer(815301076,1909f56bfc062723c751e8b465ee728b)
Start importing Assets/Rooms/Finalized Rooms/Materials/Bench.mat using Guid(9a4d87c8cadd95e4ca02ef7e0d081146) Importer(815301076,1909f56bfc062723c751e8b465ee728b)  -> (artifact id: '21263f4dbcf6258f921ca64656a86683') in 0.316111 seconds 
========================================================================
Received Import Request.
  Time since last request: 0.000033 seconds.
  path: Assets/Rooms/Finalized Rooms/Materials/Key.mat
  artifactKey: Guid(56e3e2907d5dab94d852aa3a8f7380cd) Importer(815301076,1909f56bfc062723c751e8b465ee728b)
Start importing Assets/Rooms/Finalized Rooms/Materials/Key.mat using Guid(56e3e2907d5dab94d852aa3a8f7380cd) Importer(815301076,1909f56bfc062723c751e8b465ee728b)  -> (artifact id: 'f529fcb1efacffe9f97558452f183ea5') in 0.071930 seconds 
========================================================================
Received Import Request.
  Time since last request: 2.575082 seconds.
  path: Assets/Rooms/Finalized Rooms/Textures
  artifactKey: Guid(eb40ab0c581259c4a860958bc48c9a9a) Importer(815301076,1909f56bfc062723c751e8b465ee728b)
Start importing Assets/Rooms/Finalized Rooms/Textures using Guid(eb40ab0c581259c4a860958bc48c9a9a) Importer(815301076,1909f56bfc062723c751e8b465ee728b)  -> (artifact id: 'a5db6016a7068b1a372af3a830869d91') in 0.007787 seconds 
========================================================================
Received Import Request.
  Time since last request: 2.583951 seconds.
  path: Assets/Rooms/Finalized Rooms/WR_Models
  artifactKey: Guid(039e800a7a745d844b1448cf5af32f17) Importer(815301076,1909f56bfc062723c751e8b465ee728b)
Start importing Assets/Rooms/Finalized Rooms/WR_Models using Guid(039e800a7a745d844b1448cf5af32f17) Importer(815301076,1909f56bfc062723c751e8b465ee728b)  -> (artifact id: 'd935b474ed9fcc82011769c68c074368') in 0.013422 seconds 
========================================================================
Received Import Request.
  Time since last request: 103.833778 seconds.
  path: Assets/Rooms/Finalized Rooms/Textures/HRWalls_Combined_Maps.png
  artifactKey: Guid(4e0e4ed6c0be2f943af0ed063acf8a6a) Importer(815301076,1909f56bfc062723c751e8b465ee728b)
Start importing Assets/Rooms/Finalized Rooms/Textures/HRWalls_Combined_Maps.png using Guid(4e0e4ed6c0be2f943af0ed063acf8a6a) Importer(815301076,1909f56bfc062723c751e8b465ee728b)  -> (artifact id: '48b467b0d3b72b96bd3924819920f454') in 0.178020 seconds 
========================================================================
Received Import Request.
  Time since last request: 18.325276 seconds.
  path: Assets/Rooms/Finalized Rooms/Textures/WR_Desk_Combined_Maps.png
  artifactKey: Guid(c88f5eed3c31d4041b81341cbff8efb8) Importer(815301076,1909f56bfc062723c751e8b465ee728b)
Start importing Assets/Rooms/Finalized Rooms/Textures/WR_Desk_Combined_Maps.png using Guid(c88f5eed3c31d4041b81341cbff8efb8) Importer(815301076,1909f56bfc062723c751e8b465ee728b)  -> (artifact id: '8d09f3dd4ad84715f74fa6cd335e8a4a') in 0.022436 seconds 
========================================================================
Received Import Request.
  Time since last request: 4.845205 seconds.
  path: Assets/Rooms/Finalized Rooms/Textures/New Material 2.mat
  artifactKey: Guid(98ef387941adb4142aba4ff321010843) Importer(815301076,1909f56bfc062723c751e8b465ee728b)
Start importing Assets/Rooms/Finalized Rooms/Textures/New Material 2.mat using Guid(98ef387941adb4142aba4ff321010843) Importer(815301076,1909f56bfc062723c751e8b465ee728b)  -> (artifact id: '424da04fdb7336d7d853ec710737087b') in 0.022472 seconds 
========================================================================
Received Import Request.
  Time since last request: 7.225948 seconds.
  path: Assets/Rooms/Finalized Rooms/Textures/Front_Desk_Mat.mat
  artifactKey: Guid(98ef387941adb4142aba4ff321010843) Importer(815301076,1909f56bfc062723c751e8b465ee728b)
Start importing Assets/Rooms/Finalized Rooms/Textures/Front_Desk_Mat.mat using Guid(98ef387941adb4142aba4ff321010843) Importer(815301076,1909f56bfc062723c751e8b465ee728b)  -> (artifact id: '6cfa5846c87b97e7490c2508da4d1190') in 0.017117 seconds 
========================================================================
Received Import Request.
  Time since last request: 40.904946 seconds.
  path: Assets/Rooms/Finalized Rooms/Textures/WR_Walls_Floor_Double_Doors
  artifactKey: Guid(b0786bc40ed3bf94a9c8ea2649a5eea5) Importer(815301076,1909f56bfc062723c751e8b465ee728b)
Start importing Assets/Rooms/Finalized Rooms/Textures/WR_Walls_Floor_Double_Doors using Guid(b0786bc40ed3bf94a9c8ea2649a5eea5) Importer(815301076,1909f56bfc062723c751e8b465ee728b)  -> (artifact id: '345d5f3ffdeb8fcbb0766f4b9c45e57a') in 0.010525 seconds 
========================================================================
Received Import Request.
  Time since last request: 14.397972 seconds.
  path: Assets/Rooms/Finalized Rooms/Textures/Front Desk
  artifactKey: Guid(51ea129d5e5af09438a27b2b031f02e1) Importer(815301076,1909f56bfc062723c751e8b465ee728b)
Start importing Assets/Rooms/Finalized Rooms/Textures/Front Desk using Guid(51ea129d5e5af09438a27b2b031f02e1) Importer(815301076,1909f56bfc062723c751e8b465ee728b)  -> (artifact id: '200c1ece4a794961b6fdb8ee200a83ca') in 0.022856 seconds 
========================================================================
Received Import Request.
  Time since last request: 1.909366 seconds.
  path: Assets/Rooms/Finalized Rooms/Textures/NightStand
  artifactKey: Guid(ddf0a384228875d43b0c9699581aaf8a) Importer(815301076,1909f56bfc062723c751e8b465ee728b)
Start importing Assets/Rooms/Finalized Rooms/Textures/NightStand using Guid(ddf0a384228875d43b0c9699581aaf8a) Importer(815301076,1909f56bfc062723c751e8b465ee728b)  -> (artifact id: '0e54591df58e7618c08eec31746ff664') in 0.008599 seconds 
========================================================================
Received Import Request.
  Time since last request: 13.650711 seconds.
  path: Assets/Rooms/Finalized Rooms/Materials/Front Desk
  artifactKey: Guid(86f1b1741b9c42c4e8ff7a235e98991b) Importer(815301076,1909f56bfc062723c751e8b465ee728b)
Start importing Assets/Rooms/Finalized Rooms/Materials/Front Desk using Guid(86f1b1741b9c42c4e8ff7a235e98991b) Importer(815301076,1909f56bfc062723c751e8b465ee728b)  -> (artifact id: '41f9bfd98a1f4c46c8789028086c513a') in 0.003195 seconds 
