Using pre-set license
Built from '2021.3/staging' branch; Version is '2021.3.9f1 (ad3870b89536) revision 11352176'; Using compiler version '192829333'; Build Type 'Release'
OS: 'Windows 11  (10.0.22621) 64bit Core' Language: 'en' Physical Memory: 8078 MB
BatchMode: 1, IsHumanControllingUs: 0, StartBugReporterOnCrash: 0, Is64bit: 1, IsPro: 1

COMMAND LINE ARGUMENTS:
C:\Program Files\Unity\Hub\Editor\2021.3.9f1\Editor\Unity.exe
-adb2
-batchMode
-noUpm
-name
AssetImportWorker7
-projectPath
C:/Users/wbwar/Documents/GitHub/Project-Dev_Team-2/Remember-to-Forget
-logFile
Logs/AssetImportWorker7.log
-srvPort
51603
Successfully changed project path to: C:/Users/wbwar/Documents/GitHub/Project-Dev_Team-2/Remember-to-Forget
C:/Users/wbwar/Documents/GitHub/Project-Dev_Team-2/Remember-to-Forget
[UnityMemory] Configuration Parameters - Can be set up in boot.config
    "memorysetup-bucket-allocator-granularity=16"
    "memorysetup-bucket-allocator-bucket-count=8"
    "memorysetup-bucket-allocator-block-size=33554432"
    "memorysetup-bucket-allocator-block-count=8"
    "memorysetup-main-allocator-block-size=16777216"
    "memorysetup-thread-allocator-block-size=16777216"
    "memorysetup-gfx-main-allocator-block-size=16777216"
    "memorysetup-gfx-thread-allocator-block-size=16777216"
    "memorysetup-cache-allocator-block-size=4194304"
    "memorysetup-typetree-allocator-block-size=2097152"
    "memorysetup-profiler-bucket-allocator-granularity=16"
    "memorysetup-profiler-bucket-allocator-bucket-count=8"
    "memorysetup-profiler-bucket-allocator-block-size=33554432"
    "memorysetup-profiler-bucket-allocator-block-count=8"
    "memorysetup-profiler-allocator-block-size=16777216"
    "memorysetup-profiler-editor-allocator-block-size=1048576"
    "memorysetup-temp-allocator-size-main=16777216"
    "memorysetup-job-temp-allocator-block-size=2097152"
    "memorysetup-job-temp-allocator-block-size-background=1048576"
    "memorysetup-job-temp-allocator-reduction-small-platforms=262144"
    "memorysetup-temp-allocator-size-background-worker=32768"
    "memorysetup-temp-allocator-size-job-worker=262144"
    "memorysetup-temp-allocator-size-preload-manager=33554432"
    "memorysetup-temp-allocator-size-nav-mesh-worker=65536"
    "memorysetup-temp-allocator-size-audio-worker=65536"
    "memorysetup-temp-allocator-size-cloud-worker=32768"
    "memorysetup-temp-allocator-size-gi-baking-worker=262144"
    "memorysetup-temp-allocator-size-gfx=262144"
Refreshing native plugins compatible for Editor in 76.73 ms, found 3 plugins.
Preloading 0 native plugins for Editor in 0.00 ms.
Initialize engine version: 2021.3.9f1 (ad3870b89536)
[Subsystems] Discovering subsystems at path C:/Program Files/Unity/Hub/Editor/2021.3.9f1/Editor/Data/Resources/UnitySubsystems
[Subsystems] Discovering subsystems at path C:/Users/wbwar/Documents/GitHub/Project-Dev_Team-2/Remember-to-Forget/Assets
GfxDevice: creating device client; threaded=0; jobified=0
Direct3D:
    Version:  Direct3D 11.0 [level 11.1]
    Renderer: NVIDIA GeForce GTX 1050 (ID=0x1c81)
    Vendor:   NVIDIA
    VRAM:     1976 MB
    Driver:   31.0.15.3161
Initialize mono
Mono path[0] = 'C:/Program Files/Unity/Hub/Editor/2021.3.9f1/Editor/Data/Managed'
Mono path[1] = 'C:/Program Files/Unity/Hub/Editor/2021.3.9f1/Editor/Data/MonoBleedingEdge/lib/mono/unityjit-win32'
Mono config path = 'C:/Program Files/Unity/Hub/Editor/2021.3.9f1/Editor/Data/MonoBleedingEdge/etc'
Using monoOptions --debugger-agent=transport=dt_socket,embedding=1,server=y,suspend=n,address=127.0.0.1:56068
Begin MonoManager ReloadAssembly
Registering precompiled unity dll's ...
Register platform support module: C:/Program Files/Unity/Hub/Editor/2021.3.9f1/Editor/Data/PlaybackEngines/WindowsStandaloneSupport/UnityEditor.WindowsStandalone.Extensions.dll
Registered in 0.007044 seconds.
Native extension for WindowsStandalone target not found
Refreshing native plugins compatible for Editor in 72.49 ms, found 3 plugins.
Preloading 0 native plugins for Editor in 0.00 ms.
Mono: successfully reloaded assembly
- Completed reload, in  0.788 seconds
Domain Reload Profiling:
	ReloadAssembly (789ms)
		BeginReloadAssembly (109ms)
			ExecutionOrderSort (0ms)
			DisableScriptedObjects (0ms)
			BackupInstance (0ms)
			ReleaseScriptingObjects (0ms)
			CreateAndSetChildDomain (1ms)
		EndReloadAssembly (543ms)
			LoadAssemblies (106ms)
			RebuildTransferFunctionScriptingTraits (0ms)
			SetupTypeCache (133ms)
			ReleaseScriptCaches (0ms)
			RebuildScriptCaches (35ms)
			SetupLoadedEditorAssemblies (314ms)
				LogAssemblyErrors (0ms)
				InitializePlatformSupportModulesInManaged (9ms)
				SetLoadedEditorAssemblies (0ms)
				RefreshPlugins (73ms)
				BeforeProcessingInitializeOnLoad (2ms)
				ProcessInitializeOnLoadAttributes (166ms)
				ProcessInitializeOnLoadMethodAttributes (64ms)
				AfterProcessingInitializeOnLoad (0ms)
				EditorAssembliesLoaded (0ms)
			ExecutionOrderSort2 (0ms)
			AwakeInstancesAfterBackupRestoration (0ms)
Platform modules already initialized, skipping
Registering precompiled user dll's ...
Registered in 0.008792 seconds.
Begin MonoManager ReloadAssembly
Native extension for WindowsStandalone target not found
Refreshing native plugins compatible for Editor in 71.45 ms, found 3 plugins.
Preloading 0 native plugins for Editor in 0.00 ms.
Mono: successfully reloaded assembly
- Completed reload, in  5.211 seconds
Domain Reload Profiling:
	ReloadAssembly (5212ms)
		BeginReloadAssembly (318ms)
			ExecutionOrderSort (0ms)
			DisableScriptedObjects (16ms)
			BackupInstance (0ms)
			ReleaseScriptingObjects (0ms)
			CreateAndSetChildDomain (40ms)
		EndReloadAssembly (4537ms)
			LoadAssemblies (2412ms)
			RebuildTransferFunctionScriptingTraits (0ms)
			SetupTypeCache (333ms)
			ReleaseScriptCaches (1ms)
			RebuildScriptCaches (77ms)
			SetupLoadedEditorAssemblies (1784ms)
				LogAssemblyErrors (0ms)
				InitializePlatformSupportModulesInManaged (5ms)
				SetLoadedEditorAssemblies (0ms)
				RefreshPlugins (72ms)
				BeforeProcessingInitializeOnLoad (102ms)
				ProcessInitializeOnLoadAttributes (1193ms)
				ProcessInitializeOnLoadMethodAttributes (399ms)
				AfterProcessingInitializeOnLoad (12ms)
				EditorAssembliesLoaded (0ms)
			ExecutionOrderSort2 (0ms)
			AwakeInstancesAfterBackupRestoration (11ms)
Platform modules already initialized, skipping
========================================================================
Worker process is ready to serve import requests
Launched and connected shader compiler UnityShaderCompiler.exe after 0.29 seconds
Refreshing native plugins compatible for Editor in 4.41 ms, found 3 plugins.
Preloading 0 native plugins for Editor in 0.00 ms.
Unloading 4165 Unused Serialized files (Serialized files now loaded: 0)
Unloading 50 unused Assets / (0.8 MB). Loaded Objects now: 4623.
Memory consumption went from 184.2 MB to 183.4 MB.
Total: 6.282000 ms (FindLiveObjects: 0.529100 ms CreateObjectMapping: 0.387400 ms MarkObjects: 4.901400 ms  DeleteObjects: 0.462500 ms)

AssetImportParameters requested are different than current active one (requested -> active):
  custom:video-decoder-ogg-theora: a1e56fd34408186e4bbccfd4996cb3dc -> 
  custom:container-muxer-webm: aa71ff27fc2769a1b78a27578f13a17b -> 
  custom:container-demuxer-webm: 4f35f7cbe854078d1ac9338744f61a02 -> 
  custom:video-encoder-webm-vp8: eb34c28f22e8b96e1ab97ce403110664 -> 
  custom:video-codec-MediaFoundation-h265: 746d11721c4dcdbdad8f713fa42b33f4 -> 
  custom:audio-encoder-webm-vorbis: bf7c407c2cedff20999df2af8eb42d56 -> 
  custom:framework-win-MediaFoundation: 216162199b28c13a410421893ffa2e32 -> 
  custom:container-demuxer-ogg: 62fdf1f143b41e24485cea50d1cbac27 -> 
  custom:video-decoder-webm-vp8: 9c59270c3fd7afecdb556c50c9e8de78 -> 
  custom:audio-decoder-ogg-vorbis: bf7c407c2cedff20999df2af8eb42d56 -> 
========================================================================
Received Import Request.
  Time since last request: 28410.850342 seconds.
  path: Assets/Rooms/WR2_Whitebox.fbx
  artifactKey: Guid(9373f1de34abe14488c697c3de6e4b27) Importer(815301076,1909f56bfc062723c751e8b465ee728b)
Start importing Assets/Rooms/WR2_Whitebox.fbx using Guid(9373f1de34abe14488c697c3de6e4b27) Importer(815301076,1909f56bfc062723c751e8b465ee728b)  -> (artifact id: 'b1eedc655377cd00b15c3c8813063875') in 2.735722 seconds 
========================================================================
Received Import Request.
  Time since last request: 0.000058 seconds.
  path: Assets/Rooms/WR1_Whitebox.fbx
  artifactKey: Guid(e0783fad961de7849bba4c7f8224cc00) Importer(815301076,1909f56bfc062723c751e8b465ee728b)
Start importing Assets/Rooms/WR1_Whitebox.fbx using Guid(e0783fad961de7849bba4c7f8224cc00) Importer(815301076,1909f56bfc062723c751e8b465ee728b)  -> (artifact id: '146eb7cd1288efab58035b11e9f5eb24') in 0.977990 seconds 
========================================================================
Received Import Request.
  Time since last request: 0.000085 seconds.
  path: Assets/Rooms/HR0_Tutorial_Whitebox.fbx
  artifactKey: Guid(15f337e5e056af64891c1e2f42edc465) Importer(815301076,1909f56bfc062723c751e8b465ee728b)
Start importing Assets/Rooms/HR0_Tutorial_Whitebox.fbx using Guid(15f337e5e056af64891c1e2f42edc465) Importer(815301076,1909f56bfc062723c751e8b465ee728b)  -> (artifact id: '6640c75956e81ea8a86a7e2ad6374b8b') in 1.145106 seconds 
========================================================================
Received Import Request.
  Time since last request: 0.000038 seconds.
  path: Assets/Textures/TextMesh Pro/Shaders/TMPro.cginc
  artifactKey: Guid(407bc68d299748449bbf7f48ee690f8d) Importer(815301076,1909f56bfc062723c751e8b465ee728b)
Start importing Assets/Textures/TextMesh Pro/Shaders/TMPro.cginc using Guid(407bc68d299748449bbf7f48ee690f8d) Importer(815301076,1909f56bfc062723c751e8b465ee728b)  -> (artifact id: '7395dd04a5e9f7329f6d00895a1b3f59') in 0.091217 seconds 
========================================================================
Received Import Request.
  Time since last request: 0.000041 seconds.
  path: Assets/Textures/TextMesh Pro/Sprites
  artifactKey: Guid(d0603b6d5186471b96c778c3949c7ce2) Importer(815301076,1909f56bfc062723c751e8b465ee728b)
Start importing Assets/Textures/TextMesh Pro/Sprites using Guid(d0603b6d5186471b96c778c3949c7ce2) Importer(815301076,1909f56bfc062723c751e8b465ee728b)  -> (artifact id: '4422417d3661f4c22446971b0764e282') in 0.008299 seconds 
========================================================================
Received Import Request.
  Time since last request: 0.000046 seconds.
  path: Assets/Rooms/WhiteBoxing/HR0_Tutorial_Whitebox.fbx
  artifactKey: Guid(c64fd2e10734b3e4996a7cfa6466cb16) Importer(815301076,1909f56bfc062723c751e8b465ee728b)
Start importing Assets/Rooms/WhiteBoxing/HR0_Tutorial_Whitebox.fbx using Guid(c64fd2e10734b3e4996a7cfa6466cb16) Importer(815301076,1909f56bfc062723c751e8b465ee728b)  -> (artifact id: 'fca109d0b4e6bc9626de8d8d299ba0e1') in 0.518234 seconds 
========================================================================
Received Import Request.
  Time since last request: 0.000028 seconds.
  path: Assets/Textures/TextMesh Pro/Shaders/TMPro_Mobile.cginc
  artifactKey: Guid(c334973cef89a9840b0b0c507e0377ab) Importer(815301076,1909f56bfc062723c751e8b465ee728b)
Start importing Assets/Textures/TextMesh Pro/Shaders/TMPro_Mobile.cginc using Guid(c334973cef89a9840b0b0c507e0377ab) Importer(815301076,1909f56bfc062723c751e8b465ee728b)  -> (artifact id: '1999694fbd3e051111afe8363ffdff0a') in 0.038184 seconds 
========================================================================
Received Import Request.
  Time since last request: 0.000044 seconds.
  path: Assets/Rooms/WhiteBoxing_OperatingRoom_02.fbx
  artifactKey: Guid(b51db0233b7e09c439575c4ad8689854) Importer(815301076,1909f56bfc062723c751e8b465ee728b)
Start importing Assets/Rooms/WhiteBoxing_OperatingRoom_02.fbx using Guid(b51db0233b7e09c439575c4ad8689854) Importer(815301076,1909f56bfc062723c751e8b465ee728b)  -> (artifact id: '501f1dfbc854ef431bcb4e517d9d9e5d') in 1.250024 seconds 
========================================================================
Received Import Request.
  Time since last request: 0.000033 seconds.
  path: Assets/Rooms/WR4_BossRoom_WhiteboxV2.fbx
  artifactKey: Guid(8206fdf661146bb4aba6f0b20c553945) Importer(815301076,1909f56bfc062723c751e8b465ee728b)
Start importing Assets/Rooms/WR4_BossRoom_WhiteboxV2.fbx using Guid(8206fdf661146bb4aba6f0b20c553945) Importer(815301076,1909f56bfc062723c751e8b465ee728b)  -> (artifact id: '4e50f0715affee42a2bfef9834361db4') in 1.459406 seconds 
========================================================================
Received Import Request.
  Time since last request: 0.000052 seconds.
  path: Assets/Scenes/Game
  artifactKey: Guid(a157ef9c46d3d0342836bc32408348a7) Importer(815301076,1909f56bfc062723c751e8b465ee728b)
Start importing Assets/Scenes/Game using Guid(a157ef9c46d3d0342836bc32408348a7) Importer(815301076,1909f56bfc062723c751e8b465ee728b)  -> (artifact id: '54104e20452b86379c9c0c78021ddadc') in 0.010214 seconds 
========================================================================
Received Import Request.
  Time since last request: 0.000039 seconds.
  path: Assets/Rooms/WhiteBoxing_Nursery.fbx
  artifactKey: Guid(3bd5e436ae3952f4aa72f3e56d614cc7) Importer(815301076,1909f56bfc062723c751e8b465ee728b)
Start importing Assets/Rooms/WhiteBoxing_Nursery.fbx using Guid(3bd5e436ae3952f4aa72f3e56d614cc7) Importer(815301076,1909f56bfc062723c751e8b465ee728b)  -> (artifact id: 'b448af22694a75da5179de8fd269c9e5') in 0.502668 seconds 
========================================================================
Received Import Request.
  Time since last request: 0.000193 seconds.
  path: Assets/Rooms/HR2_Whitebox.fbx
  artifactKey: Guid(c9ec499f763af964bb6f92b18612c66b) Importer(815301076,1909f56bfc062723c751e8b465ee728b)
Start importing Assets/Rooms/HR2_Whitebox.fbx using Guid(c9ec499f763af964bb6f92b18612c66b) Importer(815301076,1909f56bfc062723c751e8b465ee728b)  -> (artifact id: 'fcf4488e2704a6e8a8448744d95e7f9e') in 0.410286 seconds 
========================================================================
Received Import Request.
  Time since last request: 0.000061 seconds.
  path: Assets/Textures/TextMesh Pro/Shaders/TMPro_Surface.cginc
  artifactKey: Guid(d930090c0cd643c7b55f19a38538c162) Importer(815301076,1909f56bfc062723c751e8b465ee728b)
Start importing Assets/Textures/TextMesh Pro/Shaders/TMPro_Surface.cginc using Guid(d930090c0cd643c7b55f19a38538c162) Importer(815301076,1909f56bfc062723c751e8b465ee728b)  -> (artifact id: '7b115a6d707a6d062181fb1f47f2d772') in 0.043756 seconds 
========================================================================
Received Import Request.
  Time since last request: 0.000034 seconds.
  path: Assets/Scenes/F1 HALLWAYS
  artifactKey: Guid(c4621df028666b842ac5d2db3d821c22) Importer(815301076,1909f56bfc062723c751e8b465ee728b)
Start importing Assets/Scenes/F1 HALLWAYS using Guid(c4621df028666b842ac5d2db3d821c22) Importer(815301076,1909f56bfc062723c751e8b465ee728b)  -> (artifact id: '39c6a65c00e8f21a08775f1251df56e2') in 0.008038 seconds 
========================================================================
Received Import Request.
  Time since last request: 0.000032 seconds.
  path: Assets/Rooms/WhiteBoxing/HR3_Whitebox.fbx
  artifactKey: Guid(d6bd694977ffee24abf6352c55934265) Importer(815301076,1909f56bfc062723c751e8b465ee728b)
Start importing Assets/Rooms/WhiteBoxing/HR3_Whitebox.fbx using Guid(d6bd694977ffee24abf6352c55934265) Importer(815301076,1909f56bfc062723c751e8b465ee728b)  -> (artifact id: 'b7d210fd166757ded80daea65c847f0a') in 0.958925 seconds 
========================================================================
Received Import Request.
  Time since last request: 0.000478 seconds.
  path: Assets/Textures/TextMesh Pro/Shaders
  artifactKey: Guid(e9f693669af91aa45ad615fc681ed29f) Importer(815301076,1909f56bfc062723c751e8b465ee728b)
Start importing Assets/Textures/TextMesh Pro/Shaders using Guid(e9f693669af91aa45ad615fc681ed29f) Importer(815301076,1909f56bfc062723c751e8b465ee728b)  -> (artifact id: '0c1ee854f4c9db2f287c0defc2b21702') in 0.010314 seconds 
========================================================================
Received Import Request.
  Time since last request: 0.000031 seconds.
  path: Assets/Textures/TextMesh Pro/Sprites/EmojiOne.png
  artifactKey: Guid(dffef66376be4fa480fb02b19edbe903) Importer(815301076,1909f56bfc062723c751e8b465ee728b)
Start importing Assets/Textures/TextMesh Pro/Sprites/EmojiOne.png using Guid(dffef66376be4fa480fb02b19edbe903) Importer(815301076,1909f56bfc062723c751e8b465ee728b)  -> (artifact id: '8552dcbbce7adaf92976836d93fded3f') in 0.478286 seconds 
========================================================================
Received Import Request.
  Time since last request: 0.000041 seconds.
  path: Assets/Rooms/WhiteBoxing/WR1_Whitebox.fbx
  artifactKey: Guid(3d1812fe4342eed4e8bd91278e0527a4) Importer(815301076,1909f56bfc062723c751e8b465ee728b)
Start importing Assets/Rooms/WhiteBoxing/WR1_Whitebox.fbx using Guid(3d1812fe4342eed4e8bd91278e0527a4) Importer(815301076,1909f56bfc062723c751e8b465ee728b)  -> (artifact id: 'c82dd19d95cf76d95a043a88ce9d5dc6') in 0.737477 seconds 
========================================================================
Received Import Request.
  Time since last request: 0.000052 seconds.
  path: Assets/Rooms/ProjDev_Basement.fbx
  artifactKey: Guid(e2c5e02fa64370b4d8021b4d0eef7feb) Importer(815301076,1909f56bfc062723c751e8b465ee728b)
Start importing Assets/Rooms/ProjDev_Basement.fbx using Guid(e2c5e02fa64370b4d8021b4d0eef7feb) Importer(815301076,1909f56bfc062723c751e8b465ee728b)  -> (artifact id: '2a83a38f32b476c388a6c156efb790d8') in 1.643975 seconds 
========================================================================
Received Import Request.
  Time since last request: 0.000047 seconds.
  path: Assets/Rooms/WhiteBoxing/WhiteBoxing_OperatingRoom_01.fbx
  artifactKey: Guid(34920ff85a21dc14c8a66f2d94fc3335) Importer(815301076,1909f56bfc062723c751e8b465ee728b)
Start importing Assets/Rooms/WhiteBoxing/WhiteBoxing_OperatingRoom_01.fbx using Guid(34920ff85a21dc14c8a66f2d94fc3335) Importer(815301076,1909f56bfc062723c751e8b465ee728b)  -> (artifact id: '5f09d8bd79dd16d67a1f984555223ae3') in 0.873377 seconds 
========================================================================
Received Import Request.
  Time since last request: 0.000040 seconds.
  path: Assets/Rooms/WhiteBoxing/ProjDev_ILR.fbx
  artifactKey: Guid(889bf71cd3733b04f81da2aa913ac251) Importer(815301076,1909f56bfc062723c751e8b465ee728b)
Start importing Assets/Rooms/WhiteBoxing/ProjDev_ILR.fbx using Guid(889bf71cd3733b04f81da2aa913ac251) Importer(815301076,1909f56bfc062723c751e8b465ee728b)  -> (artifact id: '8d1900fd618772fd857fd40538cba010') in 0.675397 seconds 
========================================================================
Received Import Request.
  Time since last request: 0.000038 seconds.
  path: Assets/Textures/TextMesh Pro/Fonts
  artifactKey: Guid(6ab70aee4d56447429c680537fbf93ed) Importer(815301076,1909f56bfc062723c751e8b465ee728b)
Start importing Assets/Textures/TextMesh Pro/Fonts using Guid(6ab70aee4d56447429c680537fbf93ed) Importer(815301076,1909f56bfc062723c751e8b465ee728b)  -> (artifact id: '8cbcf11b9c0db8e93a500315a7744f16') in 0.013560 seconds 
========================================================================
Received Import Request.
  Time since last request: 27.542988 seconds.
  path: Assets/Custom_Images/ControlButton_Click.png
  artifactKey: Guid(02471ce5d3dedcc439e08fd02aee76a0) Importer(815301076,1909f56bfc062723c751e8b465ee728b)
Start importing Assets/Custom_Images/ControlButton_Click.png using Guid(02471ce5d3dedcc439e08fd02aee76a0) Importer(815301076,1909f56bfc062723c751e8b465ee728b)  -> (artifact id: 'ed1a42f13ff3953a6cd993f23ed442ac') in 0.221467 seconds 
========================================================================
Received Import Request.
  Time since last request: 0.004133 seconds.
  path: Assets/Custom_Images/HealthOverlay.png
  artifactKey: Guid(20233ec574f466e46b52022eac29af61) Importer(815301076,1909f56bfc062723c751e8b465ee728b)
Start importing Assets/Custom_Images/HealthOverlay.png using Guid(20233ec574f466e46b52022eac29af61) Importer(815301076,1909f56bfc062723c751e8b465ee728b)  -> (artifact id: 'bcb4ed026ce1c24e5a731cdd114bec15') in 0.329729 seconds 
========================================================================
Received Import Request.
  Time since last request: 0.000052 seconds.
  path: Assets/Custom_Images/ExitButton_Click.png
  artifactKey: Guid(5e35cb7f9d358924e8d52996f6f23dfe) Importer(815301076,1909f56bfc062723c751e8b465ee728b)
Start importing Assets/Custom_Images/ExitButton_Click.png using Guid(5e35cb7f9d358924e8d52996f6f23dfe) Importer(815301076,1909f56bfc062723c751e8b465ee728b)  -> (artifact id: 'e2936e15967102843a31949ae7e6e0ab') in 0.056177 seconds 
========================================================================
Received Import Request.
  Time since last request: 0.000022 seconds.
  path: Assets/Custom_Images/Inventory_Click.png
  artifactKey: Guid(aa437f0ec29a7b945850d1c094c83815) Importer(815301076,1909f56bfc062723c751e8b465ee728b)
Start importing Assets/Custom_Images/Inventory_Click.png using Guid(aa437f0ec29a7b945850d1c094c83815) Importer(815301076,1909f56bfc062723c751e8b465ee728b)  -> (artifact id: 'f5e7884466b7142fe6e2f80d6d526f48') in 0.167159 seconds 
========================================================================
Received Import Request.
  Time since last request: 0.000027 seconds.
  path: Assets/Custom_Images/Inventory_Base.png
  artifactKey: Guid(3eaae3401ce54f249b575f94a63a62f6) Importer(815301076,1909f56bfc062723c751e8b465ee728b)
Start importing Assets/Custom_Images/Inventory_Base.png using Guid(3eaae3401ce54f249b575f94a63a62f6) Importer(815301076,1909f56bfc062723c751e8b465ee728b)  -> (artifact id: '4999c1b7b112e57d1594785a50265f20') in 0.068372 seconds 
========================================================================
Received Import Request.
  Time since last request: 0.000035 seconds.
  path: Assets/Custom_Images/ExitButton_Normal.png
  artifactKey: Guid(80d6d882eac65e142a8e63aeea6e5470) Importer(815301076,1909f56bfc062723c751e8b465ee728b)
Start importing Assets/Custom_Images/ExitButton_Normal.png using Guid(80d6d882eac65e142a8e63aeea6e5470) Importer(815301076,1909f56bfc062723c751e8b465ee728b)  -> (artifact id: '4f4779a61b9239ee0547bbe6a9326285') in 0.211134 seconds 
========================================================================
Received Import Request.
  Time since last request: 0.000081 seconds.
  path: Assets/Custom_Images/StartButton_Click.png
  artifactKey: Guid(fe3c60d078f828c4ca2ecf86c0434055) Importer(815301076,1909f56bfc062723c751e8b465ee728b)
Start importing Assets/Custom_Images/StartButton_Click.png using Guid(fe3c60d078f828c4ca2ecf86c0434055) Importer(815301076,1909f56bfc062723c751e8b465ee728b)  -> (artifact id: 'da5f3216d498cdb5ffff6660e852fc7c') in 0.455973 seconds 
========================================================================
Received Import Request.
  Time since last request: 0.000067 seconds.
  path: Assets/Custom_Images/Tutorial.png
  artifactKey: Guid(c3ad0ea0495099646bf11f6ed0a1b1ad) Importer(815301076,1909f56bfc062723c751e8b465ee728b)
Start importing Assets/Custom_Images/Tutorial.png using Guid(c3ad0ea0495099646bf11f6ed0a1b1ad) Importer(815301076,1909f56bfc062723c751e8b465ee728b)  -> (artifact id: '2b92820e9b102faef71d294bd10c94dd') in 0.558591 seconds 
========================================================================
Received Import Request.
  Time since last request: 0.000029 seconds.
  path: Assets/Custom_Images/ExitButton_Hover.png
  artifactKey: Guid(73fc1655a9c2c0f4b81bb9fbe6b50370) Importer(815301076,1909f56bfc062723c751e8b465ee728b)
Start importing Assets/Custom_Images/ExitButton_Hover.png using Guid(73fc1655a9c2c0f4b81bb9fbe6b50370) Importer(815301076,1909f56bfc062723c751e8b465ee728b)  -> (artifact id: 'a9b5e74d2567dedb974bd01a432bbc07') in 0.172945 seconds 
========================================================================
Received Import Request.
  Time since last request: 0.000038 seconds.
  path: Assets/Custom_Images/StaminaBar.png
  artifactKey: Guid(11e83ff07b4588c4e85a16a6776a5042) Importer(815301076,1909f56bfc062723c751e8b465ee728b)
Start importing Assets/Custom_Images/StaminaBar.png using Guid(11e83ff07b4588c4e85a16a6776a5042) Importer(815301076,1909f56bfc062723c751e8b465ee728b)  -> (artifact id: 'f8d49654e7a538cf6804a70d6503ed68') in 0.402960 seconds 
========================================================================
Received Import Request.
  Time since last request: 0.000031 seconds.
  path: Assets/Custom_Images/Inventory_Hover.png
  artifactKey: Guid(a4760564cc717ff41a1c886fc1bd73f2) Importer(815301076,1909f56bfc062723c751e8b465ee728b)
Start importing Assets/Custom_Images/Inventory_Hover.png using Guid(a4760564cc717ff41a1c886fc1bd73f2) Importer(815301076,1909f56bfc062723c751e8b465ee728b)  -> (artifact id: '1bf0f794160d8dba4d45d8a86d2bd7bd') in 0.239350 seconds 
========================================================================
Received Import Request.
  Time since last request: 1.111049 seconds.
  path: Assets/Custom_Mesh/Mat_Key2.mat
  artifactKey: Guid(c199f4bd0cfa0a440804115856b5648c) Importer(815301076,1909f56bfc062723c751e8b465ee728b)
Start importing Assets/Custom_Mesh/Mat_Key2.mat using Guid(c199f4bd0cfa0a440804115856b5648c) Importer(815301076,1909f56bfc062723c751e8b465ee728b)  -> (artifact id: 'bbb248d665e6c1646a13aa018c0d9b2a') in 1.729144 seconds 
========================================================================
Received Import Request.
  Time since last request: 0.000039 seconds.
  path: Assets/Custom_Mesh/New Material.mat
  artifactKey: Guid(799bc64c88232a84198351408df23109) Importer(815301076,1909f56bfc062723c751e8b465ee728b)
Start importing Assets/Custom_Mesh/New Material.mat using Guid(799bc64c88232a84198351408df23109) Importer(815301076,1909f56bfc062723c751e8b465ee728b)  -> (artifact id: 'bcb19d89321f5dc022af72a043de7ecd') in 0.023373 seconds 
Editor requested this worker to shutdown with reason: Scaling down because of idle timeout
AssetImportWorker is now disconnected from the server
Process exiting
Exiting without the bug reporter. Application will terminate with return code 0