Using pre-set license
Built from '2021.3/staging' branch; Version is '2021.3.9f1 (ad3870b89536) revision 11352176'; Using compiler version '192829333'; Build Type 'Release'
OS: 'Windows 11  (10.0.22621) 64bit Core' Language: 'en' Physical Memory: 7934 MB
BatchMode: 1, IsHumanControllingUs: 0, StartBugReporterOnCrash: 0, Is64bit: 1, IsPro: 1

COMMAND LINE ARGUMENTS:
C:\Program Files\Unity\Hub\Editor\2021.3.9f1\Editor\Unity.exe
-adb2
-batchMode
-noUpm
-name
AssetImportWorker3
-projectPath
C:/Users/garre/OneDrive/Documents/Team 2_Project Dev/Project-Dev_Team-2/Remember-to-Forget
-logFile
Logs/AssetImportWorker3.log
-srvPort
59177
Successfully changed project path to: C:/Users/garre/OneDrive/Documents/Team 2_Project Dev/Project-Dev_Team-2/Remember-to-Forget
C:/Users/garre/OneDrive/Documents/Team 2_Project Dev/Project-Dev_Team-2/Remember-to-Forget
[UnityMemory] Configuration Parameters - Can be set up in boot.config
    "memorysetup-bucket-allocator-granularity=16"
    "memorysetup-bucket-allocator-bucket-count=8"
    "memorysetup-bucket-allocator-block-size=33554432"
    "memorysetup-bucket-allocator-block-count=8"
    "memorysetup-main-allocator-block-size=16777216"
    "memorysetup-thread-allocator-block-size=16777216"
    "memorysetup-gfx-main-allocator-block-size=16777216"
    "memorysetup-gfx-thread-allocator-block-size=16777216"
    "memorysetup-cache-allocator-block-size=4194304"
    "memorysetup-typetree-allocator-block-size=2097152"
    "memorysetup-profiler-bucket-allocator-granularity=16"
    "memorysetup-profiler-bucket-allocator-bucket-count=8"
    "memorysetup-profiler-bucket-allocator-block-size=33554432"
    "memorysetup-profiler-bucket-allocator-block-count=8"
    "memorysetup-profiler-allocator-block-size=16777216"
    "memorysetup-profiler-editor-allocator-block-size=1048576"
    "memorysetup-temp-allocator-size-main=16777216"
    "memorysetup-job-temp-allocator-block-size=2097152"
    "memorysetup-job-temp-allocator-block-size-background=1048576"
    "memorysetup-job-temp-allocator-reduction-small-platforms=262144"
    "memorysetup-temp-allocator-size-background-worker=32768"
    "memorysetup-temp-allocator-size-job-worker=262144"
    "memorysetup-temp-allocator-size-preload-manager=33554432"
    "memorysetup-temp-allocator-size-nav-mesh-worker=65536"
    "memorysetup-temp-allocator-size-audio-worker=65536"
    "memorysetup-temp-allocator-size-cloud-worker=32768"
    "memorysetup-temp-allocator-size-gi-baking-worker=262144"
    "memorysetup-temp-allocator-size-gfx=262144"
Refreshing native plugins compatible for Editor in 113.49 ms, found 3 plugins.
Preloading 0 native plugins for Editor in 0.00 ms.
Initialize engine version: 2021.3.9f1 (ad3870b89536)
[Subsystems] Discovering subsystems at path C:/Program Files/Unity/Hub/Editor/2021.3.9f1/Editor/Data/Resources/UnitySubsystems
[Subsystems] Discovering subsystems at path C:/Users/garre/OneDrive/Documents/Team 2_Project Dev/Project-Dev_Team-2/Remember-to-Forget/Assets
GfxDevice: creating device client; threaded=0; jobified=0
Direct3D:
    Version:  Direct3D 11.0 [level 11.1]
    Renderer: NVIDIA GeForce RTX 3050 Laptop GPU (ID=0x25a2)
    Vendor:   NVIDIA
    VRAM:     3991 MB
    Driver:   30.0.15.1272
Initialize mono
Mono path[0] = 'C:/Program Files/Unity/Hub/Editor/2021.3.9f1/Editor/Data/Managed'
Mono path[1] = 'C:/Program Files/Unity/Hub/Editor/2021.3.9f1/Editor/Data/MonoBleedingEdge/lib/mono/unityjit-win32'
Mono config path = 'C:/Program Files/Unity/Hub/Editor/2021.3.9f1/Editor/Data/MonoBleedingEdge/etc'
Using monoOptions --debugger-agent=transport=dt_socket,embedding=1,server=y,suspend=n,address=127.0.0.1:56040
Begin MonoManager ReloadAssembly
Registering precompiled unity dll's ...
Register platform support module: C:/Program Files/Unity/Hub/Editor/2021.3.9f1/Editor/Data/PlaybackEngines/WindowsStandaloneSupport/UnityEditor.WindowsStandalone.Extensions.dll
Registered in 0.007730 seconds.
Native extension for WindowsStandalone target not found
Refreshing native plugins compatible for Editor in 73.69 ms, found 3 plugins.
Preloading 0 native plugins for Editor in 0.00 ms.
Mono: successfully reloaded assembly
- Completed reload, in  0.841 seconds
Domain Reload Profiling:
	ReloadAssembly (842ms)
		BeginReloadAssembly (109ms)
			ExecutionOrderSort (0ms)
			DisableScriptedObjects (0ms)
			BackupInstance (0ms)
			ReleaseScriptingObjects (0ms)
			CreateAndSetChildDomain (1ms)
		EndReloadAssembly (615ms)
			LoadAssemblies (106ms)
			RebuildTransferFunctionScriptingTraits (0ms)
			SetupTypeCache (165ms)
			ReleaseScriptCaches (0ms)
			RebuildScriptCaches (47ms)
			SetupLoadedEditorAssemblies (331ms)
				LogAssemblyErrors (0ms)
				InitializePlatformSupportModulesInManaged (13ms)
				SetLoadedEditorAssemblies (0ms)
				RefreshPlugins (74ms)
				BeforeProcessingInitializeOnLoad (1ms)
				ProcessInitializeOnLoadAttributes (188ms)
				ProcessInitializeOnLoadMethodAttributes (54ms)
				AfterProcessingInitializeOnLoad (0ms)
				EditorAssembliesLoaded (0ms)
			ExecutionOrderSort2 (0ms)
			AwakeInstancesAfterBackupRestoration (0ms)
Platform modules already initialized, skipping
Registering precompiled user dll's ...
Registered in 0.015653 seconds.
Begin MonoManager ReloadAssembly
Native extension for WindowsStandalone target not found
Refreshing native plugins compatible for Editor in 62.62 ms, found 3 plugins.
Preloading 0 native plugins for Editor in 0.00 ms.
Mono: successfully reloaded assembly
- Completed reload, in  1.221 seconds
Domain Reload Profiling:
	ReloadAssembly (1222ms)
		BeginReloadAssembly (121ms)
			ExecutionOrderSort (0ms)
			DisableScriptedObjects (5ms)
			BackupInstance (0ms)
			ReleaseScriptingObjects (0ms)
			CreateAndSetChildDomain (23ms)
		EndReloadAssembly (990ms)
			LoadAssemblies (105ms)
			RebuildTransferFunctionScriptingTraits (0ms)
			SetupTypeCache (235ms)
			ReleaseScriptCaches (1ms)
			RebuildScriptCaches (56ms)
			SetupLoadedEditorAssemblies (568ms)
				LogAssemblyErrors (0ms)
				InitializePlatformSupportModulesInManaged (4ms)
				SetLoadedEditorAssemblies (0ms)
				RefreshPlugins (63ms)
				BeforeProcessingInitializeOnLoad (85ms)
				ProcessInitializeOnLoadAttributes (327ms)
				ProcessInitializeOnLoadMethodAttributes (82ms)
				AfterProcessingInitializeOnLoad (8ms)
				EditorAssembliesLoaded (0ms)
			ExecutionOrderSort2 (0ms)
			AwakeInstancesAfterBackupRestoration (5ms)
Platform modules already initialized, skipping
========================================================================
Worker process is ready to serve import requests
Launched and connected shader compiler UnityShaderCompiler.exe after 0.07 seconds
Refreshing native plugins compatible for Editor in 0.88 ms, found 3 plugins.
Preloading 0 native plugins for Editor in 0.00 ms.
Unloading 4165 Unused Serialized files (Serialized files now loaded: 0)
Unloading 50 unused Assets / (0.8 MB). Loaded Objects now: 4624.
Memory consumption went from 185.4 MB to 184.6 MB.
Total: 4.523200 ms (FindLiveObjects: 0.356400 ms CreateObjectMapping: 0.118300 ms MarkObjects: 3.626700 ms  DeleteObjects: 0.419900 ms)

AssetImportParameters requested are different than current active one (requested -> active):
  custom:video-decoder-ogg-theora: a1e56fd34408186e4bbccfd4996cb3dc -> 
  custom:container-muxer-webm: aa71ff27fc2769a1b78a27578f13a17b -> 
  custom:container-demuxer-webm: 4f35f7cbe854078d1ac9338744f61a02 -> 
  custom:video-encoder-webm-vp8: eb34c28f22e8b96e1ab97ce403110664 -> 
  custom:video-codec-MediaFoundation-h265: 746d11721c4dcdbdad8f713fa42b33f4 -> 
  custom:audio-encoder-webm-vorbis: bf7c407c2cedff20999df2af8eb42d56 -> 
  custom:framework-win-MediaFoundation: 216162199b28c13a410421893ffa2e32 -> 
  custom:container-demuxer-ogg: 62fdf1f143b41e24485cea50d1cbac27 -> 
  custom:video-decoder-webm-vp8: 9c59270c3fd7afecdb556c50c9e8de78 -> 
  custom:audio-decoder-ogg-vorbis: bf7c407c2cedff20999df2af8eb42d56 -> 
========================================================================
Received Import Request.
  Time since last request: 3038967.169586 seconds.
  path: Assets/Prefabs/Patient_Sheet_With_Clipboard.fbx
  artifactKey: Guid(0308df394a0f3f347a961003f39de61c) Importer(815301076,1909f56bfc062723c751e8b465ee728b)
Start importing Assets/Prefabs/Patient_Sheet_With_Clipboard.fbx using Guid(0308df394a0f3f347a961003f39de61c) Importer(815301076,1909f56bfc062723c751e8b465ee728b)  -> (artifact id: '2ec82b57c93a06c27365f5be7a6d9e02') in 0.441769 seconds 
========================================================================
Received Import Request.
  Time since last request: 13.109316 seconds.
  path: Assets/Animations/Character_Animation_DanielReyes_EmptyDodgerRoll (1).fbx
  artifactKey: Guid(f3560bc0af5c29e4cae9e70913cc83be) Importer(815301076,1909f56bfc062723c751e8b465ee728b)
Start importing Assets/Animations/Character_Animation_DanielReyes_EmptyDodgerRoll (1).fbx using Guid(f3560bc0af5c29e4cae9e70913cc83be) Importer(815301076,1909f56bfc062723c751e8b465ee728b)  -> (artifact id: '8d613c34cbac993f27225c5b593fb1da') in 0.043044 seconds 
========================================================================
Received Import Request.
  Time since last request: 0.000074 seconds.
  path: Assets/Animations/ScissorsKid_Animations_Walk.fbx
  artifactKey: Guid(8ea2afe488406784ebde8929e37cc349) Importer(815301076,1909f56bfc062723c751e8b465ee728b)
Start importing Assets/Animations/ScissorsKid_Animations_Walk.fbx using Guid(8ea2afe488406784ebde8929e37cc349) Importer(815301076,1909f56bfc062723c751e8b465ee728b)  -> (artifact id: '814a7a8574a3503fd7ae04a11e11bc4f') in 0.062909 seconds 
========================================================================
Received Import Request.
  Time since last request: 0.000096 seconds.
  path: Assets/Animations/Character_Animation_DanielReyes_EmptyWalk (2).fbx
  artifactKey: Guid(56117730c48febc4d88a2983b7c0e768) Importer(815301076,1909f56bfc062723c751e8b465ee728b)
Start importing Assets/Animations/Character_Animation_DanielReyes_EmptyWalk (2).fbx using Guid(56117730c48febc4d88a2983b7c0e768) Importer(815301076,1909f56bfc062723c751e8b465ee728b)  -> (artifact id: '605ae9e00ac0fed15a8fd85fa86c65d9') in 0.071895 seconds 
========================================================================
Received Import Request.
  Time since last request: 0.000141 seconds.
  path: Assets/Animations/ScissorsKid_Animations_Death.fbx
  artifactKey: Guid(1f2cbc3112fee1b4a9f64f3a60761c67) Importer(815301076,1909f56bfc062723c751e8b465ee728b)
Start importing Assets/Animations/ScissorsKid_Animations_Death.fbx using Guid(1f2cbc3112fee1b4a9f64f3a60761c67) Importer(815301076,1909f56bfc062723c751e8b465ee728b)  -> (artifact id: '20a1105bf5e7d7a0b2f052fa1ecf5190') in 0.056641 seconds 
========================================================================
Received Import Request.
  Time since last request: 0.000083 seconds.
  path: Assets/Animations/ScissorsKid_Animations_Attack01.fbx
  artifactKey: Guid(2311647048bebc74e87ef6ec44e62516) Importer(815301076,1909f56bfc062723c751e8b465ee728b)
Start importing Assets/Animations/ScissorsKid_Animations_Attack01.fbx using Guid(2311647048bebc74e87ef6ec44e62516) Importer(815301076,1909f56bfc062723c751e8b465ee728b)  -> (artifact id: '8ebab6f8e4141eaeb41e9d807ea9704e') in 0.057981 seconds 
========================================================================
Received Import Request.
  Time since last request: 0.000106 seconds.
  path: Assets/Animations/Character_Animation_DanielReyes_PistolIdleToPistolAim.fbx
  artifactKey: Guid(db425b0f76c10b04e9727fde87012252) Importer(815301076,1909f56bfc062723c751e8b465ee728b)
Start importing Assets/Animations/Character_Animation_DanielReyes_PistolIdleToPistolAim.fbx using Guid(db425b0f76c10b04e9727fde87012252) Importer(815301076,1909f56bfc062723c751e8b465ee728b)  -> (artifact id: '014bc94109fd966275e88bd631460528') in 0.053294 seconds 
========================================================================
Received Import Request.
  Time since last request: 0.000074 seconds.
  path: Assets/Animations/Character_Animation_DanielReyes_PipeIdle.fbx
  artifactKey: Guid(76c99846b1cafdb4895c2dbd988e0b91) Importer(815301076,1909f56bfc062723c751e8b465ee728b)
Start importing Assets/Animations/Character_Animation_DanielReyes_PipeIdle.fbx using Guid(76c99846b1cafdb4895c2dbd988e0b91) Importer(815301076,1909f56bfc062723c751e8b465ee728b)  -> (artifact id: '6ca67936ccc442855fe0d9b344cbfc9e') in 0.054124 seconds 
========================================================================
Received Import Request.
  Time since last request: 0.000098 seconds.
  path: Assets/Animations/Character_Animation_DanielReyes_PipeAim.fbx
  artifactKey: Guid(bfc2f7aa088dd72449877821c04f57eb) Importer(815301076,1909f56bfc062723c751e8b465ee728b)
Start importing Assets/Animations/Character_Animation_DanielReyes_PipeAim.fbx using Guid(bfc2f7aa088dd72449877821c04f57eb) Importer(815301076,1909f56bfc062723c751e8b465ee728b)  -> (artifact id: '92dc7386c8a50fe440d28dbc968269a0') in 0.063521 seconds 
========================================================================
Received Import Request.
  Time since last request: 0.000082 seconds.
  path: Assets/Animations/Character_Animation_DanielReyes_PipeWalk.fbx
  artifactKey: Guid(df444fa45cc0de744a6a8e770c87e51e) Importer(815301076,1909f56bfc062723c751e8b465ee728b)
Start importing Assets/Animations/Character_Animation_DanielReyes_PipeWalk.fbx using Guid(df444fa45cc0de744a6a8e770c87e51e) Importer(815301076,1909f56bfc062723c751e8b465ee728b)  -> (artifact id: '0558bae84790b893b6e39f9ec9905742') in 0.059460 seconds 
========================================================================
Received Import Request.
  Time since last request: 0.000099 seconds.
  path: Assets/Animations/Character_Animation_DanielReyes_EmptyDodgerRoll (2).fbx
  artifactKey: Guid(586195fdf3ab5ba4ab17fcbe9515fafd) Importer(815301076,1909f56bfc062723c751e8b465ee728b)
Start importing Assets/Animations/Character_Animation_DanielReyes_EmptyDodgerRoll (2).fbx using Guid(586195fdf3ab5ba4ab17fcbe9515fafd) Importer(815301076,1909f56bfc062723c751e8b465ee728b)  -> (artifact id: '93c9a6f3e459477cd6153f594322ffa9') in 0.064643 seconds 
========================================================================
Received Import Request.
  Time since last request: 0.000065 seconds.
  path: Assets/Animations/Character_Animation_DanielReyes_PipeAttack01.fbx
  artifactKey: Guid(2da667600e090d042ad8fc64a65bb48b) Importer(815301076,1909f56bfc062723c751e8b465ee728b)
Start importing Assets/Animations/Character_Animation_DanielReyes_PipeAttack01.fbx using Guid(2da667600e090d042ad8fc64a65bb48b) Importer(815301076,1909f56bfc062723c751e8b465ee728b)  -> (artifact id: 'f80a037a262930e97a91183aaa3dab11') in 0.055943 seconds 
========================================================================
Received Import Request.
  Time since last request: 0.000086 seconds.
  path: Assets/Animations/Character_Animation_DanielReyes_PipeRun.fbx
  artifactKey: Guid(e13543820cdb54d4c907aa45da94f26d) Importer(815301076,1909f56bfc062723c751e8b465ee728b)
Start importing Assets/Animations/Character_Animation_DanielReyes_PipeRun.fbx using Guid(e13543820cdb54d4c907aa45da94f26d) Importer(815301076,1909f56bfc062723c751e8b465ee728b)  -> (artifact id: 'a166bb4783d2d42de78c002f6fc758fd') in 0.060244 seconds 
========================================================================
Received Import Request.
  Time since last request: 0.000090 seconds.
  path: Assets/Animations/Character_Animation_DanielReyes_PistolPistolAimToIdle.fbx
  artifactKey: Guid(6cf538c67053f1b4da36100d02f612fc) Importer(815301076,1909f56bfc062723c751e8b465ee728b)
Start importing Assets/Animations/Character_Animation_DanielReyes_PistolPistolAimToIdle.fbx using Guid(6cf538c67053f1b4da36100d02f612fc) Importer(815301076,1909f56bfc062723c751e8b465ee728b)  -> (artifact id: 'adcb4795b6cb2cab1d679f665c1dc7af') in 0.062886 seconds 
========================================================================
Received Import Request.
  Time since last request: 0.000049 seconds.
  path: Assets/Animations/Character_Animation_DanielReyes_EmptyRun (2).fbx
  artifactKey: Guid(ed4c451885fce164d9e5d5801e1e4640) Importer(815301076,1909f56bfc062723c751e8b465ee728b)
Start importing Assets/Animations/Character_Animation_DanielReyes_EmptyRun (2).fbx using Guid(ed4c451885fce164d9e5d5801e1e4640) Importer(815301076,1909f56bfc062723c751e8b465ee728b)  -> (artifact id: '7fca0b4a11263f495d2a0d3b740726f9') in 0.062301 seconds 
Editor requested this worker to shutdown with reason: Scaling down because of idle timeout
AssetImportWorker is now disconnected from the server
Process exiting
Exiting without the bug reporter. Application will terminate with return code 0